\BOOKMARK [0][-]{dummy.1}{\376\377\000A\000b\000s\000t\000r\000a\000c\000t}{}% 1
\BOOKMARK [0][-]{dummy.2}{\376\377\000A\000c\000k\000n\000o\000w\000l\000e\000d\000g\000e\000m\000e\000n\000t\000s}{}% 2
\BOOKMARK [0][-]{dummy.3}{\376\377\000C\000o\000n\000t\000e\000n\000t\000s}{}% 3
\BOOKMARK [0][-]{dummy.5}{\376\377\000L\000i\000s\000t\000\040\000o\000f\000\040\000F\000i\000g\000u\000r\000e\000s}{}% 4
\BOOKMARK [0][-]{dummy.7}{\376\377\000L\000i\000s\000t\000\040\000o\000f\000\040\000T\000a\000b\000l\000e\000s}{}% 5
\BOOKMARK [0][-]{dummy.9}{\376\377\000A\000b\000r\000e\000v\000i\000a\000t\000i\000o\000n\000s}{}% 6
\BOOKMARK [0][-]{dummy.10}{\376\377\000S\000y\000m\000b\000o\000l\000s}{}% 7
\BOOKMARK [0][-]{dummy.11}{\376\377\000D\000e\000f\000i\000n\000i\000t\000i\000o\000n\000s}{}% 8
\BOOKMARK [0][-]{dummy.12}{\376\377\000D\000e\000d\000i\000c\000a\000t\000i\000o\000n}{}% 9
\BOOKMARK [0][-]{dummy.13}{\376\377\000P\000r\000e\000f\000a\000c\000e}{}% 10
\BOOKMARK [0][-]{chapter.14}{\376\377\0001\000\040\000I\000n\000t\000r\000o\000d\000u\000c\000t\000i\000o\000n}{}% 11
\BOOKMARK [1][-]{section.15}{\376\377\0001\000.\0001\000\040\000F\000i\000x\000e\000d\000\040\000G\000e\000n\000o\000m\000e\000s\000\040\000a\000n\000d\000\040\000F\000l\000e\000x\000i\000b\000l\000e\000\040\000G\000e\000n\000e\000s}{chapter.14}% 12
\BOOKMARK [1][-]{section.17}{\376\377\0001\000.\0002\000\040\000N\000u\000c\000l\000e\000i\000c\000\040\000A\000c\000i\000d\000\040\000S\000e\000q\000u\000e\000n\000c\000i\000n\000g}{chapter.14}% 13
\BOOKMARK [2][-]{subsection.18}{\376\377\0001\000.\0002\000.\0001\000\040\000D\000N\000A\000\040\000S\000e\000q\000u\000e\000n\000c\000i\000n\000g\000\040\000H\000i\000s\000t\000o\000r\000y}{section.17}% 14
\BOOKMARK [2][-]{subsection.19}{\376\377\0001\000.\0002\000.\0002\000\040\000H\000i\000s\000t\000o\000r\000y\000\040\000o\000f\000\040\000H\000i\000g\000h\000-\000t\000h\000r\000o\000u\000g\000h\000p\000u\000t\000\040\000S\000e\000q\000u\000e\000n\000c\000i\000n\000g}{section.17}% 15
\BOOKMARK [2][-]{subsection.21}{\376\377\0001\000.\0002\000.\0003\000\040\000D\000e\000e\000p\000-\000s\000e\000q\000u\000e\000n\000c\000i\000n\000g\000\040\000o\000f\000\040\000R\000N\000A}{section.17}% 16
\BOOKMARK [2][-]{subsection.23}{\376\377\0001\000.\0002\000.\0004\000\040\000M\000e\000a\000s\000u\000r\000i\000n\000g\000\040\000R\000N\000A\000\040\000E\000x\000p\000r\000e\000s\000s\000i\000o\000n\000\040\000v\000i\000a\000\040\000S\000e\000q\000u\000e\000n\000c\000i\000n\000g}{section.17}% 17
\BOOKMARK [2][-]{subsection.24}{\376\377\0001\000.\0002\000.\0005\000\040\000A\000s\000s\000e\000m\000b\000l\000i\000n\000g\000\040\000T\000r\000a\000n\000s\000c\000r\000i\000p\000t\000s\000\040\000f\000r\000o\000m\000\040\000S\000h\000o\000r\000t\000\040\000R\000e\000a\000d\000s}{section.17}% 18
\BOOKMARK [1][-]{section.25}{\376\377\0001\000.\0003\000\040\000N\000u\000c\000l\000e\000i\000c\000\040\000A\000c\000i\000d\000\040\000S\000p\000l\000i\000c\000i\000n\000g}{chapter.14}% 19
\BOOKMARK [2][-]{subsection.26}{\376\377\0001\000.\0003\000.\0001\000\040\000A\000l\000t\000e\000r\000n\000a\000t\000i\000v\000e\000\040\000S\000p\000l\000i\000c\000i\000n\000g}{section.25}% 20
\BOOKMARK [2][-]{subsection.28}{\376\377\0001\000.\0003\000.\0002\000\040\000D\000e\000c\000i\000p\000h\000e\000r\000i\000n\000g\000\040\000a\000\040\000s\000p\000l\000i\000c\000i\000n\000g\000\040\000c\000o\000d\000e}{section.25}% 21
\BOOKMARK [2][-]{subsection.29}{\376\377\0001\000.\0003\000.\0003\000\040\000T\000h\000e\000\040\000I\000s\000o\000f\000o\000r\000m\000\040\000P\000r\000o\000b\000l\000e\000m}{section.25}% 22
\BOOKMARK [2][-]{subsection.31}{\376\377\0001\000.\0003\000.\0004\000\040\000C\000o\000o\000r\000d\000i\000n\000a\000t\000i\000o\000n\000\040\000i\000n\000\040\000s\000p\000l\000i\000c\000i\000n\000g}{section.25}% 23
\BOOKMARK [2][-]{subsection.33}{\376\377\0001\000.\0003\000.\0005\000\040\000M\000a\000n\000y\000\040\000i\000s\000o\000f\000o\000r\000m\000s\000\040\000p\000e\000r\000\040\000g\000e\000n\000e}{section.25}% 24
\BOOKMARK [2][-]{subsection.37}{\376\377\0001\000.\0003\000.\0006\000\040\000D\000r\000o\000s\000o\000p\000h\000i\000l\000a\000\040\000m\000e\000l\000a\000n\000o\000g\000a\000s\000t\000e\000r\000\040\000D\000s\000c\000a\000m\0001}{section.25}% 25
\BOOKMARK [1][-]{section.40}{\376\377\0001\000.\0004\000\040\000N\000u\000c\000l\000e\000i\000c\000\040\000A\000c\000i\000d\000\040\000L\000i\000g\000a\000t\000i\000o\000n}{chapter.14}% 26
\BOOKMARK [2][-]{subsection.41}{\376\377\0001\000.\0004\000.\0001\000\040\000R\000N\000A\000\040\000S\000e\000q\000u\000e\000n\000c\000e\000\040\000i\000n\000v\000e\000s\000t\000i\000g\000a\000t\000i\000o\000n\000\040\000b\000y\000\040\000l\000i\000g\000a\000t\000i\000o\000n}{section.40}% 27
\BOOKMARK [2][-]{subsection.43}{\376\377\0001\000.\0004\000.\0002\000\040\000T\0004\000\040\000R\000N\000A\000\040\000L\000i\000g\000a\000s\000e\000\040\0002\000\040\000\050\000R\000n\000l\0002\000\051}{section.40}% 28
\BOOKMARK [1][-]{section.46}{\376\377\0001\000.\0005\000\040\000N\000u\000c\000l\000e\000i\000c\000\040\000A\000c\000i\000d\000\040\000P\000o\000l\000y\000m\000e\000r\000s}{chapter.14}% 29
\BOOKMARK [2][-]{subsection.47}{\376\377\0001\000.\0005\000.\0001\000\040\000p\000i\000R\000N\000A\000s\000\040\000o\000r\000i\000g\000i\000n\000a\000l\000\040\000f\000r\000o\000m\000\040\000v\000e\000r\000y\000\040\000l\000o\000n\000g\000\040\000P\000o\000l\000I\000I\000\040\000T\000r\000a\000n\000s\000c\000r\000i\000p\000t\000s}{section.46}% 30
\BOOKMARK [3][-]{subsubsection.48}{\376\377\0001\000.\0005\000.\0001\000.\0001\000\040\000B\000r\000i\000e\000f\000\040\000h\000i\000s\000t\000o\000r\000y\000\040\000o\000f\000\040\000p\000i\000R\000N\000A\000s}{subsection.47}% 31
\BOOKMARK [3][-]{subsubsection.51}{\376\377\0001\000.\0005\000.\0001\000.\0002\000\040\000F\000l\000y\000\040\000a\000n\000d\000\040\000M\000o\000u\000s\000e\000\040\000p\000i\000R\000N\000A\000s\000\040\000h\000a\000v\000e\000\040\000i\000m\000p\000o\000r\000t\000a\000n\000t\000\040\000d\000i\000f\000f\000e\000r\000e\000n\000c\000e\000s}{subsection.47}% 32
\BOOKMARK [3][-]{subsubsection.53}{\376\377\0001\000.\0005\000.\0001\000.\0003\000\040\000K\000n\000o\000w\000n\000\040\000f\000u\000n\000c\000t\000i\000o\000n\000s\000\040\000o\000f\000\040\000m\000a\000m\000m\000a\000l\000i\000a\000n\000\040\000p\000i\000R\000N\000A\000s}{subsection.47}% 33
\BOOKMARK [3][-]{subsubsection.54}{\376\377\0001\000.\0005\000.\0001\000.\0004\000\040\000I\000n\000t\000e\000g\000r\000a\000t\000i\000o\000n\000\040\000o\000f\000\040\000m\000u\000l\000t\000i\000p\000l\000e\000\040\000H\000T\000S\000\040\000d\000a\000t\000a\000t\000y\000p\000e\000s\000\040\000o\000f\000\040\000p\000i\000R\000N\000A\000\040\000a\000n\000a\000l\000y\000s\000i\000s}{subsection.47}% 34
\BOOKMARK [2][-]{subsection.55}{\376\377\0001\000.\0005\000.\0002\000\040\000A\000s\000s\000e\000m\000b\000l\000i\000n\000g\000\040\000f\000u\000l\000l\000\040\000l\000e\000n\000g\000t\000h\000\040\000t\000r\000a\000n\000s\000c\000r\000i\000p\000t\000s\000\040\000f\000r\000o\000m\000\040\000S\000h\000o\000r\000t\000\040\000r\000e\000a\000d\000\040\000d\000a\000t\000a}{section.46}% 35
\BOOKMARK [0][-]{chapter.56}{\376\377\0002\000\040\000S\000e\000q\000Z\000i\000p\000\040\000-\000\040\000D\000e\000v\000e\000l\000o\000p\000m\000e\000n\000t\000\040\000a\000n\000d\000\040\000A\000p\000p\000l\000i\000c\000a\000t\000i\000o\000n\000s}{}% 36
\BOOKMARK [1][-]{section.57}{\376\377\0002\000.\0001\000\040\000S\000e\000q\000Z\000i\000p\000\040\000O\000v\000e\000r\000v\000i\000e\000w}{chapter.56}% 37
\BOOKMARK [1][-]{section.59}{\376\377\0002\000.\0002\000\040\000M\000u\000l\000t\000i\000p\000l\000e\000x\000\040\000G\000e\000n\000e\000\040\000S\000t\000u\000d\000y}{chapter.56}% 38
\BOOKMARK [1][-]{section.62}{\376\377\0002\000.\0003\000\040\000D\000e\000t\000e\000r\000m\000i\000n\000i\000n\000g\000\040\000R\000N\000A\000\040\000i\000n\000t\000e\000g\000r\000i\000t\000y\000\040\000u\000s\000i\000n\000g\000\040\000S\000e\000q\000Z\000i\000p}{chapter.56}% 39
\BOOKMARK [2][-]{subsection.63}{\376\377\0002\000.\0003\000.\0001\000\040\000D\000e\000m\000o\000n\000s\000t\000r\000a\000t\000i\000o\000n\000\040\000o\000f\000\040\000C\000o\000n\000c\000e\000p\000t}{section.62}% 40
\BOOKMARK [2][-]{subsection.66}{\376\377\0002\000.\0003\000.\0002\000\040\000I\000n\000v\000e\000s\000t\000i\000g\000a\000t\000i\000n\000g\000\040\000H\000I\000V\000\040\000v\000i\000r\000a\000l\000\040\000g\000e\000n\000o\000m\000e\000\040\000i\000n\000t\000e\000g\000r\000i\000t\000y\000\040\000u\000s\000i\000n\000g\000\040\000S\000e\000q\000Z\000i\000p}{section.62}% 41
\BOOKMARK [2][-]{subsection.67}{\376\377\0002\000.\0003\000.\0003\000\040\000D\000e\000s\000i\000g\000n\000\040\000o\000f\000\040\000H\000I\000V\000\040\000l\000i\000g\000a\000m\000e\000r\000s}{section.62}% 42
\BOOKMARK [1][-]{section.69}{\376\377\0002\000.\0004\000\040\000C\000o\000n\000t\000i\000n\000u\000i\000t\000y\000\040\000o\000f\000\040\000p\000i\000R\000N\000A\000\040\000p\000r\000e\000c\000u\000r\000s\000o\000r\000\040\000t\000r\000a\000n\000s\000c\000r\000i\000p\000t\000s}{chapter.56}% 43
\BOOKMARK [0][-]{chapter.77}{\376\377\0003\000\040\000S\000e\000q\000Z\000i\000p\000\040\000P\000u\000b\000l\000i\000c\000a\000t\000i\000o\000n}{}% 44
\BOOKMARK [1][-]{section.78}{\376\377\0003\000.\0001\000\040\000A\000b\000s\000t\000r\000a\000c\000t}{chapter.77}% 45
\BOOKMARK [1][-]{section.79}{\376\377\0003\000.\0002\000\040\000I\000n\000t\000r\000o\000d\000u\000c\000t\000i\000o\000n}{chapter.77}% 46
\BOOKMARK [1][-]{section.81}{\376\377\0003\000.\0003\000\040\000R\000e\000s\000u\000l\000t\000s}{chapter.77}% 47
\BOOKMARK [2][-]{subsection.82}{\376\377\0003\000.\0003\000.\0001\000\040\000S\000u\000b\000s\000e\000c\000t\000i\000o\000n\000\040\0002}{section.81}% 48
\BOOKMARK [2][-]{subsection.84}{\376\377\0003\000.\0003\000.\0002\000\040\000S\000u\000b\000s\000e\000c\000t\000i\000o\000n\000\040\0002}{section.81}% 49
\BOOKMARK [1][-]{section.86}{\376\377\0003\000.\0004\000\040\000D\000i\000s\000c\000u\000s\000s\000i\000o\000n}{chapter.77}% 50
\BOOKMARK [1][-]{section.87}{\376\377\0003\000.\0005\000\040\000M\000e\000t\000h\000o\000d\000s}{chapter.77}% 51
\BOOKMARK [1][-]{section.88}{\376\377\0003\000.\0006\000\040\000S\000u\000p\000p\000l\000e\000m\000e\000n\000t\000a\000l\000\040\000T\000e\000x\000t}{chapter.77}% 52
\BOOKMARK [0][-]{chapter.89}{\376\377\0004\000\040\000A\000n\000\040\000A\000n\000c\000i\000e\000n\000t\000\040\000T\000r\000a\000n\000s\000c\000r\000i\000p\000t\000i\000o\000n\000\040\000F\000a\000c\000t\000o\000r\000\040\000I\000n\000i\000t\000i\000a\000t\000e\000s\000\040\000t\000h\000e\000\040\000B\000u\000r\000s\000t\000\040\000o\000f\000\040\000p\000i\000R\000N\000A\000\040\000P\000r\000o\000d\000u\000c\000t\000i\000o\000n\000\040\000d\000u\000r\000i\000n\000g\000\040\000E\000a\000r\000l\000y\000\040\000M\000e\000i\000o\000s\000i\000s\000\040\000i\000n\000\040\000M\000o\000u\000s\000e\000\040\000T\000e\000s\000t\000e\000s}{}% 53
\BOOKMARK [1][-]{section.90}{\376\377\0004\000.\0001\000\040\000I\000N\000T\000R\000O\000D\000U\000C\000T\000I\000O\000N}{chapter.89}% 54
\BOOKMARK [1][-]{section.91}{\376\377\0004\000.\0002\000\040\000R\000E\000S\000U\000L\000T\000S}{chapter.89}% 55
\BOOKMARK [2][-]{subsection.92}{\376\377\0004\000.\0002\000.\0001\000\040\000D\000e\000f\000i\000n\000i\000n\000g\000\040\000p\000i\000R\000N\000A\000-\000P\000r\000o\000d\000u\000c\000i\000n\000g\000\040\000T\000r\000a\000n\000s\000c\000r\000i\000p\000t\000s\000\040\000i\000n\000\040\000t\000h\000e\000\040\000M\000o\000u\000s\000e\000\040\000T\000e\000s\000t\000i\000s}{section.91}% 56
\BOOKMARK [2][-]{subsection.95}{\376\377\0004\000.\0002\000.\0002\000\040\000p\000i\000R\000N\000A\000\040\000P\000r\000e\000c\000u\000r\000s\000o\000r\000\040\000R\000N\000A\000s\000\040\000a\000r\000e\000\040\000C\000a\000n\000o\000n\000i\000c\000a\000l\000\040\000R\000N\000A\000\040\000P\000o\000l\000\040\000I\000I\000\040\000T\000r\000a\000n\000s\000c\000r\000i\000p\000t\000s}{section.91}% 57
\BOOKMARK [2][-]{subsection.96}{\376\377\0004\000.\0002\000.\0003\000\040\000A\000\040\000T\000r\000a\000n\000s\000c\000r\000i\000p\000t\000-\000b\000a\000s\000e\000d\000\040\000S\000e\000t\000\040\000o\000f\000\040\000p\000i\000R\000N\000A\000\040\000L\000o\000c\000i}{section.91}% 58
\BOOKMARK [2][-]{subsection.97}{\376\377\0004\000.\0002\000.\0004\000\040\000T\000h\000r\000e\000e\000\040\000C\000l\000a\000s\000s\000e\000s\000\040\000o\000f\000\040\000p\000i\000R\000N\000A\000s\000\040\000D\000u\000r\000i\000n\000g\000\040\000P\000o\000s\000t\000-\000N\000a\000t\000a\000l\000\040\000S\000p\000e\000r\000m\000a\000t\000o\000g\000e\000n\000e\000s\000i\000s}{section.91}% 59
\BOOKMARK [2][-]{subsection.102}{\376\377\0004\000.\0002\000.\0005\000\040\000A\000-\000M\000y\000b\000\040\000R\000e\000g\000u\000l\000a\000t\000e\000s\000\040\000P\000a\000c\000h\000y\000t\000e\000n\000e\000\040\000p\000i\000R\000N\000A\000\040\000P\000r\000e\000c\000u\000r\000s\000o\000r\000\040\000T\000r\000a\000n\000s\000c\000r\000i\000p\000t\000i\000o\000n}{section.91}% 60
\BOOKMARK [2][-]{subsection.105}{\376\377\0004\000.\0002\000.\0006\000\040\000A\000-\000M\000y\000b\000\040\000R\000e\000g\000u\000l\000a\000t\000e\000s\000\040\000P\000a\000c\000h\000y\000t\000e\000n\000e\000\040\000p\000i\000R\000N\000A\000\040\000P\000r\000o\000d\000u\000c\000t\000i\000o\000n}{section.91}% 61
\BOOKMARK [2][-]{subsection.108}{\376\377\0004\000.\0002\000.\0007\000\040\000A\000-\000M\000y\000b\000\040\000R\000e\000g\000u\000l\000a\000t\000e\000s\000\040\000E\000x\000p\000r\000e\000s\000s\000i\000o\000n\000\040\000o\000f\000\040\000p\000i\000R\000N\000A\000\040\000B\000i\000o\000g\000e\000n\000e\000s\000i\000s\000\040\000F\000a\000c\000t\000o\000r\000s}{section.91}% 62
\BOOKMARK [2][-]{subsection.111}{\376\377\0004\000.\0002\000.\0008\000\040\000A\000-\000M\000Y\000B\000\040\000a\000n\000d\000\040\000t\000h\000e\000\040\000P\000a\000c\000h\000y\000t\000e\000n\000e\000\040\000p\000i\000R\000N\000A\000\040\000R\000e\000g\000u\000l\000a\000t\000o\000r\000y\000\040\000C\000i\000r\000c\000u\000i\000t\000r\000y}{section.91}% 63
\BOOKMARK [2][-]{subsection.114}{\376\377\0004\000.\0002\000.\0009\000\040\000F\000e\000e\000d\000-\000F\000o\000r\000w\000a\000r\000d\000\040\000R\000e\000g\000u\000l\000a\000t\000i\000o\000n\000\040\000o\000f\000\040\000p\000i\000R\000N\000A\000\040\000P\000r\000o\000d\000u\000c\000t\000i\000o\000n\000\040\000i\000s\000\040\000E\000v\000o\000l\000u\000t\000i\000o\000n\000a\000r\000i\000l\000y\000\040\000C\000o\000n\000s\000e\000r\000v\000e\000d}{section.91}% 64
\BOOKMARK [1][-]{section.117}{\376\377\0004\000.\0003\000\040\000D\000I\000S\000C\000U\000S\000S\000I\000O\000N}{chapter.89}% 65
\BOOKMARK [1][-]{section.118}{\376\377\0004\000.\0004\000\040\000E\000X\000P\000E\000R\000I\000M\000E\000N\000T\000A\000L\000\040\000P\000R\000O\000C\000E\000D\000U\000R\000E\000S}{chapter.89}% 66
\BOOKMARK [0][-]{chapter.119}{\376\377\0005\000\040\000D\000i\000s\000c\000u\000s\000s\000i\000o\000n}{}% 67
\BOOKMARK [1][-]{section.120}{\376\377\0005\000.\0001\000\040\000T\000h\000e\000\040\000F\000u\000t\000u\000r\000e\000\040\000o\000f\000\040\000D\000y\000n\000a\000m\000i\000c\000\040\000l\000o\000n\000g\000\040\000R\000N\000A\000s}{chapter.119}% 68
\BOOKMARK [2][-]{subsection.121}{\376\377\0005\000.\0001\000.\0001\000\040\000T\000h\000e\000\040\000K\000n\000o\000w\000n\000\040\000K\000n\000o\000w\000n\000s}{section.120}% 69
\BOOKMARK [3][-]{subsubsection.122}{\376\377\0005\000.\0001\000.\0001\000.\0001\000\040\000A\000l\000t\000e\000r\000n\000a\000t\000i\000v\000e\000\040\000S\000p\000l\000i\000c\000i\000n\000g\000\040\000t\000u\000r\000n\000s\000\040\000g\000e\000n\000e\000\040\000e\000x\000p\000r\000e\000s\000s\000i\000o\000n\000\040\000i\000n\000t\000o\000\040\000a\000\040\000g\000a\000m\000e\000\040\000o\000f\000\040\000c\000a\000r\000d\000s}{subsection.121}% 70
\BOOKMARK [3][-]{subsubsection.123}{\376\377\0005\000.\0001\000.\0001\000.\0002\000\040\000P\000e\000r\000v\000a\000s\000i\000v\000e\000\040\000t\000r\000a\000n\000s\000c\000r\000i\000p\000t\000i\000o\000n}{subsection.121}% 71
\BOOKMARK [3][-]{subsubsection.124}{\376\377\0005\000.\0001\000.\0001\000.\0003\000\040\000T\000i\000s\000s\000u\000e\000\040\000a\000n\000d\000\040\000c\000e\000l\000l\000\040\000s\000p\000e\000c\000i\000f\000i\000c\000i\000t\000y}{subsection.121}% 72
\BOOKMARK [3][-]{subsubsection.125}{\376\377\0005\000.\0001\000.\0001\000.\0004\000\040\000F\000u\000n\000c\000t\000i\000o\000n\000\040\000o\000f\000\040\000l\000o\000n\000g\000\040\000R\000N\000A\000s}{subsection.121}% 73
\BOOKMARK [3][-]{subsubsection.126}{\376\377\0005\000.\0001\000.\0001\000.\0005\000\040\000C\000h\000r\000o\000m\000a\000t\000i\000n\000\040\000r\000e\000g\000u\000l\000a\000t\000i\000o\000n}{subsection.121}% 74
\BOOKMARK [3][-]{subsubsection.127}{\376\377\0005\000.\0001\000.\0001\000.\0006\000\040\000P\000T\000G\000S}{subsection.121}% 75
\BOOKMARK [2][-]{subsection.128}{\376\377\0005\000.\0001\000.\0002\000\040\000T\000h\000e\000\040\000K\000n\000o\000w\000n\000\040\000U\000n\000k\000n\000o\000w\000n\000s}{section.120}% 76
\BOOKMARK [3][-]{subsubsection.129}{\376\377\0005\000.\0001\000.\0002\000.\0001\000\040\000H\000o\000w\000\040\000a\000r\000e\000\040\000t\000h\000e\000y\000\040\000i\000m\000p\000o\000r\000t\000a\000n\000t\000?}{subsection.128}% 77
\BOOKMARK [3][-]{subsubsection.130}{\376\377\0005\000.\0001\000.\0002\000.\0002\000\040\000W\000h\000a\000t\000\040\000r\000e\000g\000u\000l\000a\000t\000e\000s\000\040\000t\000h\000e\000i\000r\000\040\000t\000i\000s\000s\000u\000e\000-\000s\000p\000e\000c\000i\000f\000i\000c\000\040\000e\000x\000p\000r\000e\000s\000s\000i\000o\000n\000?}{subsection.128}% 78
\BOOKMARK [3][-]{subsubsection.131}{\376\377\0005\000.\0001\000.\0002\000.\0003\000\040\000T\000e\000c\000h\000n\000o\000l\000o\000g\000i\000c\000a\000l\000\040\000I\000m\000p\000r\000o\000v\000e\000m\000e\000n\000t\000s}{subsection.128}% 79
\BOOKMARK [2][-]{subsection.132}{\376\377\0005\000.\0001\000.\0003\000\040\000T\000h\000e\000\040\000U\000n\000k\000n\000o\000w\000n\000\040\000U\000n\000k\000n\000o\000w\000n\000s}{section.120}% 80
\BOOKMARK [1][-]{section.133}{\376\377\0005\000.\0002\000\040\000F\000u\000t\000u\000r\000e\000\040\000S\000e\000q\000Z\000i\000p\000\040\000d\000e\000v\000e\000l\000o\000p\000m\000e\000n\000t\000\040\000a\000n\000d\000\040\000u\000s\000e}{chapter.119}% 81
\BOOKMARK [2][-]{subsection.134}{\376\377\0005\000.\0002\000.\0001\000\040\000A\000s\000s\000a\000y\000\040\000M\000o\000d\000i\000f\000i\000c\000a\000t\000i\000o\000n\000s}{section.133}% 82
\BOOKMARK [3][-]{subsubsection.135}{\376\377\0005\000.\0002\000.\0001\000.\0001\000\040\000R\000n\000l\0002\000\040\000T\0002\0009\000A\000\040\000m\000u\000t\000a\000t\000i\000o\000n}{subsection.134}% 83
\BOOKMARK [3][-]{subsubsection.136}{\376\377\0005\000.\0002\000.\0001\000.\0002\000\040\000T\000h\000e\000r\000m\000o\000s\000t\000a\000b\000l\000e\000\040\000L\000i\000g\000a\000s\000e\000s}{subsection.134}% 84
\BOOKMARK [3][-]{subsubsection.137}{\376\377\0005\000.\0002\000.\0001\000.\0003\000\040\000L\000N\000A\000-\000c\000o\000n\000t\000a\000i\000n\000i\000n\000g\000\040\000L\000i\000g\000a\000m\000e\000r\000s}{subsection.134}% 85
\BOOKMARK [3][-]{subsubsection.138}{\376\377\0005\000.\0002\000.\0001\000.\0004\000\040\000R\000i\000b\000o\000s\000e\000-\000c\000o\000n\000t\000a\000i\000n\000i\000n\000g\000\040\000L\000i\000g\000a\000m\000e\000r\000s}{subsection.134}% 86
\BOOKMARK [3][-]{subsubsection.139}{\376\377\0005\000.\0002\000.\0001\000.\0005\000\040\000R\000e\000p\000u\000r\000p\000o\000s\000i\000n\000g\000\040\000t\000h\000e\000\040\000S\000O\000L\000i\000D\000\040\000P\000l\000a\000t\000f\000o\000r\000m}{subsection.134}% 87
\BOOKMARK [3][-]{subsubsection.140}{\376\377\0005\000.\0002\000.\0001\000.\0006\000\040\000O\000t\000h\000e\000r\000s}{subsection.134}% 88
\BOOKMARK [2][-]{subsection.141}{\376\377\0005\000.\0002\000.\0002\000\040\000A\000n\000\040\000i\000d\000e\000a\000l\000\040\000S\000e\000q\000Z\000i\000p\000\040\000e\000x\000p\000e\000r\000i\000m\000e\000n\000t\000\040\000t\000o\000\040\000q\000u\000e\000r\000y\000\040\000c\000o\000o\000r\000d\000i\000n\000a\000t\000e\000d\000\040\000s\000p\000l\000i\000c\000i\000n\000g}{section.133}% 89
\BOOKMARK [2][-]{subsection.142}{\376\377\0005\000.\0002\000.\0003\000\040\000S\000e\000q\000Z\000i\000p\000\040\000a\000n\000d\000\040\000s\000i\000n\000g\000l\000e\000-\000m\000o\000l\000e\000c\000u\000l\000e\000\040\000F\000I\000S\000H}{section.133}% 90
\BOOKMARK [1][-]{section.143}{\376\377\0005\000.\0003\000\040\000I\000n\000\040\000t\000h\000e\000\040\000h\000a\000y\000s\000t\000a\000c\000k\000:\000\040\000p\000i\000R\000N\000A\000\040\000p\000r\000e\000c\000u\000r\000s\000o\000r\000\040\000t\000r\000a\000n\000s\000c\000r\000i\000p\000t\000s\000\040\000s\000u\000r\000r\000o\000u\000n\000d\000e\000d\000\040\000b\000y\000\040\000R\000N\000A}{chapter.119}% 91
\BOOKMARK [2][-]{subsection.144}{\376\377\0005\000.\0003\000.\0001\000\040\000I\000n\000\040\000v\000i\000v\000o\000\040\000c\000h\000e\000m\000i\000c\000a\000l\000\040\000l\000a\000b\000e\000l\000i\000n\000g\000\040\000o\000f\000\040\000p\000r\000e\000c\000u\000r\000s\000o\000r\000\040\000p\000i\000R\000N\000A\000\040\000t\000r\000a\000n\000s\000c\000r\000i\000p\000t\000s}{section.143}% 92
\BOOKMARK [2][-]{subsection.145}{\376\377\0005\000.\0003\000.\0002\000\040\000I\000n\000\040\000v\000i\000v\000o\000\040\000i\000m\000a\000g\000i\000n\000g\000\040\000o\000f\000\040\000p\000r\000e\000c\000u\000r\000s\000o\000r\000\040\000p\000i\000R\000N\000A\000\040\000t\000r\000a\000n\000s\000c\000r\000i\000p\000t\000s}{section.143}% 93
\BOOKMARK [2][-]{subsection.146}{\376\377\0005\000.\0003\000.\0003\000\040\000W\000h\000a\000t\000\040\000a\000r\000e\000\040\000t\000h\000e\000y\000\040\000d\000o\000i\000n\000g\000?}{section.143}% 94
\BOOKMARK [2][-]{subsection.147}{\376\377\0005\000.\0003\000.\0004\000\040\000H\000o\000w\000\040\000a\000r\000e\000\040\000t\000h\000e\000y\000\040\000g\000e\000n\000e\000r\000a\000t\000e\000d\000?}{section.143}% 95
\BOOKMARK [2][-]{subsection.148}{\376\377\0005\000.\0003\000.\0005\000\040\000W\000h\000y\000\040\000s\000h\000o\000u\000l\000d\000\040\000w\000e\000\040\000c\000a\000r\000e\000?}{section.143}% 96
\BOOKMARK [1][-]{section.149}{\376\377\0005\000.\0004\000\040\000L\000i\000n\000g\000e\000r\000i\000n\000g\000\040\000Q\000u\000e\000s\000t\000i\000o\000n\000s\000\040\000f\000o\000r\000\040\000D\000s\000c\000a\000m\0001}{chapter.119}% 97
\BOOKMARK [1][-]{section.150}{\376\377\0005\000.\0005\000\040\000F\000i\000n\000a\000l\000\040\000t\000h\000o\000u\000g\000h\000t\000s}{chapter.119}% 98
\BOOKMARK [2][-]{subsection.151}{\376\377\0005\000.\0005\000.\0001\000\040\000W\000h\000y\000\040\000d\000i\000d\000\040\000I\000\040\000w\000a\000n\000t\000\040\000t\000o\000\040\000s\000t\000u\000d\000y\000\040\000A\000S\000?}{section.150}% 99
\BOOKMARK [2][-]{subsection.152}{\376\377\0005\000.\0005\000.\0002\000\040\000B\000i\000o\000l\000o\000g\000i\000s\000t\000s\000\040\000n\000e\000e\000d\000\040\000C\000o\000m\000p\000u\000t\000a\000t\000i\000o\000n\000\040\000B\000i\000o\000l\000o\000g\000i\000c\000a\000l\000\040\000S\000k\000i\000l\000l\000s}{section.150}% 100
\BOOKMARK [2][-]{subsection.153}{\376\377\0005\000.\0005\000.\0003\000\040\000S\000c\000i\000e\000n\000c\000e\000\040\000v\000e\000r\000s\000u\000s\000\040\000E\000n\000g\000i\000n\000e\000e\000r\000i\000n\000g\000:\000\040\000T\000w\000o\000\040\000t\000h\000o\000u\000g\000h\000t\000s\000\040\000i\000n\000\040\000o\000n\000e\000\040\000s\000c\000h\000o\000o\000l}{section.150}% 101
\BOOKMARK [2][-]{subsection.154}{\376\377\0005\000.\0005\000.\0004\000\040\000D\000e\000a\000l\000i\000n\000g\000\040\000w\000i\000t\000h\000\040\000t\000h\000e\000\040\000d\000a\000t\000a\000\040\000d\000e\000l\000u\000g\000e}{section.150}% 102
\BOOKMARK [0][-]{appendix.155}{\376\377\000A\000\040\000A\000p\000p\000e\000n\000d\000i\000x\000\040\000-\000\040\000M\000i\000s\000c\000\040\000I\000n\000f\000o\000r\000m\000a\000t\000i\000o\000n}{}% 103
\BOOKMARK [1][-]{section.156}{\376\377\000A\000.\0001\000\040\000B\000u\000f\000f\000e\000r\000s}{appendix.155}% 104
\BOOKMARK [1][-]{section.158}{\376\377\000A\000.\0002\000\040\000E\000q\000u\000a\000t\000i\000o\000n\000s}{appendix.155}% 105
\BOOKMARK [2][-]{subsection.159}{\376\377\000A\000.\0002\000.\0001\000\040\000D\000e\000t\000e\000r\000m\000i\000n\000i\000n\000g\000\040\000[\000R\000N\000A\000]\000\040\000f\000r\000o\000m\000\040\000^\0003\0002\000P\040\023\000U\000T\000P\000\040\000u\000s\000e\000d\000\040\000d\000u\000r\000i\000n\000g\000\040\000v\000i\000t\000r\000o\000\040\000t\000r\000a\000n\000s\000c\000r\000i\000p\000t\000i\000o\000n}{section.158}% 106
\BOOKMARK [2][-]{subsection.160}{\376\377\000A\000.\0002\000.\0002\000\040\000D\000e\000t\000e\000r\000m\000i\000n\000i\000n\000g\000\040\000[\000R\000N\000A\000]\000\040\000b\000a\000s\000e\000d\000\040\000o\000n\000\040\000A\000_\0002\0006\0000}{section.158}% 107
\BOOKMARK [2][-]{subsection.161}{\376\377\000A\000.\0002\000.\0003\000\040\000N\000o\000r\000m\000a\000l\000i\000z\000e\000\040\000o\000x\000i\000d\000i\000z\000e\000d\000\040\000s\000m\000a\000l\000l\000\040\000R\000N\000A\000\040\000l\000i\000b\000r\000a\000r\000i\000e\000s\000\040\000s\000i\000z\000e\000\040\000t\000o\000\040\000t\000i\000m\000e\000-\000m\000a\000t\000c\000h\000e\000d\000\040\000u\000n\000o\000x\000i\000d\000i\000z\000e\000d\000\040\000l\000i\000b\000r\000a\000r\000y}{section.158}% 108
\BOOKMARK [1][-]{section.162}{\376\377\000A\000.\0003\000\040\000P\000C\000R\000\040\000P\000r\000o\000g\000r\000a\000m\000s}{appendix.155}% 109
\BOOKMARK [0][-]{appendix.163}{\376\377\000B\000\040\000A\000p\000p\000e\000n\000d\000i\000x\000\040\000B\000:\000\040\000p\000i\000R\000N\000A\000\040\000p\000r\000e\000c\000u\000r\000o\000r\000s\000\040\000a\000r\000e\000\040\000s\000p\000l\000i\000c\000e\000d}{}% 110
\BOOKMARK [1][-]{section.164}{\376\377\000B\000.\0001\000\040\000E\000v\000i\000d\000e\000n\000c\000e\000\040\000f\000o\000r\000\040\000s\000p\000l\000i\000c\000e\000d\000\040\000p\000i\000R\000N\000A\000\040\000p\000r\000e\000c\000u\000s\000o\000r\000\040\000t\000r\000a\000n\000s\000c\000r\000i\000p\000t\000s}{appendix.163}% 111
\BOOKMARK [0][-]{appendix.170}{\376\377\000C\000\040\000A\000u\000t\000o\000m\000a\000t\000e\000d\000\040\000L\000i\000g\000a\000m\000e\000r\000\040\000A\000s\000s\000e\000m\000b\000l\000y}{}% 112
\BOOKMARK [1][-]{section.171}{\376\377\000C\000.\0001\000\040\000I\000n\000s\000t\000a\000l\000l\000a\000t\000i\000o\000n}{appendix.170}% 113
\BOOKMARK [1][-]{section.192}{\376\377\000C\000.\0002\000\040\000E\000x\000a\000m\000p\000l\000e\000\040\000I\000n\000p\000u\000t\000\040\000F\000o\000r\000m\000a\000t}{appendix.170}% 114
\BOOKMARK [1][-]{section.193}{\376\377\000C\000.\0003\000\040\000L\000i\000g\000a\000m\000e\000r\000\040\000A\000s\000s\000m\000e\000b\000l\000y\000\040\000S\000o\000u\000r\000c\000e\000\040\000C\000o\000d\000e}{appendix.170}% 115
\BOOKMARK [0][-]{dummy.1171}{\376\377\000B\000i\000b\000l\000i\000o\000g\000r\000a\000p\000h\000y}{}% 116
