\BOOKMARK [0][-]{dummy.1}{\376\377\000A\000b\000s\000t\000r\000a\000c\000t}{}% 1
\BOOKMARK [0][-]{dummy.2}{\376\377\000A\000c\000k\000n\000o\000w\000l\000e\000d\000g\000e\000m\000e\000n\000t\000s}{}% 2
\BOOKMARK [0][-]{dummy.3}{\376\377\000C\000o\000n\000t\000e\000n\000t\000s}{}% 3
\BOOKMARK [0][-]{dummy.5}{\376\377\000L\000i\000s\000t\000\040\000o\000f\000\040\000F\000i\000g\000u\000r\000e\000s}{}% 4
\BOOKMARK [0][-]{dummy.7}{\376\377\000L\000i\000s\000t\000\040\000o\000f\000\040\000T\000a\000b\000l\000e\000s}{}% 5
\BOOKMARK [0][-]{chapter*.9}{\376\377\000T\000o\000d\000o\000\040\000l\000i\000s\000t}{}% 6
\BOOKMARK [0][-]{dummy.10}{\376\377\000A\000b\000b\000r\000e\000v\000i\000a\000t\000i\000o\000n\000s\000\040\000a\000n\000d\000\040\000S\000y\000m\000b\000o\000l\000s}{}% 7
\BOOKMARK [0][-]{dummy.11}{\376\377\000D\000e\000f\000i\000n\000i\000t\000i\000o\000n\000s}{}% 8
\BOOKMARK [0][-]{dummy.12}{\376\377\000D\000e\000d\000i\000c\000a\000t\000i\000o\000n}{}% 9
\BOOKMARK [0][-]{dummy.13}{\376\377\000P\000r\000e\000f\000a\000c\000e}{}% 10
\BOOKMARK [0][-]{chapter.14}{\376\377\0001\000\040\000I\000n\000t\000r\000o\000d\000u\000c\000t\000i\000o\000n}{}% 11
\BOOKMARK [1][-]{section.15}{\376\377\0001\000.\0001\000\040\000F\000i\000x\000e\000d\000\040\000G\000e\000n\000o\000m\000e\000s\000\040\000a\000n\000d\000\040\000F\000l\000e\000x\000i\000b\000l\000e\000\040\000G\000e\000n\000e\000s}{chapter.14}% 12
\BOOKMARK [1][-]{section.17}{\376\377\0001\000.\0002\000\040\000N\000u\000c\000l\000e\000i\000c\000\040\000A\000c\000i\000d\000\040\000S\000e\000q\000u\000e\000n\000c\000i\000n\000g}{chapter.14}% 13
\BOOKMARK [2][-]{subsection.18}{\376\377\0001\000.\0002\000.\0001\000\040\000D\000N\000A\000\040\000S\000e\000q\000u\000e\000n\000c\000i\000n\000g\000\040\000H\000i\000s\000t\000o\000r\000y}{section.17}% 14
\BOOKMARK [2][-]{subsection.19}{\376\377\0001\000.\0002\000.\0002\000\040\000H\000i\000s\000t\000o\000r\000y\000\040\000o\000f\000\040\000H\000i\000g\000h\000-\000t\000h\000r\000o\000u\000g\000h\000p\000u\000t\000\040\000S\000e\000q\000u\000e\000n\000c\000i\000n\000g}{section.17}% 15
\BOOKMARK [2][-]{subsection.21}{\376\377\0001\000.\0002\000.\0003\000\040\000D\000e\000e\000p\000-\000s\000e\000q\000u\000e\000n\000c\000i\000n\000g\000\040\000o\000f\000\040\000R\000N\000A}{section.17}% 16
\BOOKMARK [1][-]{section.23}{\376\377\0001\000.\0003\000\040\000N\000u\000c\000l\000e\000i\000c\000\040\000A\000c\000i\000d\000\040\000S\000p\000l\000i\000c\000i\000n\000g}{chapter.14}% 17
\BOOKMARK [2][-]{subsection.24}{\376\377\0001\000.\0003\000.\0001\000\040\000A\000l\000t\000e\000r\000n\000a\000t\000i\000v\000e\000\040\000S\000p\000l\000i\000c\000i\000n\000g}{section.23}% 18
\BOOKMARK [2][-]{subsection.26}{\376\377\0001\000.\0003\000.\0002\000\040\000D\000e\000c\000i\000p\000h\000e\000r\000i\000n\000g\000\040\000a\000\040\000s\000p\000l\000i\000c\000i\000n\000g\000\040\000c\000o\000d\000e}{section.23}% 19
\BOOKMARK [2][-]{subsection.27}{\376\377\0001\000.\0003\000.\0003\000\040\000T\000h\000e\000\040\000I\000s\000o\000f\000o\000r\000m\000\040\000P\000r\000o\000b\000l\000e\000m}{section.23}% 20
\BOOKMARK [2][-]{subsection.29}{\376\377\0001\000.\0003\000.\0004\000\040\000C\000o\000o\000r\000d\000i\000n\000a\000t\000i\000o\000n\000\040\000i\000n\000\040\000s\000p\000l\000i\000c\000i\000n\000g}{section.23}% 21
\BOOKMARK [2][-]{subsection.31}{\376\377\0001\000.\0003\000.\0005\000\040\000M\000a\000n\000y\000\040\000i\000s\000o\000f\000o\000r\000m\000s\000\040\000p\000e\000r\000\040\000g\000e\000n\000e}{section.23}% 22
\BOOKMARK [2][-]{subsection.35}{\376\377\0001\000.\0003\000.\0006\000\040\000D\000r\000o\000s\000o\000p\000h\000i\000l\000a\000\040\000m\000e\000l\000a\000n\000o\000g\000a\000s\000t\000e\000r\000\040\000D\000s\000c\000a\000m\0001}{section.23}% 23
\BOOKMARK [1][-]{section.38}{\376\377\0001\000.\0004\000\040\000N\000u\000c\000l\000e\000i\000c\000\040\000A\000c\000i\000d\000\040\000L\000i\000g\000a\000t\000i\000o\000n}{chapter.14}% 24
\BOOKMARK [2][-]{subsection.39}{\376\377\0001\000.\0004\000.\0001\000\040\000R\000N\000A\000\040\000S\000e\000q\000u\000e\000n\000c\000e\000\040\000i\000n\000v\000e\000s\000t\000i\000g\000a\000t\000i\000o\000n\000\040\000b\000y\000\040\000l\000i\000g\000a\000t\000i\000o\000n}{section.38}% 25
\BOOKMARK [2][-]{subsection.41}{\376\377\0001\000.\0004\000.\0002\000\040\000T\0004\000\040\000R\000N\000A\000\040\000L\000i\000g\000a\000s\000e\000\040\0002\000\040\000\050\000R\000n\000l\0002\000\051}{section.38}% 26
\BOOKMARK [2][-]{subsection.44}{\376\377\0001\000.\0004\000.\0003\000\040\000L\000i\000g\000a\000s\000e\000s\000\040\000a\000s\000\040\000m\000o\000l\000e\000c\000u\000l\000a\000r\000\040\000t\000o\000o\000l\000s}{section.38}% 27
\BOOKMARK [1][-]{section.45}{\376\377\0001\000.\0005\000\040\000N\000u\000c\000l\000e\000i\000c\000\040\000A\000c\000i\000d\000\040\000P\000o\000l\000y\000m\000e\000r\000s}{chapter.14}% 28
\BOOKMARK [2][-]{subsection.46}{\376\377\0001\000.\0005\000.\0001\000\040\000I\000t\000\040\000s\000t\000a\000r\000t\000e\000d\000\040\000s\000m\000a\000l\000l\000:\000\040\000M\000a\000m\000m\000a\000l\000i\000a\000n\000\040\000p\000i\000R\000N\000A\000s}{section.45}% 29
\BOOKMARK [2][-]{subsection.48}{\376\377\0001\000.\0005\000.\0002\000\040\000F\000r\000o\000m\000\040\000L\000o\000n\000g\000\040\000t\000o\000\040\000s\000m\000a\000l\000l\000:\000\040\000p\000i\000R\000N\000A\000\040\000p\000r\000e\000c\000u\000r\000s\000o\000r\000\040\000t\000r\000a\000n\000s\000c\000r\000i\000p\000t\000s}{section.45}% 30
\BOOKMARK [2][-]{subsection.51}{\376\377\0001\000.\0005\000.\0003\000\040\000K\000n\000o\000w\000n\000\040\000f\000u\000n\000c\000t\000i\000o\000n\000s\000\040\000o\000f\000\040\000m\000a\000m\000m\000a\000l\000i\000a\000n\000\040\000p\000i\000R\000N\000A\000s}{section.45}% 31
\BOOKMARK [2][-]{subsection.53}{\376\377\0001\000.\0005\000.\0004\000\040\000I\000n\000t\000e\000g\000r\000a\000t\000i\000o\000n\000\040\000o\000f\000\040\000m\000u\000l\000t\000i\000p\000l\000e\000\040\000H\000T\000S\000\040\000d\000a\000t\000a\000t\000y\000p\000e\000s\000\040\000o\000f\000\040\000p\000i\000R\000N\000A\000\040\000a\000n\000a\000l\000y\000s\000i\000s}{section.45}% 32
\BOOKMARK [2][-]{subsection.55}{\376\377\0001\000.\0005\000.\0005\000\040\000F\000r\000o\000m\000\040\000s\000h\000o\000r\000t\000\040\000r\000e\000a\000d\000s\000\040\000t\000o\000\040\000f\000u\000l\000l\000-\000l\000e\000n\000g\000t\000h\000\040\000t\000r\000a\000n\000s\000c\000r\000i\000p\000t\000s}{section.45}% 33
\BOOKMARK [1][-]{section.56}{\376\377\0001\000.\0006\000\040\000A\000\040\000u\000n\000i\000q\000u\000e\000\040\000t\000i\000m\000e\000\040\000i\000n\000\040\000`\000`\000'\000O\000M\000I\000C\000S\000'\000'}{chapter.14}% 34
\BOOKMARK [0][-]{chapter.57}{\376\377\0002\000\040\000S\000i\000m\000u\000l\000t\000a\000n\000e\000o\000u\000s\000\040\000a\000n\000a\000l\000y\000s\000i\000s\000\040\000o\000f\000\040\000m\000u\000l\000t\000i\000p\000l\000e\000\040\000s\000i\000t\000e\000\040\000a\000l\000t\000e\000r\000n\000a\000t\000i\000v\000e\000\040\000s\000p\000l\000i\000c\000i\000n\000g\000\040\000v\000i\000a\000\040\000R\000N\000A\000-\000t\000e\000m\000p\000l\000a\000t\000e\000d\000\040\000D\000N\000A\000-\000t\000o\000-\000D\000N\000A\000\040\000l\000i\000g\000a\000t\000i\000o\000n}{}% 35
\BOOKMARK [1][-]{section.58}{\376\377\0002\000.\0001\000\040\000I\000n\000t\000r\000o\000d\000u\000c\000t\000i\000o\000n}{chapter.57}% 36
\BOOKMARK [1][-]{section.60}{\376\377\0002\000.\0002\000\040\000R\000e\000s\000u\000l\000t\000s}{chapter.57}% 37
\BOOKMARK [2][-]{subsection.61}{\376\377\0002\000.\0002\000.\0001\000\040\000M\000e\000t\000h\000o\000d\000\040\000d\000e\000v\000e\000l\000o\000p\000m\000e\000n\000t\000\040\000a\000n\000d\000\040\000v\000a\000l\000i\000d\000a\000t\000i\000o\000n}{section.60}% 38
\BOOKMARK [2][-]{subsection.64}{\376\377\0002\000.\0002\000.\0002\000\040\000T\000r\000a\000n\000s\000-\000t\000r\000a\000n\000s\000c\000r\000i\000p\000t\000\040\000h\000y\000b\000r\000i\000d\000i\000z\000a\000t\000i\000o\000n\000\040\000a\000n\000d\000\040\000l\000i\000g\000a\000t\000i\000o\000n\000\040\000i\000s\000\040\000m\000i\000n\000i\000m\000a\000l}{section.60}% 39
\BOOKMARK [2][-]{subsection.65}{\376\377\0002\000.\0002\000.\0003\000\040\000S\000e\000q\000Z\000i\000p\000\040\000i\000s\000\040\000c\000o\000m\000p\000a\000r\000a\000b\000l\000e\000\040\000t\000o\000\040\000R\000T\000\040\000f\000o\000r\000\040\000e\000n\000d\000o\000g\000e\000n\000o\000u\000s\000\040\000m\000R\000N\000A\000\040\000i\000s\000o\000f\000o\000r\000m\000\040\000q\000u\000a\000n\000t\000i\000t\000a\000t\000i\000o\000n}{section.60}% 40
\BOOKMARK [2][-]{subsection.68}{\376\377\0002\000.\0002\000.\0004\000\040\000S\000e\000q\000Z\000i\000p\000\040\000m\000a\000i\000n\000t\000a\000i\000n\000s\000\040\000c\000o\000n\000n\000e\000c\000t\000i\000v\000i\000t\000y\000\040\000a\000n\000d\000\040\000a\000b\000u\000n\000d\000a\000n\000c\000e\000\040\000b\000e\000t\000w\000e\000e\000n\000\040\000m\000a\000n\000y\000\040\000s\000i\000t\000e\000s\000\040\000o\000f\000\040\000A\000S}{section.60}% 41
\BOOKMARK [2][-]{subsection.69}{\376\377\0002\000.\0002\000.\0005\000\040\000D\000s\000c\000a\000m\0001\000\040\000a\000n\000a\000l\000y\000s\000i\000s\000\040\000b\000y\000\040\000h\000i\000g\000h\000-\000t\000h\000r\000o\000u\000g\000h\000p\000u\000t\000\040\000s\000e\000q\000u\000e\000n\000c\000i\000n\000g}{section.60}% 42
\BOOKMARK [2][-]{subsection.74}{\376\377\0002\000.\0002\000.\0006\000\040\000A\000n\000a\000l\000y\000s\000i\000s\000\040\000o\000f\000\040\000D\000s\000c\000a\000m\0001\000\040\000t\000r\000a\000n\000s\000c\000r\000i\000p\000t\000s}{section.60}% 43
\BOOKMARK [1][-]{section.78}{\376\377\0002\000.\0003\000\040\000D\000i\000s\000c\000u\000s\000s\000i\000o\000n}{chapter.57}% 44
\BOOKMARK [2][-]{subsection.79}{\376\377\0002\000.\0003\000.\0001\000\040\000D\000e\000c\000o\000n\000v\000o\000l\000u\000t\000i\000n\000g\000\040\000D\000s\000c\000a\000m\0001}{section.78}% 45
\BOOKMARK [2][-]{subsection.80}{\376\377\0002\000.\0003\000.\0002\000\040\000O\000t\000h\000e\000r\000\040\000a\000p\000p\000l\000i\000c\000a\000t\000i\000o\000n\000s\000\040\000o\000f\000\040\000S\000e\000q\000Z\000i\000p}{section.78}% 46
\BOOKMARK [1][-]{section.81}{\376\377\0002\000.\0004\000\040\000M\000a\000t\000e\000r\000i\000a\000l\000s\000\040\000a\000n\000d\000\040\000M\000e\000t\000h\000o\000d\000s}{chapter.57}% 47
\BOOKMARK [1][-]{section.82}{\376\377\0002\000.\0005\000\040\000E\000n\000d\000\040\000M\000a\000t\000t\000e\000r}{chapter.57}% 48
\BOOKMARK [0][-]{chapter.83}{\376\377\0003\000\040\000A\000n\000\040\000A\000n\000c\000i\000e\000n\000t\000\040\000T\000r\000a\000n\000s\000c\000r\000i\000p\000t\000i\000o\000n\000\040\000F\000a\000c\000t\000o\000r\000\040\000I\000n\000i\000t\000i\000a\000t\000e\000s\000\040\000t\000h\000e\000\040\000B\000u\000r\000s\000t\000\040\000o\000f\000\040\000p\000i\000R\000N\000A\000\040\000P\000r\000o\000d\000u\000c\000t\000i\000o\000n\000\040\000d\000u\000r\000i\000n\000g\000\040\000E\000a\000r\000l\000y\000\040\000M\000e\000i\000o\000s\000i\000s\000\040\000i\000n\000\040\000M\000o\000u\000s\000e\000\040\000T\000e\000s\000t\000e\000s}{}% 49
\BOOKMARK [1][-]{section.84}{\376\377\0003\000.\0001\000\040\000P\000r\000e\000f\000a\000c\000e}{chapter.83}% 50
\BOOKMARK [1][-]{section.85}{\376\377\0003\000.\0002\000\040\000I\000n\000t\000r\000o\000d\000u\000c\000t\000i\000o\000n}{chapter.83}% 51
\BOOKMARK [1][-]{section.86}{\376\377\0003\000.\0003\000\040\000R\000e\000s\000u\000l\000t\000s}{chapter.83}% 52
\BOOKMARK [2][-]{subsection.87}{\376\377\0003\000.\0003\000.\0001\000\040\000D\000e\000f\000i\000n\000i\000n\000g\000\040\000p\000i\000R\000N\000A\000-\000P\000r\000o\000d\000u\000c\000i\000n\000g\000\040\000T\000r\000a\000n\000s\000c\000r\000i\000p\000t\000s\000\040\000i\000n\000\040\000t\000h\000e\000\040\000M\000o\000u\000s\000e\000\040\000T\000e\000s\000t\000i\000s}{section.86}% 53
\BOOKMARK [2][-]{subsection.90}{\376\377\0003\000.\0003\000.\0002\000\040\000p\000i\000R\000N\000A\000\040\000P\000r\000e\000c\000u\000r\000s\000o\000r\000\040\000R\000N\000A\000s\000\040\000a\000r\000e\000\040\000C\000a\000n\000o\000n\000i\000c\000a\000l\000\040\000R\000N\000A\000\040\000P\000o\000l\000\040\000I\000I\000\040\000T\000r\000a\000n\000s\000c\000r\000i\000p\000t\000s}{section.86}% 54
\BOOKMARK [2][-]{subsection.91}{\376\377\0003\000.\0003\000.\0003\000\040\000A\000\040\000T\000r\000a\000n\000s\000c\000r\000i\000p\000t\000-\000b\000a\000s\000e\000d\000\040\000S\000e\000t\000\040\000o\000f\000\040\000p\000i\000R\000N\000A\000\040\000L\000o\000c\000i}{section.86}% 55
\BOOKMARK [2][-]{subsection.92}{\376\377\0003\000.\0003\000.\0004\000\040\000T\000h\000r\000e\000e\000\040\000C\000l\000a\000s\000s\000e\000s\000\040\000o\000f\000\040\000p\000i\000R\000N\000A\000s\000\040\000D\000u\000r\000i\000n\000g\000\040\000P\000o\000s\000t\000-\000N\000a\000t\000a\000l\000\040\000S\000p\000e\000r\000m\000a\000t\000o\000g\000e\000n\000e\000s\000i\000s}{section.86}% 56
\BOOKMARK [2][-]{subsection.97}{\376\377\0003\000.\0003\000.\0005\000\040\000A\000-\000M\000y\000b\000\040\000R\000e\000g\000u\000l\000a\000t\000e\000s\000\040\000P\000a\000c\000h\000y\000t\000e\000n\000e\000\040\000p\000i\000R\000N\000A\000\040\000P\000r\000e\000c\000u\000r\000s\000o\000r\000\040\000T\000r\000a\000n\000s\000c\000r\000i\000p\000t\000i\000o\000n}{section.86}% 57
\BOOKMARK [2][-]{subsection.100}{\376\377\0003\000.\0003\000.\0006\000\040\000A\000-\000M\000y\000b\000\040\000R\000e\000g\000u\000l\000a\000t\000e\000s\000\040\000P\000a\000c\000h\000y\000t\000e\000n\000e\000\040\000p\000i\000R\000N\000A\000\040\000P\000r\000o\000d\000u\000c\000t\000i\000o\000n}{section.86}% 58
\BOOKMARK [2][-]{subsection.103}{\376\377\0003\000.\0003\000.\0007\000\040\000A\000-\000M\000y\000b\000\040\000R\000e\000g\000u\000l\000a\000t\000e\000s\000\040\000E\000x\000p\000r\000e\000s\000s\000i\000o\000n\000\040\000o\000f\000\040\000p\000i\000R\000N\000A\000\040\000B\000i\000o\000g\000e\000n\000e\000s\000i\000s\000\040\000F\000a\000c\000t\000o\000r\000s}{section.86}% 59
\BOOKMARK [2][-]{subsection.106}{\376\377\0003\000.\0003\000.\0008\000\040\000A\000-\000M\000Y\000B\000\040\000a\000n\000d\000\040\000t\000h\000e\000\040\000P\000a\000c\000h\000y\000t\000e\000n\000e\000\040\000p\000i\000R\000N\000A\000\040\000R\000e\000g\000u\000l\000a\000t\000o\000r\000y\000\040\000C\000i\000r\000c\000u\000i\000t\000r\000y}{section.86}% 60
\BOOKMARK [2][-]{subsection.109}{\376\377\0003\000.\0003\000.\0009\000\040\000F\000e\000e\000d\000-\000F\000o\000r\000w\000a\000r\000d\000\040\000R\000e\000g\000u\000l\000a\000t\000i\000o\000n\000\040\000o\000f\000\040\000p\000i\000R\000N\000A\000\040\000P\000r\000o\000d\000u\000c\000t\000i\000o\000n\000\040\000i\000s\000\040\000E\000v\000o\000l\000u\000t\000i\000o\000n\000a\000r\000i\000l\000y\000\040\000C\000o\000n\000s\000e\000r\000v\000e\000d}{section.86}% 61
\BOOKMARK [1][-]{section.112}{\376\377\0003\000.\0004\000\040\000D\000i\000s\000c\000u\000s\000s\000i\000o\000n}{chapter.83}% 62
\BOOKMARK [1][-]{section.113}{\376\377\0003\000.\0005\000\040\000E\000x\000p\000e\000r\000i\000m\000e\000n\000t\000a\000l\000\040\000P\000r\000o\000c\000e\000d\000u\000r\000e\000s}{chapter.83}% 63
\BOOKMARK [0][-]{chapter.114}{\376\377\0004\000\040\000S\000e\000q\000Z\000i\000p\000\040\000-\000\040\000D\000e\000v\000e\000l\000o\000p\000m\000e\000n\000t\000\040\000a\000n\000d\000\040\000A\000p\000p\000l\000i\000c\000a\000t\000i\000o\000n\000s}{}% 64
\BOOKMARK [1][-]{section.115}{\376\377\0004\000.\0001\000\040\000O\000v\000e\000r\000v\000i\000e\000w}{chapter.114}% 65
\BOOKMARK [1][-]{section.117}{\376\377\0004\000.\0002\000\040\000M\000u\000l\000t\000i\000p\000l\000e\000x\000\040\000G\000e\000n\000e\000\040\000S\000t\000u\000d\000y}{chapter.114}% 66
\BOOKMARK [1][-]{section.121}{\376\377\0004\000.\0003\000\040\000D\000e\000t\000e\000r\000m\000i\000n\000i\000n\000g\000\040\000R\000N\000A\000\040\000i\000n\000t\000e\000g\000r\000i\000t\000y\000\040\000u\000s\000i\000n\000g\000\040\000S\000e\000q\000Z\000i\000p}{chapter.114}% 67
\BOOKMARK [2][-]{subsection.122}{\376\377\0004\000.\0003\000.\0001\000\040\000D\000e\000m\000o\000n\000s\000t\000r\000a\000t\000i\000o\000n\000\040\000o\000f\000\040\000C\000o\000n\000c\000e\000p\000t}{section.121}% 68
\BOOKMARK [2][-]{subsection.125}{\376\377\0004\000.\0003\000.\0002\000\040\000I\000n\000v\000e\000s\000t\000i\000g\000a\000t\000i\000n\000g\000\040\000H\000I\000V\000\040\000v\000i\000r\000a\000l\000\040\000g\000e\000n\000o\000m\000e\000\040\000i\000n\000t\000e\000g\000r\000i\000t\000y\000\040\000u\000s\000i\000n\000g\000\040\000S\000e\000q\000Z\000i\000p}{section.121}% 69
\BOOKMARK [2][-]{subsection.126}{\376\377\0004\000.\0003\000.\0003\000\040\000D\000e\000s\000i\000g\000n\000\040\000o\000f\000\040\000H\000I\000V\000\040\000l\000i\000g\000a\000m\000e\000r\000s}{section.121}% 70
\BOOKMARK [1][-]{section.128}{\376\377\0004\000.\0004\000\040\000C\000o\000n\000t\000i\000n\000u\000i\000t\000y\000\040\000o\000f\000\040\000p\000i\000R\000N\000A\000\040\000p\000r\000e\000c\000u\000r\000s\000o\000r\000\040\000t\000r\000a\000n\000s\000c\000r\000i\000p\000t\000s}{chapter.114}% 71
\BOOKMARK [2][-]{subsection.129}{\376\377\0004\000.\0004\000.\0001\000\040\000M\000a\000m\000m\000a\000l\000i\000a\000n\000\040\000l\000o\000c\000i\000\040\000o\000f\000\040\000p\000i\000R\000N\000A\000\040\000p\000r\000e\000c\000u\000r\000s\000o\000r\000\040\000t\000r\000a\000n\000s\000c\000r\000i\000p\000t\000i\000o\000n}{section.128}% 72
\BOOKMARK [2][-]{subsection.132}{\376\377\0004\000.\0004\000.\0002\000\040\000M\000a\000m\000m\000a\000l\000i\000a\000n\000\040\000p\000a\000c\000h\000y\000t\000e\000n\000e\000\040\000p\000i\000R\000N\000A\000\040\000p\000r\000e\000c\000u\000r\000s\000o\000r\000\040\000t\000r\000a\000n\000s\000c\000r\000i\000p\000t\000s\000\040\000a\000r\000e\000\040\000a\000\040\000u\000n\000i\000q\000u\000e\000\040\000k\000i\000n\000d\000\040\000o\000f\000\040\000P\000o\000l\000\040\000I\000I\000\040\000t\000r\000a\000n\000s\000c\000r\000i\000p\000t}{section.128}% 73
\BOOKMARK [2][-]{subsection.135}{\376\377\0004\000.\0004\000.\0003\000\040\000S\000e\000q\000Z\000i\000p\000\040\000a\000n\000a\000l\000y\000s\000i\000s\000\040\000o\000f\000\040\000l\000o\000n\000g\000\040\000R\000N\000A\000s\000\040\000a\000t\000\040\000m\000u\000l\000t\000i\000p\000l\000e\000\040\000l\000o\000c\000a\000t\000i\000o\000n\000s}{section.128}% 74
\BOOKMARK [2][-]{subsection.138}{\376\377\0004\000.\0004\000.\0004\000\040\000I\000n\000v\000e\000s\000t\000i\000g\000a\000t\000i\000n\000g\000\040\000p\000i\000R\000N\000A\000\040\000p\000r\000e\000c\000u\000r\000s\000o\000r\000s\000\040\000t\000r\000a\000n\000s\000c\000r\000i\000p\000t\000s\000\040\000u\000s\000i\000n\000g\000\040\000S\000e\000q\000Z\000i\000p}{section.128}% 75
\BOOKMARK [1][-]{section.142}{\376\377\0004\000.\0005\000\040\000E\000v\000i\000d\000e\000n\000c\000e\000\040\000f\000o\000r\000\040\000s\000p\000l\000i\000c\000e\000d\000\040\000p\000i\000R\000N\000A\000\040\000p\000r\000e\000c\000u\000r\000s\000o\000r\000\040\000t\000r\000a\000n\000s\000c\000r\000i\000p\000t\000s}{chapter.114}% 76
\BOOKMARK [0][-]{chapter.148}{\376\377\0005\000\040\000D\000i\000s\000c\000u\000s\000s\000i\000o\000n}{}% 77
\BOOKMARK [1][-]{section.149}{\376\377\0005\000.\0001\000\040\000T\000h\000e\000\040\000F\000u\000t\000u\000r\000e\000\040\000o\000f\000\040\000D\000y\000n\000a\000m\000i\000c\000\040\000l\000o\000n\000g\000\040\000R\000N\000A\000s}{chapter.148}% 78
\BOOKMARK [2][-]{subsection.150}{\376\377\0005\000.\0001\000.\0001\000\040\000P\000e\000r\000v\000a\000s\000i\000v\000e\000\040\000t\000r\000a\000n\000s\000c\000r\000i\000p\000t\000i\000o\000n}{section.149}% 79
\BOOKMARK [2][-]{subsection.151}{\376\377\0005\000.\0001\000.\0002\000\040\000A\000c\000c\000u\000r\000a\000t\000e\000\040\000a\000n\000d\000\040\000c\000o\000m\000p\000l\000e\000t\000e\000\040\000t\000r\000a\000n\000s\000c\000r\000i\000p\000t\000\040\000a\000n\000n\000o\000t\000a\000t\000i\000o\000n}{section.149}% 80
\BOOKMARK [2][-]{subsection.154}{\376\377\0005\000.\0001\000.\0003\000\040\000T\000i\000s\000s\000u\000e\000\040\000a\000n\000d\000\040\000c\000e\000l\000l\000\040\000s\000p\000e\000c\000i\000f\000i\000c\000i\000t\000y}{section.149}% 81
\BOOKMARK [1][-]{section.156}{\376\377\0005\000.\0002\000\040\000L\000i\000n\000g\000e\000r\000i\000n\000g\000\040\000Q\000u\000e\000s\000t\000i\000o\000n\000s\000\040\000f\000o\000r\000\040\000D\000s\000c\000a\000m\0001}{chapter.148}% 82
\BOOKMARK [1][-]{section.158}{\376\377\0005\000.\0003\000\040\000I\000n\000\040\000t\000h\000e\000\040\000h\000a\000y\000s\000t\000a\000c\000k\000:\000\040\000p\000i\000R\000N\000A\000\040\000p\000r\000e\000c\000u\000r\000s\000o\000r\000\040\000t\000r\000a\000n\000s\000c\000r\000i\000p\000t\000s\000\040\000s\000u\000r\000r\000o\000u\000n\000d\000e\000d\000\040\000b\000y\000\040\000R\000N\000A}{chapter.148}% 83
\BOOKMARK [2][-]{subsection.159}{\376\377\0005\000.\0003\000.\0001\000\040\000H\000o\000w\000\040\000a\000r\000e\000\040\000t\000h\000e\000y\000\040\000g\000e\000n\000e\000r\000a\000t\000e\000d\000?}{section.158}% 84
\BOOKMARK [2][-]{subsection.161}{\376\377\0005\000.\0003\000.\0002\000\040\000W\000h\000a\000t\000\040\000a\000r\000e\000\040\000t\000h\000e\000y\000\040\000d\000o\000i\000n\000g\000?}{section.158}% 85
\BOOKMARK [2][-]{subsection.163}{\376\377\0005\000.\0003\000.\0003\000\040\000I\000n\000\040\000v\000i\000v\000o\000\040\000c\000h\000e\000m\000i\000c\000a\000l\000\040\000l\000a\000b\000e\000l\000i\000n\000g\000\040\000o\000f\000\040\000p\000r\000e\000c\000u\000r\000s\000o\000r\000\040\000p\000i\000R\000N\000A\000\040\000t\000r\000a\000n\000s\000c\000r\000i\000p\000t\000s}{section.158}% 86
\BOOKMARK [2][-]{subsection.164}{\376\377\0005\000.\0003\000.\0004\000\040\000I\000n\000\040\000v\000i\000v\000o\000\040\000i\000m\000a\000g\000i\000n\000g\000\040\000o\000f\000\040\000p\000r\000e\000c\000u\000r\000s\000o\000r\000\040\000p\000i\000R\000N\000A\000\040\000t\000r\000a\000n\000s\000c\000r\000i\000p\000t\000s}{section.158}% 87
\BOOKMARK [2][-]{subsection.165}{\376\377\0005\000.\0003\000.\0005\000\040\000F\000I\000S\000S\000E\000Q\000\040\000o\000f\000\040\000p\000i\000R\000N\000A\000\040\000p\000r\000e\000c\000u\000r\000s\000o\000r\000\040\000t\000r\000a\000n\000s\000c\000r\000i\000p\000t\000s}{section.158}% 88
\BOOKMARK [1][-]{section.167}{\376\377\0005\000.\0004\000\040\000F\000u\000t\000u\000r\000e\000\040\000u\000s\000e\000s\000\040\000o\000f\000\040\000S\000e\000q\000Z\000i\000p}{chapter.148}% 89
\BOOKMARK [2][-]{subsection.169}{\376\377\0005\000.\0004\000.\0001\000\040\000M\000u\000l\000t\000i\000-\000s\000i\000t\000e\000\040\000S\000N\000P\000\040\000d\000e\000t\000e\000c\000t\000i\000o\000n}{section.167}% 90
\BOOKMARK [2][-]{subsection.171}{\376\377\0005\000.\0004\000.\0002\000\040\000I\000n\000t\000r\000o\000d\000u\000c\000t\000i\000o\000n\000\040\000o\000f\000\040\000d\000e\000s\000t\000r\000u\000c\000t\000i\000o\000n\000\040\000s\000e\000q\000u\000e\000n\000c\000e\000s}{section.167}% 91
\BOOKMARK [2][-]{subsection.173}{\376\377\0005\000.\0004\000.\0003\000\040\000M\000u\000l\000t\000i\000-\000s\000i\000t\000e\000\040\000F\000I\000S\000H\000\040\000p\000r\000o\000b\000e\000s}{section.167}% 92
\BOOKMARK [1][-]{section.174}{\376\377\0005\000.\0005\000\040\000S\000e\000q\000Z\000i\000p\000\040\000A\000s\000s\000a\000y\000\040\000I\000m\000p\000r\000o\000v\000e\000m\000e\000n\000t\000s}{chapter.148}% 93
\BOOKMARK [2][-]{subsection.175}{\376\377\0005\000.\0005\000.\0001\000\040\000L\000N\000A\000-\000c\000o\000n\000t\000a\000i\000n\000i\000n\000g\000\040\000l\000i\000g\000a\000m\000e\000r\000s\000\040\000a\000n\000d\000\040\000T\0003\0009\000A\000\040\000R\000n\000l\0002}{section.174}% 94
\BOOKMARK [2][-]{subsection.178}{\376\377\0005\000.\0005\000.\0002\000\040\000R\000e\000-\000p\000u\000r\000p\000o\000s\000i\000n\000g\000\040\000t\000h\000e\000\040\000S\000O\000L\000i\000D\000\040\000P\000l\000a\000t\000f\000o\000r\000m}{section.174}% 95
\BOOKMARK [2][-]{subsection.180}{\376\377\0005\000.\0005\000.\0003\000\040\000Q\000u\000a\000n\000t\000i\000f\000y\000i\000n\000g\000\040\000l\000i\000g\000a\000t\000i\000o\000n\000\040\000a\000n\000d\000\040\000P\000C\000R\000\040\000e\000v\000e\000n\000t\000s}{section.174}% 96
\BOOKMARK [2][-]{subsection.181}{\376\377\0005\000.\0005\000.\0004\000\040\000R\000e\000d\000u\000c\000i\000n\000g\000\040\000r\000e\000q\000u\000i\000r\000e\000d\000\040\000i\000n\000p\000u\000t\000\040\000R\000N\000A\000\040\000a\000n\000d\000\040\000l\000i\000g\000a\000m\000e\000r\000\040\000c\000o\000n\000c\000e\000n\000t\000r\000a\000t\000i\000o\000n}{section.174}% 97
\BOOKMARK [2][-]{subsection.182}{\376\377\0005\000.\0005\000.\0005\000\040\000A\000n\000\040\000i\000d\000e\000a\000l\000\040\000S\000e\000q\000Z\000i\000p\000\040\000e\000x\000p\000e\000r\000i\000m\000e\000n\000t\000\040\000t\000o\000\040\000q\000u\000e\000r\000y\000\040\000c\000o\000o\000r\000d\000i\000n\000a\000t\000e\000d\000\040\000s\000p\000l\000i\000c\000i\000n\000g}{section.174}% 98
\BOOKMARK [2][-]{subsection.183}{\376\377\0005\000.\0005\000.\0006\000\040\000S\000e\000q\000Z\000i\000p\000\040\000a\000n\000d\000\040\000s\000i\000n\000g\000l\000e\000-\000m\000o\000l\000e\000c\000u\000l\000e\000\040\000F\000I\000S\000H}{section.174}% 99
\BOOKMARK [1][-]{section.185}{\376\377\0005\000.\0006\000\040\000F\000i\000n\000a\000l\000\040\000t\000h\000o\000u\000g\000h\000t\000s}{chapter.148}% 100
\BOOKMARK [2][-]{subsection.186}{\376\377\0005\000.\0006\000.\0001\000\040\000B\000i\000o\000l\000o\000g\000i\000s\000t\000s\000\040\000n\000e\000e\000d\000\040\000C\000o\000m\000p\000u\000t\000a\000t\000i\000o\000n\000\040\000B\000i\000o\000l\000o\000g\000i\000c\000a\000l\000\040\000S\000k\000i\000l\000l\000s}{section.185}% 101
\BOOKMARK [2][-]{subsection.187}{\376\377\0005\000.\0006\000.\0002\000\040\000S\000c\000i\000e\000n\000c\000e\000\040\000v\000e\000r\000s\000u\000s\000\040\000E\000n\000g\000i\000n\000e\000e\000r\000i\000n\000g\000:\000\040\000T\000w\000o\000\040\000t\000h\000o\000u\000g\000h\000t\000s\000\040\000i\000n\000\040\000o\000n\000e\000\040\000s\000c\000h\000o\000o\000l}{section.185}% 102
\BOOKMARK [2][-]{subsection.189}{\376\377\0005\000.\0006\000.\0003\000\040\000D\000e\000a\000l\000i\000n\000g\000\040\000w\000i\000t\000h\000\040\000t\000h\000e\000\040\000d\000a\000t\000a\000\040\000d\000e\000l\000u\000g\000e}{section.185}% 103
\BOOKMARK [0][-]{appendix.191}{\376\377\000A\000\040\000A\000p\000p\000e\000n\000d\000i\000x\000\040\000-\000\040\000M\000i\000s\000c\000\040\000I\000n\000f\000o\000r\000m\000a\000t\000i\000o\000n}{}% 104
\BOOKMARK [1][-]{section.192}{\376\377\000A\000.\0001\000\040\000B\000u\000f\000f\000e\000r\000s}{appendix.191}% 105
\BOOKMARK [1][-]{section.194}{\376\377\000A\000.\0002\000\040\000E\000q\000u\000a\000t\000i\000o\000n\000s}{appendix.191}% 106
\BOOKMARK [2][-]{subsection.195}{\376\377\000A\000.\0002\000.\0001\000\040\000D\000e\000t\000e\000r\000m\000i\000n\000i\000n\000g\000\040\000[\000R\000N\000A\000]\000\040\000f\000r\000o\000m\000\040\000^\0003\0002\000P\040\023\000U\000T\000P\000\040\000u\000s\000e\000d\000\040\000d\000u\000r\000i\000n\000g\000\040\000v\000i\000t\000r\000o\000\040\000t\000r\000a\000n\000s\000c\000r\000i\000p\000t\000i\000o\000n}{section.194}% 107
\BOOKMARK [2][-]{subsection.196}{\376\377\000A\000.\0002\000.\0002\000\040\000D\000e\000t\000e\000r\000m\000i\000n\000i\000n\000g\000\040\000[\000R\000N\000A\000]\000\040\000b\000a\000s\000e\000d\000\040\000o\000n\000\040\000A\000_\0002\0006\0000}{section.194}% 108
\BOOKMARK [2][-]{subsection.197}{\376\377\000A\000.\0002\000.\0003\000\040\000N\000o\000r\000m\000a\000l\000i\000z\000e\000\040\000o\000x\000i\000d\000i\000z\000e\000d\000\040\000s\000m\000a\000l\000l\000\040\000R\000N\000A\000\040\000l\000i\000b\000r\000a\000r\000i\000e\000s\000\040\000s\000i\000z\000e\000\040\000t\000o\000\040\000t\000i\000m\000e\000-\000m\000a\000t\000c\000h\000e\000d\000\040\000u\000n\000o\000x\000i\000d\000i\000z\000e\000d\000\040\000l\000i\000b\000r\000a\000r\000y}{section.194}% 109
\BOOKMARK [1][-]{section.198}{\376\377\000A\000.\0003\000\040\000P\000C\000R\000\040\000P\000r\000o\000g\000r\000a\000m\000s}{appendix.191}% 110
\BOOKMARK [1][-]{section.199}{\376\377\000A\000.\0004\000\040\000I\000n\000t\000e\000r\000g\000e\000n\000i\000c\000\040\000a\000n\000d\000\040\000g\000e\000n\000i\000c\000\040\000p\000i\000R\000N\000A\000-\000p\000r\000o\000d\000u\000c\000i\000n\000g\000\040\000L\000o\000c\000i}{appendix.191}% 111
\BOOKMARK [0][-]{appendix.201}{\376\377\000B\000\040\000A\000p\000p\000e\000n\000d\000i\000x\000\040\000B\000:\000\040\000A\000u\000t\000o\000m\000a\000t\000e\000d\000\040\000L\000i\000g\000a\000m\000e\000r\000\040\000A\000s\000s\000e\000m\000b\000l\000y}{}% 112
\BOOKMARK [1][-]{section.202}{\376\377\000B\000.\0001\000\040\000I\000n\000s\000t\000a\000l\000l\000a\000t\000i\000o\000n}{appendix.201}% 113
\BOOKMARK [1][-]{section.223}{\376\377\000B\000.\0002\000\040\000E\000x\000a\000m\000p\000l\000e\000\040\000I\000n\000p\000u\000t\000\040\000F\000o\000r\000m\000a\000t}{appendix.201}% 114
\BOOKMARK [1][-]{section.224}{\376\377\000B\000.\0003\000\040\000L\000i\000g\000a\000m\000e\000r\000\040\000A\000s\000s\000e\000m\000b\000l\000e\000r\000\040\000S\000o\000u\000r\000c\000e\000\040\000C\000o\000d\000e}{appendix.201}% 115
\BOOKMARK [0][-]{dummy.1201}{\376\377\000B\000i\000b\000l\000i\000o\000g\000r\000a\000p\000h\000y}{}% 116
