\BOOKMARK [0][-]{dummy.1}{\376\377\000A\000b\000s\000t\000r\000a\000c\000t}{}% 1
\BOOKMARK [0][-]{dummy.2}{\376\377\000A\000c\000k\000n\000o\000w\000l\000e\000d\000g\000e\000m\000e\000n\000t\000s}{}% 2
\BOOKMARK [0][-]{dummy.3}{\376\377\000C\000o\000n\000t\000e\000n\000t\000s}{}% 3
\BOOKMARK [0][-]{dummy.5}{\376\377\000L\000i\000s\000t\000\040\000o\000f\000\040\000F\000i\000g\000u\000r\000e\000s}{}% 4
\BOOKMARK [0][-]{dummy.7}{\376\377\000L\000i\000s\000t\000\040\000o\000f\000\040\000T\000a\000b\000l\000e\000s}{}% 5
\BOOKMARK [0][-]{chapter*.9}{\376\377\000T\000o\000d\000o\000\040\000l\000i\000s\000t}{}% 6
\BOOKMARK [0][-]{dummy.10}{\376\377\000A\000b\000b\000r\000e\000v\000i\000a\000t\000i\000o\000n\000s}{}% 7
\BOOKMARK [0][-]{dummy.11}{\376\377\000S\000y\000m\000b\000o\000l\000s}{}% 8
\BOOKMARK [0][-]{dummy.12}{\376\377\000D\000e\000f\000i\000n\000i\000t\000i\000o\000n\000s}{}% 9
\BOOKMARK [0][-]{dummy.13}{\376\377\000D\000e\000d\000i\000c\000a\000t\000i\000o\000n}{}% 10
\BOOKMARK [0][-]{dummy.14}{\376\377\000P\000r\000e\000f\000a\000c\000e}{}% 11
\BOOKMARK [0][-]{chapter.15}{\376\377\0001\000\040\000I\000n\000t\000r\000o\000d\000u\000c\000t\000i\000o\000n}{}% 12
\BOOKMARK [1][-]{section.16}{\376\377\0001\000.\0001\000\040\000F\000i\000x\000e\000d\000\040\000G\000e\000n\000o\000m\000e\000s\000\040\000a\000n\000d\000\040\000F\000l\000e\000x\000i\000b\000l\000e\000\040\000G\000e\000n\000e\000s}{chapter.15}% 13
\BOOKMARK [1][-]{section.18}{\376\377\0001\000.\0002\000\040\000N\000u\000c\000l\000e\000i\000c\000\040\000A\000c\000i\000d\000\040\000S\000e\000q\000u\000e\000n\000c\000i\000n\000g}{chapter.15}% 14
\BOOKMARK [2][-]{subsection.19}{\376\377\0001\000.\0002\000.\0001\000\040\000D\000N\000A\000\040\000S\000e\000q\000u\000e\000n\000c\000i\000n\000g\000\040\000H\000i\000s\000t\000o\000r\000y}{section.18}% 15
\BOOKMARK [2][-]{subsection.20}{\376\377\0001\000.\0002\000.\0002\000\040\000H\000i\000s\000t\000o\000r\000y\000\040\000o\000f\000\040\000H\000i\000g\000h\000-\000t\000h\000r\000o\000u\000g\000h\000p\000u\000t\000\040\000S\000e\000q\000u\000e\000n\000c\000i\000n\000g}{section.18}% 16
\BOOKMARK [2][-]{subsection.22}{\376\377\0001\000.\0002\000.\0003\000\040\000D\000e\000e\000p\000-\000s\000e\000q\000u\000e\000n\000c\000i\000n\000g\000\040\000o\000f\000\040\000R\000N\000A}{section.18}% 17
\BOOKMARK [1][-]{section.24}{\376\377\0001\000.\0003\000\040\000N\000u\000c\000l\000e\000i\000c\000\040\000A\000c\000i\000d\000\040\000S\000p\000l\000i\000c\000i\000n\000g}{chapter.15}% 18
\BOOKMARK [2][-]{subsection.25}{\376\377\0001\000.\0003\000.\0001\000\040\000A\000l\000t\000e\000r\000n\000a\000t\000i\000v\000e\000\040\000S\000p\000l\000i\000c\000i\000n\000g}{section.24}% 19
\BOOKMARK [2][-]{subsection.28}{\376\377\0001\000.\0003\000.\0002\000\040\000D\000e\000c\000i\000p\000h\000e\000r\000i\000n\000g\000\040\000a\000\040\000s\000p\000l\000i\000c\000i\000n\000g\000\040\000c\000o\000d\000e}{section.24}% 20
\BOOKMARK [2][-]{subsection.29}{\376\377\0001\000.\0003\000.\0003\000\040\000T\000h\000e\000\040\000I\000s\000o\000f\000o\000r\000m\000\040\000P\000r\000o\000b\000l\000e\000m}{section.24}% 21
\BOOKMARK [2][-]{subsection.31}{\376\377\0001\000.\0003\000.\0004\000\040\000C\000o\000o\000r\000d\000i\000n\000a\000t\000i\000o\000n\000\040\000i\000n\000\040\000s\000p\000l\000i\000c\000i\000n\000g}{section.24}% 22
\BOOKMARK [2][-]{subsection.34}{\376\377\0001\000.\0003\000.\0005\000\040\000M\000a\000n\000y\000\040\000i\000s\000o\000f\000o\000r\000m\000s\000\040\000p\000e\000r\000\040\000g\000e\000n\000e}{section.24}% 23
\BOOKMARK [2][-]{subsection.38}{\376\377\0001\000.\0003\000.\0006\000\040\000D\000r\000o\000s\000o\000p\000h\000i\000l\000a\000\040\000m\000e\000l\000a\000n\000o\000g\000a\000s\000t\000e\000r\000\040\000D\000s\000c\000a\000m\0001}{section.24}% 24
\BOOKMARK [1][-]{section.43}{\376\377\0001\000.\0004\000\040\000N\000u\000c\000l\000e\000i\000c\000\040\000A\000c\000i\000d\000\040\000L\000i\000g\000a\000t\000i\000o\000n}{chapter.15}% 25
\BOOKMARK [2][-]{subsection.44}{\376\377\0001\000.\0004\000.\0001\000\040\000R\000N\000A\000\040\000S\000e\000q\000u\000e\000n\000c\000e\000\040\000i\000n\000v\000e\000s\000t\000i\000g\000a\000t\000i\000o\000n\000\040\000b\000y\000\040\000l\000i\000g\000a\000t\000i\000o\000n}{section.43}% 26
\BOOKMARK [2][-]{subsection.46}{\376\377\0001\000.\0004\000.\0002\000\040\000T\0004\000\040\000R\000N\000A\000\040\000L\000i\000g\000a\000s\000e\000\040\0002\000\040\000\050\000R\000n\000l\0002\000\051}{section.43}% 27
\BOOKMARK [1][-]{section.51}{\376\377\0001\000.\0005\000\040\000N\000u\000c\000l\000e\000i\000c\000\040\000A\000c\000i\000d\000\040\000P\000o\000l\000y\000m\000e\000r\000s}{chapter.15}% 28
\BOOKMARK [2][-]{subsection.52}{\376\377\0001\000.\0005\000.\0001\000\040\000p\000i\000R\000N\000A\000s\000\040\000o\000r\000i\000g\000i\000n\000a\000l\000\040\000f\000r\000o\000m\000\040\000v\000e\000r\000y\000\040\000l\000o\000n\000g\000\040\000P\000o\000l\000I\000I\000\040\000T\000r\000a\000n\000s\000c\000r\000i\000p\000t\000s}{section.51}% 29
\BOOKMARK [3][-]{subsubsection.53}{\376\377\0001\000.\0005\000.\0001\000.\0001\000\040\000B\000r\000i\000e\000f\000\040\000h\000i\000s\000t\000o\000r\000y\000\040\000o\000f\000\040\000p\000i\000R\000N\000A\000s}{subsection.52}% 30
\BOOKMARK [3][-]{subsubsection.57}{\376\377\0001\000.\0005\000.\0001\000.\0002\000\040\000F\000l\000y\000\040\000a\000n\000d\000\040\000M\000o\000u\000s\000e\000\040\000p\000i\000R\000N\000A\000s\000\040\000h\000a\000v\000e\000\040\000i\000m\000p\000o\000r\000t\000a\000n\000t\000\040\000d\000i\000f\000f\000e\000r\000e\000n\000c\000e\000s}{subsection.52}% 31
\BOOKMARK [3][-]{subsubsection.59}{\376\377\0001\000.\0005\000.\0001\000.\0003\000\040\000K\000n\000o\000w\000n\000\040\000f\000u\000n\000c\000t\000i\000o\000n\000s\000\040\000o\000f\000\040\000m\000a\000m\000m\000a\000l\000i\000a\000n\000\040\000p\000i\000R\000N\000A\000s}{subsection.52}% 32
\BOOKMARK [3][-]{subsubsection.61}{\376\377\0001\000.\0005\000.\0001\000.\0004\000\040\000I\000n\000t\000e\000g\000r\000a\000t\000i\000o\000n\000\040\000o\000f\000\040\000m\000u\000l\000t\000i\000p\000l\000e\000\040\000H\000T\000S\000\040\000d\000a\000t\000a\000t\000y\000p\000e\000s\000\040\000o\000f\000\040\000p\000i\000R\000N\000A\000\040\000a\000n\000a\000l\000y\000s\000i\000s}{subsection.52}% 33
\BOOKMARK [2][-]{subsection.63}{\376\377\0001\000.\0005\000.\0002\000\040\000F\000r\000o\000m\000\040\000s\000h\000o\000r\000t\000\040\000r\000e\000a\000d\000s\000\040\000t\000o\000\040\000f\000u\000l\000l\000-\000l\000e\000n\000g\000t\000h\000\040\000t\000r\000a\000n\000s\000c\000r\000i\000p\000t\000s}{section.51}% 34
\BOOKMARK [0][-]{chapter.65}{\376\377\0002\000\040\000S\000e\000q\000Z\000i\000p\000\040\000P\000u\000b\000l\000i\000c\000a\000t\000i\000o\000n}{}% 35
\BOOKMARK [1][-]{section.66}{\376\377\0002\000.\0001\000\040\000A\000b\000s\000t\000r\000a\000c\000t}{chapter.65}% 36
\BOOKMARK [1][-]{section.67}{\376\377\0002\000.\0002\000\040\000I\000n\000t\000r\000o\000d\000u\000c\000t\000i\000o\000n}{chapter.65}% 37
\BOOKMARK [1][-]{section.69}{\376\377\0002\000.\0003\000\040\000R\000e\000s\000u\000l\000t\000s}{chapter.65}% 38
\BOOKMARK [2][-]{subsection.70}{\376\377\0002\000.\0003\000.\0001\000\040\000S\000u\000b\000s\000e\000c\000t\000i\000o\000n\000\040\0002}{section.69}% 39
\BOOKMARK [1][-]{section.77}{\376\377\0002\000.\0004\000\040\000D\000i\000s\000c\000u\000s\000s\000i\000o\000n}{chapter.65}% 40
\BOOKMARK [1][-]{section.78}{\376\377\0002\000.\0005\000\040\000M\000e\000t\000h\000o\000d\000s}{chapter.65}% 41
\BOOKMARK [1][-]{section.79}{\376\377\0002\000.\0006\000\040\000S\000u\000p\000p\000l\000e\000m\000e\000n\000t\000a\000l\000\040\000T\000e\000x\000t}{chapter.65}% 42
\BOOKMARK [0][-]{chapter.80}{\376\377\0003\000\040\000A\000n\000\040\000A\000n\000c\000i\000e\000n\000t\000\040\000T\000r\000a\000n\000s\000c\000r\000i\000p\000t\000i\000o\000n\000\040\000F\000a\000c\000t\000o\000r\000\040\000I\000n\000i\000t\000i\000a\000t\000e\000s\000\040\000t\000h\000e\000\040\000B\000u\000r\000s\000t\000\040\000o\000f\000\040\000p\000i\000R\000N\000A\000\040\000P\000r\000o\000d\000u\000c\000t\000i\000o\000n\000\040\000d\000u\000r\000i\000n\000g\000\040\000E\000a\000r\000l\000y\000\040\000M\000e\000i\000o\000s\000i\000s\000\040\000i\000n\000\040\000M\000o\000u\000s\000e\000\040\000T\000e\000s\000t\000e\000s}{}% 43
\BOOKMARK [1][-]{section.82}{\376\377\0003\000.\0001\000\040\000I\000N\000T\000R\000O\000D\000U\000C\000T\000I\000O\000N}{chapter.80}% 44
\BOOKMARK [1][-]{section.83}{\376\377\0003\000.\0002\000\040\000R\000E\000S\000U\000L\000T\000S}{chapter.80}% 45
\BOOKMARK [2][-]{subsection.84}{\376\377\0003\000.\0002\000.\0001\000\040\000D\000e\000f\000i\000n\000i\000n\000g\000\040\000p\000i\000R\000N\000A\000-\000P\000r\000o\000d\000u\000c\000i\000n\000g\000\040\000T\000r\000a\000n\000s\000c\000r\000i\000p\000t\000s\000\040\000i\000n\000\040\000t\000h\000e\000\040\000M\000o\000u\000s\000e\000\040\000T\000e\000s\000t\000i\000s}{section.83}% 46
\BOOKMARK [2][-]{subsection.87}{\376\377\0003\000.\0002\000.\0002\000\040\000p\000i\000R\000N\000A\000\040\000P\000r\000e\000c\000u\000r\000s\000o\000r\000\040\000R\000N\000A\000s\000\040\000a\000r\000e\000\040\000C\000a\000n\000o\000n\000i\000c\000a\000l\000\040\000R\000N\000A\000\040\000P\000o\000l\000\040\000I\000I\000\040\000T\000r\000a\000n\000s\000c\000r\000i\000p\000t\000s}{section.83}% 47
\BOOKMARK [2][-]{subsection.88}{\376\377\0003\000.\0002\000.\0003\000\040\000A\000\040\000T\000r\000a\000n\000s\000c\000r\000i\000p\000t\000-\000b\000a\000s\000e\000d\000\040\000S\000e\000t\000\040\000o\000f\000\040\000p\000i\000R\000N\000A\000\040\000L\000o\000c\000i}{section.83}% 48
\BOOKMARK [2][-]{subsection.89}{\376\377\0003\000.\0002\000.\0004\000\040\000T\000h\000r\000e\000e\000\040\000C\000l\000a\000s\000s\000e\000s\000\040\000o\000f\000\040\000p\000i\000R\000N\000A\000s\000\040\000D\000u\000r\000i\000n\000g\000\040\000P\000o\000s\000t\000-\000N\000a\000t\000a\000l\000\040\000S\000p\000e\000r\000m\000a\000t\000o\000g\000e\000n\000e\000s\000i\000s}{section.83}% 49
\BOOKMARK [2][-]{subsection.94}{\376\377\0003\000.\0002\000.\0005\000\040\000A\000-\000M\000y\000b\000\040\000R\000e\000g\000u\000l\000a\000t\000e\000s\000\040\000P\000a\000c\000h\000y\000t\000e\000n\000e\000\040\000p\000i\000R\000N\000A\000\040\000P\000r\000e\000c\000u\000r\000s\000o\000r\000\040\000T\000r\000a\000n\000s\000c\000r\000i\000p\000t\000i\000o\000n}{section.83}% 50
\BOOKMARK [2][-]{subsection.97}{\376\377\0003\000.\0002\000.\0006\000\040\000A\000-\000M\000y\000b\000\040\000R\000e\000g\000u\000l\000a\000t\000e\000s\000\040\000P\000a\000c\000h\000y\000t\000e\000n\000e\000\040\000p\000i\000R\000N\000A\000\040\000P\000r\000o\000d\000u\000c\000t\000i\000o\000n}{section.83}% 51
\BOOKMARK [2][-]{subsection.100}{\376\377\0003\000.\0002\000.\0007\000\040\000A\000-\000M\000y\000b\000\040\000R\000e\000g\000u\000l\000a\000t\000e\000s\000\040\000E\000x\000p\000r\000e\000s\000s\000i\000o\000n\000\040\000o\000f\000\040\000p\000i\000R\000N\000A\000\040\000B\000i\000o\000g\000e\000n\000e\000s\000i\000s\000\040\000F\000a\000c\000t\000o\000r\000s}{section.83}% 52
\BOOKMARK [2][-]{subsection.103}{\376\377\0003\000.\0002\000.\0008\000\040\000A\000-\000M\000Y\000B\000\040\000a\000n\000d\000\040\000t\000h\000e\000\040\000P\000a\000c\000h\000y\000t\000e\000n\000e\000\040\000p\000i\000R\000N\000A\000\040\000R\000e\000g\000u\000l\000a\000t\000o\000r\000y\000\040\000C\000i\000r\000c\000u\000i\000t\000r\000y}{section.83}% 53
\BOOKMARK [2][-]{subsection.106}{\376\377\0003\000.\0002\000.\0009\000\040\000F\000e\000e\000d\000-\000F\000o\000r\000w\000a\000r\000d\000\040\000R\000e\000g\000u\000l\000a\000t\000i\000o\000n\000\040\000o\000f\000\040\000p\000i\000R\000N\000A\000\040\000P\000r\000o\000d\000u\000c\000t\000i\000o\000n\000\040\000i\000s\000\040\000E\000v\000o\000l\000u\000t\000i\000o\000n\000a\000r\000i\000l\000y\000\040\000C\000o\000n\000s\000e\000r\000v\000e\000d}{section.83}% 54
\BOOKMARK [1][-]{section.109}{\376\377\0003\000.\0003\000\040\000D\000I\000S\000C\000U\000S\000S\000I\000O\000N}{chapter.80}% 55
\BOOKMARK [1][-]{section.110}{\376\377\0003\000.\0004\000\040\000E\000X\000P\000E\000R\000I\000M\000E\000N\000T\000A\000L\000\040\000P\000R\000O\000C\000E\000D\000U\000R\000E\000S}{chapter.80}% 56
\BOOKMARK [0][-]{chapter.111}{\376\377\0004\000\040\000S\000e\000q\000Z\000i\000p\000\040\000-\000\040\000D\000e\000v\000e\000l\000o\000p\000m\000e\000n\000t\000\040\000a\000n\000d\000\040\000A\000p\000p\000l\000i\000c\000a\000t\000i\000o\000n\000s}{}% 57
\BOOKMARK [1][-]{section.112}{\376\377\0004\000.\0001\000\040\000S\000e\000q\000Z\000i\000p\000\040\000O\000v\000e\000r\000v\000i\000e\000w}{chapter.111}% 58
\BOOKMARK [1][-]{section.114}{\376\377\0004\000.\0002\000\040\000M\000u\000l\000t\000i\000p\000l\000e\000x\000\040\000G\000e\000n\000e\000\040\000S\000t\000u\000d\000y}{chapter.111}% 59
\BOOKMARK [1][-]{section.117}{\376\377\0004\000.\0003\000\040\000D\000e\000t\000e\000r\000m\000i\000n\000i\000n\000g\000\040\000R\000N\000A\000\040\000i\000n\000t\000e\000g\000r\000i\000t\000y\000\040\000u\000s\000i\000n\000g\000\040\000S\000e\000q\000Z\000i\000p}{chapter.111}% 60
\BOOKMARK [2][-]{subsection.118}{\376\377\0004\000.\0003\000.\0001\000\040\000D\000e\000m\000o\000n\000s\000t\000r\000a\000t\000i\000o\000n\000\040\000o\000f\000\040\000C\000o\000n\000c\000e\000p\000t}{section.117}% 61
\BOOKMARK [2][-]{subsection.121}{\376\377\0004\000.\0003\000.\0002\000\040\000I\000n\000v\000e\000s\000t\000i\000g\000a\000t\000i\000n\000g\000\040\000H\000I\000V\000\040\000v\000i\000r\000a\000l\000\040\000g\000e\000n\000o\000m\000e\000\040\000i\000n\000t\000e\000g\000r\000i\000t\000y\000\040\000u\000s\000i\000n\000g\000\040\000S\000e\000q\000Z\000i\000p}{section.117}% 62
\BOOKMARK [2][-]{subsection.122}{\376\377\0004\000.\0003\000.\0003\000\040\000D\000e\000s\000i\000g\000n\000\040\000o\000f\000\040\000H\000I\000V\000\040\000l\000i\000g\000a\000m\000e\000r\000s}{section.117}% 63
\BOOKMARK [1][-]{section.124}{\376\377\0004\000.\0004\000\040\000C\000o\000n\000t\000i\000n\000u\000i\000t\000y\000\040\000o\000f\000\040\000p\000i\000R\000N\000A\000\040\000p\000r\000e\000c\000u\000r\000s\000o\000r\000\040\000t\000r\000a\000n\000s\000c\000r\000i\000p\000t\000s}{chapter.111}% 64
\BOOKMARK [0][-]{chapter.133}{\376\377\0005\000\040\000D\000i\000s\000c\000u\000s\000s\000i\000o\000n}{}% 65
\BOOKMARK [1][-]{section.134}{\376\377\0005\000.\0001\000\040\000T\000h\000e\000\040\000F\000u\000t\000u\000r\000e\000\040\000o\000f\000\040\000D\000y\000n\000a\000m\000i\000c\000\040\000l\000o\000n\000g\000\040\000R\000N\000A\000s}{chapter.133}% 66
\BOOKMARK [2][-]{subsection.135}{\376\377\0005\000.\0001\000.\0001\000\040\000P\000e\000r\000v\000a\000s\000i\000v\000e\000\040\000t\000r\000a\000n\000s\000c\000r\000i\000p\000t\000i\000o\000n}{section.134}% 67
\BOOKMARK [2][-]{subsection.137}{\376\377\0005\000.\0001\000.\0002\000\040\000A\000c\000c\000u\000r\000a\000t\000e\000\040\000a\000n\000d\000\040\000c\000o\000m\000p\000l\000e\000t\000e\000\040\000t\000r\000a\000n\000s\000c\000r\000i\000p\000t\000\040\000a\000n\000n\000o\000t\000a\000t\000i\000o\000n}{section.134}% 68
\BOOKMARK [2][-]{subsection.139}{\376\377\0005\000.\0001\000.\0003\000\040\000T\000i\000s\000s\000u\000e\000\040\000a\000n\000d\000\040\000c\000e\000l\000l\000\040\000s\000p\000e\000c\000i\000f\000i\000c\000i\000t\000y}{section.134}% 69
\BOOKMARK [1][-]{section.141}{\376\377\0005\000.\0002\000\040\000L\000i\000n\000g\000e\000r\000i\000n\000g\000\040\000Q\000u\000e\000s\000t\000i\000o\000n\000s\000\040\000f\000o\000r\000\040\000D\000s\000c\000a\000m\0001}{chapter.133}% 70
\BOOKMARK [1][-]{section.142}{\376\377\0005\000.\0003\000\040\000I\000n\000\040\000t\000h\000e\000\040\000h\000a\000y\000s\000t\000a\000c\000k\000:\000\040\000p\000i\000R\000N\000A\000\040\000p\000r\000e\000c\000u\000r\000s\000o\000r\000\040\000t\000r\000a\000n\000s\000c\000r\000i\000p\000t\000s\000\040\000s\000u\000r\000r\000o\000u\000n\000d\000e\000d\000\040\000b\000y\000\040\000R\000N\000A}{chapter.133}% 71
\BOOKMARK [2][-]{subsection.144}{\376\377\0005\000.\0003\000.\0001\000\040\000H\000o\000w\000\040\000a\000r\000e\000\040\000t\000h\000e\000y\000\040\000g\000e\000n\000e\000r\000a\000t\000e\000d\000?}{section.142}% 72
\BOOKMARK [2][-]{subsection.146}{\376\377\0005\000.\0003\000.\0002\000\040\000W\000h\000a\000t\000\040\000a\000r\000e\000\040\000t\000h\000e\000y\000\040\000d\000o\000i\000n\000g\000?}{section.142}% 73
\BOOKMARK [2][-]{subsection.148}{\376\377\0005\000.\0003\000.\0003\000\040\000I\000n\000\040\000v\000i\000v\000o\000\040\000c\000h\000e\000m\000i\000c\000a\000l\000\040\000l\000a\000b\000e\000l\000i\000n\000g\000\040\000o\000f\000\040\000p\000r\000e\000c\000u\000r\000s\000o\000r\000\040\000p\000i\000R\000N\000A\000\040\000t\000r\000a\000n\000s\000c\000r\000i\000p\000t\000s}{section.142}% 74
\BOOKMARK [2][-]{subsection.149}{\376\377\0005\000.\0003\000.\0004\000\040\000I\000n\000\040\000v\000i\000v\000o\000\040\000i\000m\000a\000g\000i\000n\000g\000\040\000o\000f\000\040\000p\000r\000e\000c\000u\000r\000s\000o\000r\000\040\000p\000i\000R\000N\000A\000\040\000t\000r\000a\000n\000s\000c\000r\000i\000p\000t\000s}{section.142}% 75
\BOOKMARK [1][-]{section.151}{\376\377\0005\000.\0004\000\040\000F\000u\000t\000u\000r\000e\000\040\000u\000s\000e\000s\000\040\000o\000f\000\040\000S\000e\000q\000Z\000i\000p}{chapter.133}% 76
\BOOKMARK [2][-]{subsection.153}{\376\377\0005\000.\0004\000.\0001\000\040\000M\000u\000l\000t\000i\000-\000s\000i\000t\000e\000\040\000S\000N\000P\000\040\000d\000e\000t\000e\000c\000t\000i\000o\000n}{section.151}% 77
\BOOKMARK [2][-]{subsection.155}{\376\377\0005\000.\0004\000.\0002\000\040\000I\000n\000t\000r\000o\000d\000u\000c\000t\000i\000o\000n\000\040\000o\000f\000\040\000d\000e\000s\000t\000r\000u\000c\000t\000i\000o\000n\000\040\000s\000e\000q\000u\000e\000n\000c\000e\000s}{section.151}% 78
\BOOKMARK [2][-]{subsection.157}{\376\377\0005\000.\0004\000.\0003\000\040\000M\000u\000l\000t\000i\000-\000s\000i\000t\000e\000\040\000S\000N\000P\000\040\000p\000r\000o\000b\000e\000s}{section.151}% 79
\BOOKMARK [1][-]{section.158}{\376\377\0005\000.\0005\000\040\000S\000e\000q\000Z\000i\000p\000\040\000A\000s\000s\000a\000y\000\040\000I\000m\000p\000r\000o\000v\000e\000m\000e\000n\000t\000s}{chapter.133}% 80
\BOOKMARK [2][-]{subsection.159}{\376\377\0005\000.\0005\000.\0001\000\040\000L\000N\000A\000-\000c\000o\000n\000t\000a\000i\000n\000i\000n\000g\000\040\000l\000i\000g\000a\000m\000e\000r\000s\000\040\000a\000n\000d\000\040\000T\0003\0009\000A\000\040\000R\000n\000l\0002}{section.158}% 81
\BOOKMARK [3][-]{subsubsection.161}{\376\377\0005\000.\0005\000.\0001\000.\0001\000\040\000T\000h\000e\000r\000m\000o\000s\000t\000a\000b\000l\000e\000\040\000L\000i\000g\000a\000s\000e\000s}{subsection.159}% 82
\BOOKMARK [2][-]{subsection.162}{\376\377\0005\000.\0005\000.\0002\000\040\000R\000e\000-\000p\000u\000r\000p\000o\000s\000i\000n\000g\000\040\000t\000h\000e\000\040\000S\000O\000L\000i\000D\000\040\000P\000l\000a\000t\000f\000o\000r\000m}{section.158}% 83
\BOOKMARK [2][-]{subsection.164}{\376\377\0005\000.\0005\000.\0003\000\040\000Q\000u\000a\000n\000t\000i\000f\000y\000i\000n\000g\000\040\000l\000i\000g\000a\000t\000i\000o\000n\000\040\000a\000n\000d\000\040\000P\000C\000R\000\040\000e\000v\000e\000n\000t\000s}{section.158}% 84
\BOOKMARK [2][-]{subsection.165}{\376\377\0005\000.\0005\000.\0004\000\040\000R\000e\000d\000u\000c\000i\000n\000g\000\040\000r\000e\000q\000u\000i\000r\000e\000d\000\040\000i\000n\000p\000u\000t\000\040\000R\000N\000A\000\040\000a\000n\000d\000\040\000l\000i\000g\000a\000m\000e\000r\000\040\000c\000o\000n\000c\000e\000n\000t\000r\000a\000t\000i\000o\000n}{section.158}% 85
\BOOKMARK [2][-]{subsection.166}{\376\377\0005\000.\0005\000.\0005\000\040\000A\000n\000\040\000i\000d\000e\000a\000l\000\040\000S\000e\000q\000Z\000i\000p\000\040\000e\000x\000p\000e\000r\000i\000m\000e\000n\000t\000\040\000t\000o\000\040\000q\000u\000e\000r\000y\000\040\000c\000o\000o\000r\000d\000i\000n\000a\000t\000e\000d\000\040\000s\000p\000l\000i\000c\000i\000n\000g}{section.158}% 86
\BOOKMARK [2][-]{subsection.167}{\376\377\0005\000.\0005\000.\0006\000\040\000S\000e\000q\000Z\000i\000p\000\040\000a\000n\000d\000\040\000s\000i\000n\000g\000l\000e\000-\000m\000o\000l\000e\000c\000u\000l\000e\000\040\000F\000I\000S\000H}{section.158}% 87
\BOOKMARK [1][-]{section.169}{\376\377\0005\000.\0006\000\040\000F\000i\000n\000a\000l\000\040\000t\000h\000o\000u\000g\000h\000t\000s}{chapter.133}% 88
\BOOKMARK [2][-]{subsection.170}{\376\377\0005\000.\0006\000.\0001\000\040\000B\000i\000o\000l\000o\000g\000i\000s\000t\000s\000\040\000n\000e\000e\000d\000\040\000C\000o\000m\000p\000u\000t\000a\000t\000i\000o\000n\000\040\000B\000i\000o\000l\000o\000g\000i\000c\000a\000l\000\040\000S\000k\000i\000l\000l\000s}{section.169}% 89
\BOOKMARK [2][-]{subsection.171}{\376\377\0005\000.\0006\000.\0002\000\040\000S\000c\000i\000e\000n\000c\000e\000\040\000v\000e\000r\000s\000u\000s\000\040\000E\000n\000g\000i\000n\000e\000e\000r\000i\000n\000g\000:\000\040\000T\000w\000o\000\040\000t\000h\000o\000u\000g\000h\000t\000s\000\040\000i\000n\000\040\000o\000n\000e\000\040\000s\000c\000h\000o\000o\000l}{section.169}% 90
\BOOKMARK [2][-]{subsection.173}{\376\377\0005\000.\0006\000.\0003\000\040\000D\000e\000a\000l\000i\000n\000g\000\040\000w\000i\000t\000h\000\040\000t\000h\000e\000\040\000d\000a\000t\000a\000\040\000d\000e\000l\000u\000g\000e}{section.169}% 91
\BOOKMARK [0][-]{appendix.175}{\376\377\000A\000\040\000A\000p\000p\000e\000n\000d\000i\000x\000\040\000-\000\040\000M\000i\000s\000c\000\040\000I\000n\000f\000o\000r\000m\000a\000t\000i\000o\000n}{}% 92
\BOOKMARK [1][-]{section.176}{\376\377\000A\000.\0001\000\040\000B\000u\000f\000f\000e\000r\000s}{appendix.175}% 93
\BOOKMARK [1][-]{section.178}{\376\377\000A\000.\0002\000\040\000E\000q\000u\000a\000t\000i\000o\000n\000s}{appendix.175}% 94
\BOOKMARK [2][-]{subsection.179}{\376\377\000A\000.\0002\000.\0001\000\040\000D\000e\000t\000e\000r\000m\000i\000n\000i\000n\000g\000\040\000[\000R\000N\000A\000]\000\040\000f\000r\000o\000m\000\040\000^\0003\0002\000P\040\023\000U\000T\000P\000\040\000u\000s\000e\000d\000\040\000d\000u\000r\000i\000n\000g\000\040\000v\000i\000t\000r\000o\000\040\000t\000r\000a\000n\000s\000c\000r\000i\000p\000t\000i\000o\000n}{section.178}% 95
\BOOKMARK [2][-]{subsection.180}{\376\377\000A\000.\0002\000.\0002\000\040\000D\000e\000t\000e\000r\000m\000i\000n\000i\000n\000g\000\040\000[\000R\000N\000A\000]\000\040\000b\000a\000s\000e\000d\000\040\000o\000n\000\040\000A\000_\0002\0006\0000}{section.178}% 96
\BOOKMARK [2][-]{subsection.181}{\376\377\000A\000.\0002\000.\0003\000\040\000N\000o\000r\000m\000a\000l\000i\000z\000e\000\040\000o\000x\000i\000d\000i\000z\000e\000d\000\040\000s\000m\000a\000l\000l\000\040\000R\000N\000A\000\040\000l\000i\000b\000r\000a\000r\000i\000e\000s\000\040\000s\000i\000z\000e\000\040\000t\000o\000\040\000t\000i\000m\000e\000-\000m\000a\000t\000c\000h\000e\000d\000\040\000u\000n\000o\000x\000i\000d\000i\000z\000e\000d\000\040\000l\000i\000b\000r\000a\000r\000y}{section.178}% 97
\BOOKMARK [1][-]{section.182}{\376\377\000A\000.\0003\000\040\000P\000C\000R\000\040\000P\000r\000o\000g\000r\000a\000m\000s}{appendix.175}% 98
\BOOKMARK [0][-]{appendix.183}{\376\377\000B\000\040\000A\000p\000p\000e\000n\000d\000i\000x\000\040\000B\000:\000\040\000p\000i\000R\000N\000A\000\040\000p\000r\000e\000c\000u\000r\000o\000r\000s\000\040\000a\000r\000e\000\040\000s\000p\000l\000i\000c\000e\000d}{}% 99
\BOOKMARK [1][-]{section.184}{\376\377\000B\000.\0001\000\040\000E\000v\000i\000d\000e\000n\000c\000e\000\040\000f\000o\000r\000\040\000s\000p\000l\000i\000c\000e\000d\000\040\000p\000i\000R\000N\000A\000\040\000p\000r\000e\000c\000u\000s\000o\000r\000\040\000t\000r\000a\000n\000s\000c\000r\000i\000p\000t\000s}{appendix.183}% 100
\BOOKMARK [0][-]{appendix.190}{\376\377\000C\000\040\000A\000u\000t\000o\000m\000a\000t\000e\000d\000\040\000L\000i\000g\000a\000m\000e\000r\000\040\000A\000s\000s\000e\000m\000b\000l\000y}{}% 101
\BOOKMARK [1][-]{section.191}{\376\377\000C\000.\0001\000\040\000I\000n\000s\000t\000a\000l\000l\000a\000t\000i\000o\000n}{appendix.190}% 102
\BOOKMARK [1][-]{section.212}{\376\377\000C\000.\0002\000\040\000E\000x\000a\000m\000p\000l\000e\000\040\000I\000n\000p\000u\000t\000\040\000F\000o\000r\000m\000a\000t}{appendix.190}% 103
\BOOKMARK [1][-]{section.213}{\376\377\000C\000.\0003\000\040\000L\000i\000g\000a\000m\000e\000r\000\040\000A\000s\000s\000m\000e\000b\000l\000y\000\040\000S\000o\000u\000r\000c\000e\000\040\000C\000o\000d\000e}{appendix.190}% 104
\BOOKMARK [0][-]{dummy.1191}{\376\377\000B\000i\000b\000l\000i\000o\000g\000r\000a\000p\000h\000y}{}% 105
