\BOOKMARK [0][-]{dummy.1}{\376\377\000A\000b\000s\000t\000r\000a\000c\000t}{}% 1
\BOOKMARK [0][-]{dummy.2}{\376\377\000A\000c\000k\000n\000o\000w\000l\000e\000d\000g\000e\000m\000e\000n\000t\000s}{}% 2
\BOOKMARK [0][-]{dummy.3}{\376\377\000C\000o\000n\000t\000e\000n\000t\000s}{}% 3
\BOOKMARK [0][-]{dummy.5}{\376\377\000L\000i\000s\000t\000\040\000o\000f\000\040\000F\000i\000g\000u\000r\000e\000s}{}% 4
\BOOKMARK [0][-]{dummy.7}{\376\377\000L\000i\000s\000t\000\040\000o\000f\000\040\000T\000a\000b\000l\000e\000s}{}% 5
\BOOKMARK [0][-]{dummy.9}{\376\377\000A\000b\000r\000e\000v\000i\000a\000t\000i\000o\000n\000s}{}% 6
\BOOKMARK [0][-]{dummy.11}{\376\377\000S\000y\000m\000b\000o\000l\000s}{}% 7
\BOOKMARK [0][-]{dummy.13}{\376\377\000D\000e\000f\000i\000n\000i\000t\000i\000o\000n\000s}{}% 8
\BOOKMARK [0][-]{dummy.14}{\376\377\000P\000r\000e\000f\000a\000c\000e}{}% 9
\BOOKMARK [0][-]{chapter.15}{\376\377\0001\000\040\000I\000n\000t\000r\000o\000d\000u\000c\000t\000i\000o\000n}{}% 10
\BOOKMARK [1][-]{section.16}{\376\377\0001\000.\0001\000\040\000O\000n\000\040\000t\000h\000e\000\040\000i\000m\000p\000o\000r\000t\000a\000n\000c\000e\000\040\000o\000f\000\040\000g\000e\000n\000e\000\040\000e\000x\000p\000r\000e\000s\000s\000i\000o\000n}{chapter.15}% 11
\BOOKMARK [1][-]{section.18}{\376\377\0001\000.\0002\000\040\000N\000u\000c\000l\000e\000i\000c\000\040\000A\000c\000i\000d\000\040\000S\000e\000q\000e\000u\000n\000c\000i\000n\000g}{chapter.15}% 12
\BOOKMARK [2][-]{subsection.19}{\376\377\0001\000.\0002\000.\0001\000\040\000D\000N\000A\000\040\000S\000e\000q\000u\000e\000n\000c\000i\000n\000g\000\040\000H\000i\000s\000t\000o\000r\000y}{section.18}% 13
\BOOKMARK [2][-]{subsection.20}{\376\377\0001\000.\0002\000.\0002\000\040\000H\000i\000s\000t\000o\000r\000y\000\040\000o\000f\000\040\000H\000i\000g\000h\000-\000t\000h\000r\000o\000u\000g\000h\000p\000u\000t\000\040\000S\000e\000q\000u\000e\000n\000c\000i\000n\000g}{section.18}% 14
\BOOKMARK [2][-]{subsection.22}{\376\377\0001\000.\0002\000.\0003\000\040\000D\000e\000e\000p\000-\000s\000e\000q\000u\000e\000n\000c\000i\000n\000g\000\040\000R\000N\000A\000\040\000m\000e\000t\000h\000o\000d\000o\000l\000o\000g\000i\000e\000s}{section.18}% 15
\BOOKMARK [2][-]{subsection.24}{\376\377\0001\000.\0002\000.\0004\000\040\000M\000e\000a\000s\000u\000i\000n\000g\000\040\000R\000N\000A\000\040\000E\000x\000p\000r\000e\000s\000s\000i\000o\000n\000\040\000v\000i\000a\000\040\000S\000e\000q\000u\000e\000n\000c\000i\000n\000g}{section.18}% 16
\BOOKMARK [1][-]{section.25}{\376\377\0001\000.\0003\000\040\000N\000u\000c\000l\000e\000i\000c\000\040\000A\000c\000i\000d\000\040\000S\000p\000l\000i\000c\000i\000n\000g}{chapter.15}% 17
\BOOKMARK [2][-]{subsection.26}{\376\377\0001\000.\0003\000.\0001\000\040\000A\000l\000t\000e\000r\000n\000a\000t\000i\000v\000e\000\040\000S\000p\000l\000i\000c\000i\000n\000g}{section.25}% 18
\BOOKMARK [2][-]{subsection.27}{\376\377\0001\000.\0003\000.\0002\000\040\000D\000e\000c\000i\000p\000h\000e\000r\000i\000n\000g\000\040\000a\000\040\000s\000p\000l\000i\000c\000i\000n\000g\000\040\000c\000o\000d\000e}{section.25}% 19
\BOOKMARK [2][-]{subsection.28}{\376\377\0001\000.\0003\000.\0003\000\040\000T\000h\000e\000\040\000I\000s\000o\000f\000o\000r\000m\000\040\000P\000r\000o\000b\000l\000e\000m}{section.25}% 20
\BOOKMARK [2][-]{subsection.30}{\376\377\0001\000.\0003\000.\0004\000\040\000C\000o\000o\000r\000d\000i\000n\000a\000t\000i\000o\000n\000\040\000i\000n\000\040\000s\000p\000l\000i\000c\000i\000n\000g}{section.25}% 21
\BOOKMARK [2][-]{subsection.32}{\376\377\0001\000.\0003\000.\0005\000\040\000M\000a\000n\000y\000\040\000i\000s\000o\000f\000o\000r\000m\000s\000\040\000p\000e\000r\000\040\000g\000e\000n\000e}{section.25}% 22
\BOOKMARK [2][-]{subsection.36}{\376\377\0001\000.\0003\000.\0006\000\040\000D\000r\000o\000s\000o\000p\000h\000i\000l\000a\000\040\000m\000e\000l\000a\000n\000o\000g\000a\000s\000t\000e\000r\000\040\000D\000s\000c\000a\000m\0001}{section.25}% 23
\BOOKMARK [1][-]{section.39}{\376\377\0001\000.\0004\000\040\000N\000u\000c\000l\000e\000i\000c\000\040\000A\000c\000i\000d\000\040\000L\000i\000g\000a\000t\000i\000o\000n}{chapter.15}% 24
\BOOKMARK [2][-]{subsection.40}{\376\377\0001\000.\0004\000.\0001\000\040\000R\000N\000A\000\040\000S\000e\000q\000u\000e\000n\000c\000e\000\040\000i\000n\000v\000e\000s\000t\000i\000g\000a\000t\000i\000o\000n\000\040\000b\000y\000\040\000l\000i\000g\000a\000t\000i\000o\000n}{section.39}% 25
\BOOKMARK [2][-]{subsection.42}{\376\377\0001\000.\0004\000.\0002\000\040\000T\0004\000\040\000R\000N\000A\000\040\000L\000i\000g\000a\000s\000e\000\040\0002\000\040\000\050\000R\000n\000l\0002\000\051}{section.39}% 26
\BOOKMARK [1][-]{section.45}{\376\377\0001\000.\0005\000\040\000L\000o\000n\000g\000\040\000N\000u\000c\000l\000e\000i\000c\000\040\000A\000c\000i\000d\000\040\000P\000o\000l\000y\000m\000e\000r\000s}{chapter.15}% 27
\BOOKMARK [2][-]{subsection.46}{\376\377\0001\000.\0005\000.\0001\000\040\000M\000o\000u\000s\000e\000\040\000p\000i\000R\000N\000A\000s\000\040\000a\000r\000e\000\040\000d\000i\000f\000f\000e\000r\000e\000n\000t}{section.45}% 28
\BOOKMARK [0][-]{chapter.50}{\376\377\0002\000\040\000S\000e\000q\000Z\000i\000p\000\040\000M\000e\000t\000h\000o\000d\000o\000l\000o\000g\000y\000\040\000D\000e\000v\000e\000l\000o\000p\000m\000e\000n\000t}{}% 29
\BOOKMARK [1][-]{section.51}{\376\377\0002\000.\0001\000\040\000M\000a\000i\000n\000\040\000S\000e\000c\000t\000i\000o\000n\000\040\0001}{chapter.50}% 30
\BOOKMARK [2][-]{subsection.52}{\376\377\0002\000.\0001\000.\0001\000\040\000S\000u\000b\000s\000e\000c\000t\000i\000o\000n\000\040\0001}{section.51}% 31
\BOOKMARK [2][-]{subsection.53}{\376\377\0002\000.\0001\000.\0002\000\040\000S\000u\000b\000s\000e\000c\000t\000i\000o\000n\000\040\0002}{section.51}% 32
\BOOKMARK [1][-]{section.54}{\376\377\0002\000.\0002\000\040\000M\000a\000i\000n\000\040\000S\000e\000c\000t\000i\000o\000n\000\040\0002}{chapter.50}% 33
\BOOKMARK [0][-]{chapter.56}{\376\377\0003\000\040\000S\000e\000q\000Z\000i\000p\000\040\000P\000u\000b\000l\000i\000c\000a\000t\000i\000o\000n}{}% 34
\BOOKMARK [1][-]{section.57}{\376\377\0003\000.\0001\000\040\000M\000a\000i\000n\000\040\000S\000e\000c\000t\000i\000o\000n\000\040\0001}{chapter.56}% 35
\BOOKMARK [2][-]{subsection.58}{\376\377\0003\000.\0001\000.\0001\000\040\000S\000u\000b\000s\000e\000c\000t\000i\000o\000n\000\040\0001}{section.57}% 36
\BOOKMARK [2][-]{subsection.59}{\376\377\0003\000.\0001\000.\0002\000\040\000S\000u\000b\000s\000e\000c\000t\000i\000o\000n\000\040\0002}{section.57}% 37
\BOOKMARK [1][-]{section.60}{\376\377\0003\000.\0002\000\040\000M\000a\000i\000n\000\040\000S\000e\000c\000t\000i\000o\000n\000\040\0002}{chapter.56}% 38
\BOOKMARK [0][-]{chapter.61}{\376\377\0004\000\040\000D\000i\000s\000c\000u\000s\000s\000i\000o\000n}{}% 39
\BOOKMARK [1][-]{section.62}{\376\377\0004\000.\0001\000\040\000F\000u\000t\000u\000r\000e\000\040\000o\000f\000\040\000D\000y\000a\000n\000m\000i\000c\000\040\000l\000o\000n\000g\000\040\000R\000N\000A\000s}{chapter.61}% 40
\BOOKMARK [2][-]{subsection.63}{\376\377\0004\000.\0001\000.\0001\000\040\000T\000h\000e\000\040\000K\000n\000o\000w\000n\000\040\000K\000n\000o\000w\000n\000s}{section.62}% 41
\BOOKMARK [2][-]{subsection.64}{\376\377\0004\000.\0001\000.\0002\000\040\000T\000h\000e\000\040\000K\000n\000o\000w\000n\000\040\000U\000n\000k\000n\000o\000w\000n\000s}{section.62}% 42
\BOOKMARK [2][-]{subsection.65}{\376\377\0004\000.\0001\000.\0003\000\040\000T\000h\000e\000\040\000U\000n\000k\000n\000o\000w\000n\000\040\000U\000n\000k\000n\000o\000w\000n\000s}{section.62}% 43
\BOOKMARK [1][-]{section.66}{\376\377\0004\000.\0002\000\040\000L\000i\000g\000a\000t\000i\000o\000n\000-\000b\000a\000s\000e\000d\000\040\000i\000n\000v\000e\000s\000t\000i\000g\000a\000t\000i\000o\000n\000\040\000o\000f\000\040\000l\000o\000n\000g\000\040\000R\000N\000A\000s}{chapter.61}% 44
\BOOKMARK [2][-]{subsection.67}{\376\377\0004\000.\0002\000.\0001\000\040\000S\000e\000q\000Z\000i\000p\000\040\000O\000t\000h\000e\000r\000\040\000A\000p\000p\000l\000i\000c\000a\000t\000i\000o\000n\000s}{section.66}% 45
\BOOKMARK [2][-]{subsection.68}{\376\377\0004\000.\0002\000.\0002\000\040\000S\000e\000q\000Z\000i\000p\000\040\000T\000e\000c\000h\000n\000i\000c\000a\000l\000\040\000I\000m\000p\000r\000o\000v\000e\000m\000e\000n\000t\000s}{section.66}% 46
\BOOKMARK [2][-]{subsection.69}{\376\377\0004\000.\0002\000.\0003\000\040\000S\000e\000q\000Z\000i\000p\000\040\000A\000l\000t\000e\000r\000n\000a\000t\000i\000v\000e\000s}{section.66}% 47
\BOOKMARK [1][-]{section.70}{\376\377\0004\000.\0003\000\040\000M\000a\000m\000m\000a\000l\000i\000a\000n\000\040\000p\000i\000R\000N\000A\000-\000p\000r\000e\000c\000u\000r\000s\000o\000r\000s\000,\000\040\000a\000\040\000s\000p\000e\000c\000i\000a\000l\000\040\000t\000y\000p\000e\000\040\000o\000f\000\040\000l\000o\000n\000g\000\040\000R\000N\000A}{chapter.61}% 48
\BOOKMARK [2][-]{subsection.71}{\376\377\0004\000.\0003\000.\0001\000\040\000W\000h\000a\000t\000\040\000a\000r\000e\000\040\000t\000h\000e\000y\000\040\000d\000o\000i\000n\000g\000?}{section.70}% 49
\BOOKMARK [2][-]{subsection.72}{\376\377\0004\000.\0003\000.\0002\000\040\000H\000o\000w\000\040\000a\000r\000e\000\040\000t\000h\000e\000y\000\040\000g\000e\000n\000e\000r\000a\000t\000e\000d\000?}{section.70}% 50
\BOOKMARK [2][-]{subsection.73}{\376\377\0004\000.\0003\000.\0003\000\040\000W\000h\000y\000\040\000s\000h\000o\000u\000l\000d\000\040\000w\000e\000\040\000c\000a\000r\000e\000?}{section.70}% 51
\BOOKMARK [0][-]{appendix.74}{\376\377\000A\000\040\000A\000p\000p\000e\000n\000d\000i\000x\000\040\000-\000\040\000M\000i\000s\000c\000\040\000I\000n\000f\000o\000r\000m\000a\000t\000i\000o\000n}{}% 52
\BOOKMARK [1][-]{section.75}{\376\377\000A\000.\0001\000\040\000B\000u\000f\000f\000e\000r\000s}{appendix.74}% 53
\BOOKMARK [1][-]{section.77}{\376\377\000A\000.\0002\000\040\000E\000q\000u\000a\000t\000i\000o\000n\000s}{appendix.74}% 54
\BOOKMARK [2][-]{subsection.78}{\376\377\000A\000.\0002\000.\0001\000\040\000D\000e\000t\000e\000r\000m\000i\000n\000i\000n\000g\000\040\000[\000R\000N\000A\000]\000\040\000f\000r\000o\000m\000\040\000^\0003\0002\000P\040\023\000U\000T\000P\000\040\000u\000s\000e\000d\000\040\000d\000u\000r\000i\000n\000g\000\040\000v\000i\000t\000r\000o\000\040\000t\000r\000a\000n\000s\000c\000r\000i\000p\000t\000i\000o\000n}{section.77}% 55
\BOOKMARK [2][-]{subsection.79}{\376\377\000A\000.\0002\000.\0002\000\040\000D\000e\000t\000e\000r\000m\000i\000n\000i\000n\000g\000\040\000[\000R\000N\000A\000]\000\040\000b\000a\000s\000e\000d\000\040\000o\000n\000\040\000A\000_\0002\0006\0000}{section.77}% 56
\BOOKMARK [2][-]{subsection.80}{\376\377\000A\000.\0002\000.\0003\000\040\000N\000o\000r\000m\000a\000l\000i\000z\000e\000\040\000o\000x\000i\000d\000i\000z\000e\000d\000\040\000s\000m\000a\000l\000l\000\040\000R\000N\000A\000\040\000l\000i\000b\000r\000a\000r\000i\000e\000s\000\040\000s\000i\000z\000e\000\040\000t\000o\000\040\000t\000i\000m\000e\000-\000m\000a\000t\000c\000h\000e\000d\000\040\000u\000n\000o\000x\000i\000d\000i\000z\000e\000d\000\040\000l\000i\000b\000r\000a\000r\000y}{section.77}% 57
\BOOKMARK [1][-]{section.81}{\376\377\000A\000.\0003\000\040\000P\000C\000R\000\040\000P\000r\000o\000g\000r\000a\000m\000s}{appendix.74}% 58
\BOOKMARK [1][-]{section.82}{\376\377\000A\000.\0004\000\040\000S\000o\000u\000r\000c\000e\000\040\000C\000o\000d\000e}{appendix.74}% 59
\BOOKMARK [0][-]{dummy.90}{\376\377\000B\000i\000b\000l\000i\000o\000g\000r\000a\000p\000h\000y}{}% 60
