This is pdfTeX, Version 3.1415926-2.5-1.40.14 (TeX Live 2013) (format=pdflatex 2014.3.25)  26 MAR 2014 21:01
entering extended mode
 restricted \write18 enabled.
 %&-line parsing enabled.
**thesis.v0.14.tex -recorder
(./thesis.v0.14.tex
LaTeX2e <2011/06/27>
Babel <3.9j> and hyphenation patterns for 78 languages loaded.
(./Thesis.cls
Document Class: Thesis 2007/22/02 v1.0 LaTeX document class
(/usr/local/texlive/2013/texmf-dist/tex/latex/base/book.cls
Document Class: book 2007/10/19 v1.4h Standard LaTeX document class
(/usr/local/texlive/2013/texmf-dist/tex/latex/base/bk12.clo
File: bk12.clo 2007/10/19 v1.4h Standard LaTeX file (size option)
)
\c@part=\count79
\c@chapter=\count80
\c@section=\count81
\c@subsection=\count82
\c@subsubsection=\count83
\c@paragraph=\count84
\c@subparagraph=\count85
\c@figure=\count86
\c@table=\count87
\abovecaptionskip=\skip41
\belowcaptionskip=\skip42
\bibindent=\dimen102
)
(/usr/local/texlive/2013/texmf-dist/tex/latex/setspace/setspace.sty
Package: setspace 2011/12/19 v6.7a set line spacing
)
(/usr/local/texlive/2013/texmf-dist/tex/latex/vmargin/vmargin.sty
Package: vmargin 2004/07/15 V2.5 set document margins (VK)

Package: vmargin 2004/07/15 V2.5 set document margins (VK)
\PaperWidth=\dimen103
\PaperHeight=\dimen104
) (/usr/local/texlive/2013/texmf-dist/tex/latex/base/inputenc.sty
Package: inputenc 2008/03/30 v1.1d Input encoding file
\inpenc@prehook=\toks14
\inpenc@posthook=\toks15

(/usr/local/texlive/2013/texmf-dist/tex/latex/base/utf8.def
File: utf8.def 2008/04/05 v1.1m UTF-8 support for inputenc
Now handling font encoding OML ...
... no UTF-8 mapping file for font encoding OML
Now handling font encoding T1 ...
... processing UTF-8 mapping file for font encoding T1

(/usr/local/texlive/2013/texmf-dist/tex/latex/base/t1enc.dfu
File: t1enc.dfu 2008/04/05 v1.1m UTF-8 support for inputenc
   defining Unicode char U+00A1 (decimal 161)
   defining Unicode char U+00A3 (decimal 163)
   defining Unicode char U+00AB (decimal 171)
   defining Unicode char U+00BB (decimal 187)
   defining Unicode char U+00BF (decimal 191)
   defining Unicode char U+00C0 (decimal 192)
   defining Unicode char U+00C1 (decimal 193)
   defining Unicode char U+00C2 (decimal 194)
   defining Unicode char U+00C3 (decimal 195)
   defining Unicode char U+00C4 (decimal 196)
   defining Unicode char U+00C5 (decimal 197)
   defining Unicode char U+00C6 (decimal 198)
   defining Unicode char U+00C7 (decimal 199)
   defining Unicode char U+00C8 (decimal 200)
   defining Unicode char U+00C9 (decimal 201)
   defining Unicode char U+00CA (decimal 202)
   defining Unicode char U+00CB (decimal 203)
   defining Unicode char U+00CC (decimal 204)
   defining Unicode char U+00CD (decimal 205)
   defining Unicode char U+00CE (decimal 206)
   defining Unicode char U+00CF (decimal 207)
   defining Unicode char U+00D0 (decimal 208)
   defining Unicode char U+00D1 (decimal 209)
   defining Unicode char U+00D2 (decimal 210)
   defining Unicode char U+00D3 (decimal 211)
   defining Unicode char U+00D4 (decimal 212)
   defining Unicode char U+00D5 (decimal 213)
   defining Unicode char U+00D6 (decimal 214)
   defining Unicode char U+00D8 (decimal 216)
   defining Unicode char U+00D9 (decimal 217)
   defining Unicode char U+00DA (decimal 218)
   defining Unicode char U+00DB (decimal 219)
   defining Unicode char U+00DC (decimal 220)
   defining Unicode char U+00DD (decimal 221)
   defining Unicode char U+00DE (decimal 222)
   defining Unicode char U+00DF (decimal 223)
   defining Unicode char U+00E0 (decimal 224)
   defining Unicode char U+00E1 (decimal 225)
   defining Unicode char U+00E2 (decimal 226)
   defining Unicode char U+00E3 (decimal 227)
   defining Unicode char U+00E4 (decimal 228)
   defining Unicode char U+00E5 (decimal 229)
   defining Unicode char U+00E6 (decimal 230)
   defining Unicode char U+00E7 (decimal 231)
   defining Unicode char U+00E8 (decimal 232)
   defining Unicode char U+00E9 (decimal 233)
   defining Unicode char U+00EA (decimal 234)
   defining Unicode char U+00EB (decimal 235)
   defining Unicode char U+00EC (decimal 236)
   defining Unicode char U+00ED (decimal 237)
   defining Unicode char U+00EE (decimal 238)
   defining Unicode char U+00EF (decimal 239)
   defining Unicode char U+00F0 (decimal 240)
   defining Unicode char U+00F1 (decimal 241)
   defining Unicode char U+00F2 (decimal 242)
   defining Unicode char U+00F3 (decimal 243)
   defining Unicode char U+00F4 (decimal 244)
   defining Unicode char U+00F5 (decimal 245)
   defining Unicode char U+00F6 (decimal 246)
   defining Unicode char U+00F8 (decimal 248)
   defining Unicode char U+00F9 (decimal 249)
   defining Unicode char U+00FA (decimal 250)
   defining Unicode char U+00FB (decimal 251)
   defining Unicode char U+00FC (decimal 252)
   defining Unicode char U+00FD (decimal 253)
   defining Unicode char U+00FE (decimal 254)
   defining Unicode char U+00FF (decimal 255)
   defining Unicode char U+0102 (decimal 258)
   defining Unicode char U+0103 (decimal 259)
   defining Unicode char U+0104 (decimal 260)
   defining Unicode char U+0105 (decimal 261)
   defining Unicode char U+0106 (decimal 262)
   defining Unicode char U+0107 (decimal 263)
   defining Unicode char U+010C (decimal 268)
   defining Unicode char U+010D (decimal 269)
   defining Unicode char U+010E (decimal 270)
   defining Unicode char U+010F (decimal 271)
   defining Unicode char U+0110 (decimal 272)
   defining Unicode char U+0111 (decimal 273)
   defining Unicode char U+0118 (decimal 280)
   defining Unicode char U+0119 (decimal 281)
   defining Unicode char U+011A (decimal 282)
   defining Unicode char U+011B (decimal 283)
   defining Unicode char U+011E (decimal 286)
   defining Unicode char U+011F (decimal 287)
   defining Unicode char U+0130 (decimal 304)
   defining Unicode char U+0131 (decimal 305)
   defining Unicode char U+0132 (decimal 306)
   defining Unicode char U+0133 (decimal 307)
   defining Unicode char U+0139 (decimal 313)
   defining Unicode char U+013A (decimal 314)
   defining Unicode char U+013D (decimal 317)
   defining Unicode char U+013E (decimal 318)
   defining Unicode char U+0141 (decimal 321)
   defining Unicode char U+0142 (decimal 322)
   defining Unicode char U+0143 (decimal 323)
   defining Unicode char U+0144 (decimal 324)
   defining Unicode char U+0147 (decimal 327)
   defining Unicode char U+0148 (decimal 328)
   defining Unicode char U+014A (decimal 330)
   defining Unicode char U+014B (decimal 331)
   defining Unicode char U+0150 (decimal 336)
   defining Unicode char U+0151 (decimal 337)
   defining Unicode char U+0152 (decimal 338)
   defining Unicode char U+0153 (decimal 339)
   defining Unicode char U+0154 (decimal 340)
   defining Unicode char U+0155 (decimal 341)
   defining Unicode char U+0158 (decimal 344)
   defining Unicode char U+0159 (decimal 345)
   defining Unicode char U+015A (decimal 346)
   defining Unicode char U+015B (decimal 347)
   defining Unicode char U+015E (decimal 350)
   defining Unicode char U+015F (decimal 351)
   defining Unicode char U+0160 (decimal 352)
   defining Unicode char U+0161 (decimal 353)
   defining Unicode char U+0162 (decimal 354)
   defining Unicode char U+0163 (decimal 355)
   defining Unicode char U+0164 (decimal 356)
   defining Unicode char U+0165 (decimal 357)
   defining Unicode char U+016E (decimal 366)
   defining Unicode char U+016F (decimal 367)
   defining Unicode char U+0170 (decimal 368)
   defining Unicode char U+0171 (decimal 369)
   defining Unicode char U+0178 (decimal 376)
   defining Unicode char U+0179 (decimal 377)
   defining Unicode char U+017A (decimal 378)
   defining Unicode char U+017B (decimal 379)
   defining Unicode char U+017C (decimal 380)
   defining Unicode char U+017D (decimal 381)
   defining Unicode char U+017E (decimal 382)
   defining Unicode char U+200C (decimal 8204)
   defining Unicode char U+2013 (decimal 8211)
   defining Unicode char U+2014 (decimal 8212)
   defining Unicode char U+2018 (decimal 8216)
   defining Unicode char U+2019 (decimal 8217)
   defining Unicode char U+201A (decimal 8218)
   defining Unicode char U+201C (decimal 8220)
   defining Unicode char U+201D (decimal 8221)
   defining Unicode char U+201E (decimal 8222)
   defining Unicode char U+2030 (decimal 8240)
   defining Unicode char U+2031 (decimal 8241)
   defining Unicode char U+2039 (decimal 8249)
   defining Unicode char U+203A (decimal 8250)
   defining Unicode char U+2423 (decimal 9251)
)
Now handling font encoding OT1 ...
... processing UTF-8 mapping file for font encoding OT1

(/usr/local/texlive/2013/texmf-dist/tex/latex/base/ot1enc.dfu
File: ot1enc.dfu 2008/04/05 v1.1m UTF-8 support for inputenc
   defining Unicode char U+00A1 (decimal 161)
   defining Unicode char U+00A3 (decimal 163)
   defining Unicode char U+00B8 (decimal 184)
   defining Unicode char U+00BF (decimal 191)
   defining Unicode char U+00C5 (decimal 197)
   defining Unicode char U+00C6 (decimal 198)
   defining Unicode char U+00D8 (decimal 216)
   defining Unicode char U+00DF (decimal 223)
   defining Unicode char U+00E6 (decimal 230)
   defining Unicode char U+00EC (decimal 236)
   defining Unicode char U+00ED (decimal 237)
   defining Unicode char U+00EE (decimal 238)
   defining Unicode char U+00EF (decimal 239)
   defining Unicode char U+00F8 (decimal 248)
   defining Unicode char U+0131 (decimal 305)
   defining Unicode char U+0141 (decimal 321)
   defining Unicode char U+0142 (decimal 322)
   defining Unicode char U+0152 (decimal 338)
   defining Unicode char U+0153 (decimal 339)
   defining Unicode char U+2013 (decimal 8211)
   defining Unicode char U+2014 (decimal 8212)
   defining Unicode char U+2018 (decimal 8216)
   defining Unicode char U+2019 (decimal 8217)
   defining Unicode char U+201C (decimal 8220)
   defining Unicode char U+201D (decimal 8221)
)
Now handling font encoding OMS ...
... processing UTF-8 mapping file for font encoding OMS

(/usr/local/texlive/2013/texmf-dist/tex/latex/base/omsenc.dfu
File: omsenc.dfu 2008/04/05 v1.1m UTF-8 support for inputenc
   defining Unicode char U+00A7 (decimal 167)
   defining Unicode char U+00B6 (decimal 182)
   defining Unicode char U+00B7 (decimal 183)
   defining Unicode char U+2020 (decimal 8224)
   defining Unicode char U+2021 (decimal 8225)
   defining Unicode char U+2022 (decimal 8226)
)
Now handling font encoding OMX ...
... no UTF-8 mapping file for font encoding OMX
Now handling font encoding U ...
... no UTF-8 mapping file for font encoding U
   defining Unicode char U+00A9 (decimal 169)
   defining Unicode char U+00AA (decimal 170)
   defining Unicode char U+00AE (decimal 174)
   defining Unicode char U+00BA (decimal 186)
   defining Unicode char U+02C6 (decimal 710)
   defining Unicode char U+02DC (decimal 732)
   defining Unicode char U+200C (decimal 8204)
   defining Unicode char U+2026 (decimal 8230)
   defining Unicode char U+2122 (decimal 8482)
   defining Unicode char U+2423 (decimal 9251)
))
(/usr/local/texlive/2013/texmf-dist/tex/latex/fancyhdr/fancyhdr.sty
\fancy@headwidth=\skip43
\f@ncyO@elh=\skip44
\f@ncyO@erh=\skip45
\f@ncyO@olh=\skip46
\f@ncyO@orh=\skip47
\f@ncyO@elf=\skip48
\f@ncyO@erf=\skip49
\f@ncyO@olf=\skip50
\f@ncyO@orf=\skip51
)
(/usr/local/texlive/2013/texmf-dist/tex/latex/amsmath/amsmath.sty
Package: amsmath 2013/01/14 v2.14 AMS math features
\@mathmargin=\skip52

For additional information on amsmath, use the `?' option.
(/usr/local/texlive/2013/texmf-dist/tex/latex/amsmath/amstext.sty
Package: amstext 2000/06/29 v2.01

(/usr/local/texlive/2013/texmf-dist/tex/latex/amsmath/amsgen.sty
File: amsgen.sty 1999/11/30 v2.0
\@emptytoks=\toks16
\ex@=\dimen105
))
(/usr/local/texlive/2013/texmf-dist/tex/latex/amsmath/amsbsy.sty
Package: amsbsy 1999/11/29 v1.2d
\pmbraise@=\dimen106
)
(/usr/local/texlive/2013/texmf-dist/tex/latex/amsmath/amsopn.sty
Package: amsopn 1999/12/14 v2.01 operator names
)
\inf@bad=\count88
LaTeX Info: Redefining \frac on input line 210.
\uproot@=\count89
\leftroot@=\count90
LaTeX Info: Redefining \overline on input line 306.
\classnum@=\count91
\DOTSCASE@=\count92
LaTeX Info: Redefining \ldots on input line 378.
LaTeX Info: Redefining \dots on input line 381.
LaTeX Info: Redefining \cdots on input line 466.
\Mathstrutbox@=\box26
\strutbox@=\box27
\big@size=\dimen107
LaTeX Font Info:    Redeclaring font encoding OML on input line 566.
LaTeX Font Info:    Redeclaring font encoding OMS on input line 567.
\macc@depth=\count93
\c@MaxMatrixCols=\count94
\dotsspace@=\muskip10
\c@parentequation=\count95
\dspbrk@lvl=\count96
\tag@help=\toks17
\row@=\count97
\column@=\count98
\maxfields@=\count99
\andhelp@=\toks18
\eqnshift@=\dimen108
\alignsep@=\dimen109
\tagshift@=\dimen110
\tagwidth@=\dimen111
\totwidth@=\dimen112
\lineht@=\dimen113
\@envbody=\toks19
\multlinegap=\skip53
\multlinetaggap=\skip54
\mathdisplay@stack=\toks20
LaTeX Info: Redefining \[ on input line 2665.
LaTeX Info: Redefining \] on input line 2666.
)
(/usr/local/texlive/2013/texmf-dist/tex/latex/amsfonts/amsfonts.sty
Package: amsfonts 2013/01/14 v3.01 Basic AMSFonts support
\symAMSa=\mathgroup4
\symAMSb=\mathgroup5
LaTeX Font Info:    Overwriting math alphabet `\mathfrak' in version `bold'
(Font)                  U/euf/m/n --> U/euf/b/n on input line 106.
)
(/usr/local/texlive/2013/texmf-dist/tex/latex/amsfonts/amssymb.sty
Package: amssymb 2013/01/14 v3.01 AMS font symbols
)
(/usr/local/texlive/2013/texmf-dist/tex/latex/amsmath/amscd.sty
Package: amscd 1999/11/29 v2.0
\athelp@=\toks21
\minaw@=\dimen114
\bigaw@=\dimen115
\minCDarrowwidth=\dimen116
)
(/usr/local/texlive/2013/texmf-dist/tex/latex/amscls/amsthm.sty
Package: amsthm 2004/08/06 v2.20
\thm@style=\toks22
\thm@bodyfont=\toks23
\thm@headfont=\toks24
\thm@notefont=\toks25
\thm@headpunct=\toks26
\thm@preskip=\skip55
\thm@postskip=\skip56
\thm@headsep=\skip57
\dth@everypar=\toks27
)
(/usr/local/texlive/2013/texmf-dist/tex/latex/tools/xspace.sty
Package: xspace 2009/10/20 v1.13 Space after command names (DPC,MH)
)
\c@example=\count100
\c@theorem=\count101

(/usr/local/texlive/2013/texmf-dist/tex/latex/caption/caption.sty
Package: caption 2013/05/02 v3.3-89 Customizing captions (AR)

(/usr/local/texlive/2013/texmf-dist/tex/latex/caption/caption3.sty
Package: caption3 2013/05/02 v1.6-88 caption3 kernel (AR)
Package caption3 Info: TeX engine: e-TeX on input line 57.

(/usr/local/texlive/2013/texmf-dist/tex/latex/graphics/keyval.sty
Package: keyval 1999/03/16 v1.13 key=value parser (DPC)
\KV@toks@=\toks28
)
\captionmargin=\dimen117
\captionmargin@=\dimen118
\captionwidth=\dimen119
\caption@tempdima=\dimen120
\caption@indent=\dimen121
\caption@parindent=\dimen122
\caption@hangindent=\dimen123
)
\c@ContinuedFloat=\count102
)
(/usr/local/texlive/2013/texmf-dist/tex/latex/graphics/graphicx.sty
Package: graphicx 1999/02/16 v1.0f Enhanced LaTeX Graphics (DPC,SPQR)

(/usr/local/texlive/2013/texmf-dist/tex/latex/graphics/graphics.sty
Package: graphics 2009/02/05 v1.0o Standard LaTeX Graphics (DPC,SPQR)

(/usr/local/texlive/2013/texmf-dist/tex/latex/graphics/trig.sty
Package: trig 1999/03/16 v1.09 sin cos tan (DPC)
)
(/usr/local/texlive/2013/texmf-dist/tex/latex/latexconfig/graphics.cfg
File: graphics.cfg 2010/04/23 v1.9 graphics configuration of TeX Live
)
Package graphics Info: Driver file: pdftex.def on input line 91.

(/usr/local/texlive/2013/texmf-dist/tex/latex/pdftex-def/pdftex.def
File: pdftex.def 2011/05/27 v0.06d Graphics/color for pdfTeX

(/usr/local/texlive/2013/texmf-dist/tex/generic/oberdiek/infwarerr.sty
Package: infwarerr 2010/04/08 v1.3 Providing info/warning/error messages (HO)
)
(/usr/local/texlive/2013/texmf-dist/tex/generic/oberdiek/ltxcmds.sty
Package: ltxcmds 2011/11/09 v1.22 LaTeX kernel commands for general use (HO)
)
\Gread@gobject=\count103
))
\Gin@req@height=\dimen124
\Gin@req@width=\dimen125
)
(/usr/local/texlive/2013/texmf-dist/tex/latex/oberdiek/epstopdf.sty
Package: epstopdf 2010/02/09 v2.5 Conversion with epstopdf on the fly (HO)

(/usr/local/texlive/2013/texmf-dist/tex/latex/oberdiek/epstopdf-base.sty
Package: epstopdf-base 2010/02/09 v2.5 Base part for package epstopdf

(/usr/local/texlive/2013/texmf-dist/tex/latex/oberdiek/grfext.sty
Package: grfext 2010/08/19 v1.1 Manage graphics extensions (HO)

(/usr/local/texlive/2013/texmf-dist/tex/generic/oberdiek/kvdefinekeys.sty
Package: kvdefinekeys 2011/04/07 v1.3 Define keys (HO)
))
(/usr/local/texlive/2013/texmf-dist/tex/latex/oberdiek/kvoptions.sty
Package: kvoptions 2011/06/30 v3.11 Key value format for package options (HO)

(/usr/local/texlive/2013/texmf-dist/tex/generic/oberdiek/kvsetkeys.sty
Package: kvsetkeys 2012/04/25 v1.16 Key value parser (HO)

(/usr/local/texlive/2013/texmf-dist/tex/generic/oberdiek/etexcmds.sty
Package: etexcmds 2011/02/16 v1.5 Avoid name clashes with e-TeX commands (HO)

(/usr/local/texlive/2013/texmf-dist/tex/generic/oberdiek/ifluatex.sty
Package: ifluatex 2010/03/01 v1.3 Provides the ifluatex switch (HO)
Package ifluatex Info: LuaTeX not detected.
)
Package etexcmds Info: Could not find \expanded.
(etexcmds)             That can mean that you are not using pdfTeX 1.50 or
(etexcmds)             that some package has redefined \expanded.
(etexcmds)             In the latter case, load this package earlier.
)))
(/usr/local/texlive/2013/texmf-dist/tex/generic/oberdiek/pdftexcmds.sty
Package: pdftexcmds 2011/11/29 v0.20 Utility functions of pdfTeX for LuaTeX (HO
)

(/usr/local/texlive/2013/texmf-dist/tex/generic/oberdiek/ifpdf.sty
Package: ifpdf 2011/01/30 v2.3 Provides the ifpdf switch (HO)
Package ifpdf Info: pdfTeX in PDF mode is detected.
)
Package pdftexcmds Info: LuaTeX not detected.
Package pdftexcmds Info: \pdf@primitive is available.
Package pdftexcmds Info: \pdf@ifprimitive is available.
Package pdftexcmds Info: \pdfdraftmode found.
)
Package grfext Info: Graphics extension search list:
(grfext)             [.png,.pdf,.jpg,.mps,.jpeg,.jbig2,.jb2,.PNG,.PDF,.JPG,.JPE
G,.JBIG2,.JB2,.eps]
(grfext)             \AppendGraphicsExtensions on input line 452.

(/usr/local/texlive/2013/texmf-dist/tex/latex/latexconfig/epstopdf-sys.cfg
File: epstopdf-sys.cfg 2010/07/13 v1.3 Configuration of (r)epstopdf for TeX Liv
e
)))
(/usr/local/texlive/2013/texmf-dist/tex/latex/booktabs/booktabs.sty
Package: booktabs 2005/04/14 v1.61803 publication quality tables
\heavyrulewidth=\dimen126
\lightrulewidth=\dimen127
\cmidrulewidth=\dimen128
\belowrulesep=\dimen129
\belowbottomsep=\dimen130
\aboverulesep=\dimen131
\abovetopsep=\dimen132
\cmidrulesep=\dimen133
\cmidrulekern=\dimen134
\defaultaddspace=\dimen135
\@cmidla=\count104
\@cmidlb=\count105
\@aboverulesep=\dimen136
\@belowrulesep=\dimen137
\@thisruleclass=\count106
\@lastruleclass=\count107
\@thisrulewidth=\dimen138
)
(/usr/local/texlive/2013/texmf-dist/tex/latex/rotating/rotating.sty
Package: rotating 2009/03/28 v2.16a rotated objects in LaTeX

(/usr/local/texlive/2013/texmf-dist/tex/latex/base/ifthen.sty
Package: ifthen 2001/05/26 v1.1c Standard LaTeX ifthen package (DPC)
)
\c@r@tfl@t=\count108
\rotFPtop=\skip58
\rotFPbot=\skip59
\rot@float@box=\box28
\rot@mess@toks=\toks29
)
(/usr/local/texlive/2013/texmf-dist/tex/latex/listings/listings.sty
\lst@mode=\count109
\lst@gtempboxa=\box29
\lst@token=\toks30
\lst@length=\count110
\lst@currlwidth=\dimen139
\lst@column=\count111
\lst@pos=\count112
\lst@lostspace=\dimen140
\lst@width=\dimen141
\lst@newlines=\count113
\lst@lineno=\count114
\lst@maxwidth=\dimen142

(./lstpatch.sty

***
*** This is a patch for listings 1.3, but you're using
*** version 1.5c.
***
*** Patch file not loaded.
***

) (/usr/local/texlive/2013/texmf-dist/tex/latex/listings/lstmisc.sty
File: lstmisc.sty 2014/03/04 1.5c (Carsten Heinz)
\c@lstnumber=\count115
\lst@skipnumbers=\count116
\lst@framebox=\box30
)
(/usr/local/texlive/2013/texmf-dist/tex/latex/listings/listings.cfg
File: listings.cfg 2014/03/04 1.5c listings configuration
))
Package: listings 2014/03/04 1.5c (Carsten Heinz)

(./lstpatch.sty

***
*** This is a patch for listings 1.3, but you're using
*** version 1.5c.
***
 *** Patch file not loaded.
***

) (/usr/local/texlive/2013/texmf-dist/tex/latex/hyperref/hyperref.sty
Package: hyperref 2012/11/06 v6.83m Hypertext links for LaTeX

(/usr/local/texlive/2013/texmf-dist/tex/generic/oberdiek/hobsub-hyperref.sty
Package: hobsub-hyperref 2012/05/28 v1.13 Bundle oberdiek, subset hyperref (HO)


(/usr/local/texlive/2013/texmf-dist/tex/generic/oberdiek/hobsub-generic.sty
Package: hobsub-generic 2012/05/28 v1.13 Bundle oberdiek, subset generic (HO)
Package: hobsub 2012/05/28 v1.13 Construct package bundles (HO)
Package hobsub Info: Skipping package `infwarerr' (already loaded).
Package hobsub Info: Skipping package `ltxcmds' (already loaded).
Package hobsub Info: Skipping package `ifluatex' (already loaded).
Package: ifvtex 2010/03/01 v1.5 Detect VTeX and its facilities (HO)
Package ifvtex Info: VTeX not detected.
Package: intcalc 2007/09/27 v1.1 Expandable calculations with integers (HO)
Package hobsub Info: Skipping package `ifpdf' (already loaded).
Package hobsub Info: Skipping package `etexcmds' (already loaded).
Package hobsub Info: Skipping package `kvsetkeys' (already loaded).
Package hobsub Info: Skipping package `kvdefinekeys' (already loaded).
Package hobsub Info: Skipping package `pdftexcmds' (already loaded).
Package: pdfescape 2011/11/25 v1.13 Implements pdfTeX's escape features (HO)
Package: bigintcalc 2012/04/08 v1.3 Expandable calculations on big integers (HO
)
Package: bitset 2011/01/30 v1.1 Handle bit-vector datatype (HO)
Package: uniquecounter 2011/01/30 v1.2 Provide unlimited unique counter (HO)
)
Package hobsub Info: Skipping package `hobsub' (already loaded).
Package: letltxmacro 2010/09/02 v1.4 Let assignment for LaTeX macros (HO)
Package: hopatch 2012/05/28 v1.2 Wrapper for package hooks (HO)
Package: xcolor-patch 2011/01/30 xcolor patch
Package: atveryend 2011/06/30 v1.8 Hooks at the very end of document (HO)
Package atveryend Info: \enddocument detected (standard20110627).
Package: atbegshi 2011/10/05 v1.16 At begin shipout hook (HO)
Package: refcount 2011/10/16 v3.4 Data extraction from label references (HO)
Package: hycolor 2011/01/30 v1.7 Color options for hyperref/bookmark (HO)
)
(/usr/local/texlive/2013/texmf-dist/tex/generic/ifxetex/ifxetex.sty
Package: ifxetex 2010/09/12 v0.6 Provides ifxetex conditional
)
(/usr/local/texlive/2013/texmf-dist/tex/latex/oberdiek/auxhook.sty
Package: auxhook 2011/03/04 v1.3 Hooks for auxiliary files (HO)
)
\@linkdim=\dimen143
\Hy@linkcounter=\count117
\Hy@pagecounter=\count118

(/usr/local/texlive/2013/texmf-dist/tex/latex/hyperref/pd1enc.def
File: pd1enc.def 2012/11/06 v6.83m Hyperref: PDFDocEncoding definition (HO)
Now handling font encoding PD1 ...
... no UTF-8 mapping file for font encoding PD1
)
\Hy@SavedSpaceFactor=\count119

(/usr/local/texlive/2013/texmf-dist/tex/latex/latexconfig/hyperref.cfg
File: hyperref.cfg 2002/06/06 v1.2 hyperref configuration of TeXLive
)
Package hyperref Info: Option `bookmarks' set `true' on input line 4319.
Package hyperref Info: Option `bookmarksopen' set `true' on input line 4319.
Package hyperref Info: Option `bookmarksnumbered' set `true' on input line 4319
.
Package hyperref Info: Option `hypertexnames' set `false' on input line 4319.
Package hyperref Info: Option `colorlinks' set `true' on input line 4319.
Package hyperref Info: Option `unicode' set `true' on input line 4319.

(/usr/local/texlive/2013/texmf-dist/tex/latex/hyperref/puenc.def
File: puenc.def 2012/11/06 v6.83m Hyperref: PDF Unicode definition (HO)
Now handling font encoding PU ...
... no UTF-8 mapping file for font encoding PU
)
Package hyperref Info: Option `breaklinks' set `true' on input line 4319.
Package hyperref Info: Hyper figures OFF on input line 4443.
Package hyperref Info: Link nesting OFF on input line 4448.
Package hyperref Info: Hyper index ON on input line 4451.
Package hyperref Info: Plain pages OFF on input line 4458.
Package hyperref Info: Backreferencing OFF on input line 4463.
Package hyperref Info: Implicit mode ON; LaTeX internals redefined.
Package hyperref Info: Bookmarks ON on input line 4688.
\c@Hy@tempcnt=\count120

(/usr/local/texlive/2013/texmf-dist/tex/latex/url/url.sty
\Urlmuskip=\muskip11
Package: url 2013/09/16  ver 3.4  Verb mode for urls, etc.
)
LaTeX Info: Redefining \url on input line 5041.
\XeTeXLinkMargin=\dimen144
\Fld@menulength=\count121
\Field@Width=\dimen145
\Fld@charsize=\dimen146
Package hyperref Info: Hyper figures OFF on input line 6295.
Package hyperref Info: Link nesting OFF on input line 6300.
Package hyperref Info: Hyper index ON on input line 6303.
Package hyperref Info: backreferencing OFF on input line 6310.
Package hyperref Info: Link coloring ON on input line 6313.
Package hyperref Info: Link coloring with OCG OFF on input line 6320.
Package hyperref Info: PDF/A mode OFF on input line 6325.
LaTeX Info: Redefining \ref on input line 6365.
LaTeX Info: Redefining \pageref on input line 6369.
\Hy@abspage=\count122
\c@Item=\count123
\c@Hfootnote=\count124
)

Package hyperref Message: Driver (autodetected): hpdftex.

(/usr/local/texlive/2013/texmf-dist/tex/latex/hyperref/hpdftex.def
File: hpdftex.def 2012/11/06 v6.83m Hyperref driver for pdfTeX
\Fld@listcount=\count125
\c@bookmark@seq@number=\count126

(/usr/local/texlive/2013/texmf-dist/tex/latex/oberdiek/rerunfilecheck.sty
Package: rerunfilecheck 2011/04/15 v1.7 Rerun checks for auxiliary files (HO)
Package uniquecounter Info: New unique counter `rerunfilecheck' on input line 2
82.
)
\Hy@SectionHShift=\skip60
)
\c@dummy=\count127
)
(/usr/local/texlive/2013/texmf-dist/tex/latex/parskip/parskip.sty
Package: parskip 2001/04/09 non-zero parskip adjustments
)
(/usr/local/texlive/2013/texmf-dist/tex/latex/float/float.sty
Package: float 2001/11/08 v1.3d Float enhancements (AL)
\c@float@type=\count128
\float@exts=\toks31
\float@box=\box31
\@float@everytoks=\toks32
\@floatcapt=\box32
)
\@float@every@figure=\toks33

(/usr/local/texlive/2013/texmf-dist/tex/latex/psnfss/helvet.sty
Package: helvet 2005/04/12 PSNFSS-v9.2a (WaS) 
)
(/usr/local/texlive/2013/texmf-dist/tex/latex/titlesec/titlesec.sty
Package: titlesec 2011/12/15 v2.10.0 Sectioning titles
\ttl@box=\box33
\beforetitleunit=\skip61
\aftertitleunit=\skip62
\ttl@plus=\dimen147
\ttl@minus=\dimen148
\ttl@toksa=\toks34
\titlewidth=\dimen149
\titlewidthlast=\dimen150
\titlewidthfirst=\dimen151
)
(/usr/local/texlive/2013/texmf-dist/tex/latex/base/fontenc.sty
Package: fontenc 2005/09/27 v1.99g Standard LaTeX package

(/usr/local/texlive/2013/texmf-dist/tex/latex/base/t1enc.def
File: t1enc.def 2005/09/27 v1.99g Standard LaTeX file
LaTeX Font Info:    Redeclaring font encoding T1 on input line 43.
))
(/usr/local/texlive/2013/texmf-dist/tex/latex/mh/flexisym.sty
(/usr/local/texlive/2013/texmf-dist/tex/latex/l3kernel/expl3.sty
(/usr/local/texlive/2013/texmf-dist/tex/latex/l3kernel/l3names.sty
(/usr/local/texlive/2013/texmf-dist/tex/latex/l3kernel/l3bootstrap.sty
Package: l3bootstrap 2014/01/04 v4640 L3 Experimental bootstrap code
)
Package: l3names 2014/01/04 v4640 L3 Namespace for primitives
)
(/usr/local/texlive/2013/texmf-dist/tex/latex/etex-pkg/etex.sty
Package: etex 1998/03/26 v2.0 eTeX basic definition package (PEB)
\et@xins=\count129
)
Package: expl3 2014/01/07 v4646 L3 Experimental code bundle wrapper

(/usr/local/texlive/2013/texmf-dist/tex/latex/l3kernel/l3basics.sty
Package: l3basics 2014/01/04 v4642 L3 Basic definitions
)
(/usr/local/texlive/2013/texmf-dist/tex/latex/l3kernel/l3expan.sty
Package: l3expan 2014/01/04 v4642 L3 Argument expansion
)
(/usr/local/texlive/2013/texmf-dist/tex/latex/l3kernel/l3tl.sty
Package: l3tl 2013/12/27 v4625 L3 Token lists
)
(/usr/local/texlive/2013/texmf-dist/tex/latex/l3kernel/l3seq.sty
Package: l3seq 2013/12/14 v4623 L3 Sequences and stacks
)
(/usr/local/texlive/2013/texmf-dist/tex/latex/l3kernel/l3int.sty
Package: l3int 2013/08/02 v4583 L3 Integers
\c_max_int=\count130
\l_tmpa_int=\count131
\l_tmpb_int=\count132
\g_tmpa_int=\count133
\g_tmpb_int=\count134
)
(/usr/local/texlive/2013/texmf-dist/tex/latex/l3kernel/l3quark.sty
Package: l3quark 2013/12/14 v4623 L3 Quarks
)
(/usr/local/texlive/2013/texmf-dist/tex/latex/l3kernel/l3prg.sty
Package: l3prg 2014/01/04 v4642 L3 Control structures
\g__prg_map_int=\count135
)
(/usr/local/texlive/2013/texmf-dist/tex/latex/l3kernel/l3clist.sty
Package: l3clist 2013/07/28 v4581 L3 Comma separated lists
)
(/usr/local/texlive/2013/texmf-dist/tex/latex/l3kernel/l3token.sty
Package: l3token 2013/08/25 v4587 L3 Experimental token manipulation
)
(/usr/local/texlive/2013/texmf-dist/tex/latex/l3kernel/l3prop.sty
Package: l3prop 2013/12/14 v4623 L3 Property lists
)
(/usr/local/texlive/2013/texmf-dist/tex/latex/l3kernel/l3msg.sty
Package: l3msg 2013/07/28 v4581 L3 Messages
)
(/usr/local/texlive/2013/texmf-dist/tex/latex/l3kernel/l3file.sty
Package: l3file 2013/10/13 v4596 L3 File and I/O operations
\l_iow_line_count_int=\count136
\l__iow_target_count_int=\count137
\l__iow_current_line_int=\count138
\l__iow_current_word_int=\count139
\l__iow_current_indentation_int=\count140
)
(/usr/local/texlive/2013/texmf-dist/tex/latex/l3kernel/l3skip.sty
Package: l3skip 2013/07/28 v4581 L3 Dimensions and skips
\c_zero_dim=\dimen152
\c_max_dim=\dimen153
\l_tmpa_dim=\dimen154
\l_tmpb_dim=\dimen155
\g_tmpa_dim=\dimen156
\g_tmpb_dim=\dimen157
\c_zero_skip=\skip63
\c_max_skip=\skip64
\l_tmpa_skip=\skip65
\l_tmpb_skip=\skip66
\g_tmpa_skip=\skip67
\g_tmpb_skip=\skip68
\c_zero_muskip=\muskip12
\c_max_muskip=\muskip13
\l_tmpa_muskip=\muskip14
\l_tmpb_muskip=\muskip15
\g_tmpa_muskip=\muskip16
\g_tmpb_muskip=\muskip17
)
(/usr/local/texlive/2013/texmf-dist/tex/latex/l3kernel/l3keys.sty
Package: l3keys 2013/12/08 v4614 L3 Experimental key-value interfaces
\g__keyval_level_int=\count141
\l_keys_choice_int=\count142
)
(/usr/local/texlive/2013/texmf-dist/tex/latex/l3kernel/l3fp.sty
Package: l3fp 2014/01/04 v4642 L3 Floating points
\c__fp_leading_shift_int=\count143
\c__fp_middle_shift_int=\count144
\c__fp_trailing_shift_int=\count145
\c__fp_big_leading_shift_int=\count146
\c__fp_big_middle_shift_int=\count147
\c__fp_big_trailing_shift_int=\count148
\c__fp_Bigg_leading_shift_int=\count149
\c__fp_Bigg_middle_shift_int=\count150
\c__fp_Bigg_trailing_shift_int=\count151
)
(/usr/local/texlive/2013/texmf-dist/tex/latex/l3kernel/l3box.sty
Package: l3box 2013/07/28 v4581 L3 Experimental boxes
\c_empty_box=\box34
\l_tmpa_box=\box35
\l_tmpb_box=\box36
\g_tmpa_box=\box37
\g_tmpb_box=\box38
)
(/usr/local/texlive/2013/texmf-dist/tex/latex/l3kernel/l3coffins.sty
Package: l3coffins 2013/12/14 v4624 L3 Coffin code layer
\l__coffin_internal_box=\box39
\l__coffin_internal_dim=\dimen158
\l__coffin_offset_x_dim=\dimen159
\l__coffin_offset_y_dim=\dimen160
\l__coffin_x_dim=\dimen161
\l__coffin_y_dim=\dimen162
\l__coffin_x_prime_dim=\dimen163
\l__coffin_y_prime_dim=\dimen164
\c_empty_coffin=\box40
\l__coffin_aligned_coffin=\box41
\l__coffin_aligned_internal_coffin=\box42
\l_tmpa_coffin=\box43
\l_tmpb_coffin=\box44
\l__coffin_display_coffin=\box45
\l__coffin_display_coord_coffin=\box46
\l__coffin_display_pole_coffin=\box47
\l__coffin_display_offset_dim=\dimen165
\l__coffin_display_x_dim=\dimen166
\l__coffin_display_y_dim=\dimen167
)
(/usr/local/texlive/2013/texmf-dist/tex/latex/l3kernel/l3color.sty
Package: l3color 2012/08/29 v4156 L3 Experimental color support
)
(/usr/local/texlive/2013/texmf-dist/tex/latex/l3kernel/l3luatex.sty
Package: l3luatex 2013/07/28 v4581 L3 Experimental LuaTeX-specific functions
\g__cctab_allocate_int=\count152
\g__cctab_stack_int=\count153
)
(/usr/local/texlive/2013/texmf-dist/tex/latex/l3kernel/l3candidates.sty
Package: l3candidates 2014/01/06 v4643 L3 Experimental additions to l3kernel
\l__box_top_dim=\dimen168
\l__box_bottom_dim=\dimen169
\l__box_left_dim=\dimen170
\l__box_right_dim=\dimen171
\l__box_top_new_dim=\dimen172
\l__box_bottom_new_dim=\dimen173
\l__box_left_new_dim=\dimen174
\l__box_right_new_dim=\dimen175
\l__box_internal_box=\box48
\l__coffin_bounding_shift_dim=\dimen176
\l__coffin_left_corner_dim=\dimen177
\l__coffin_right_corner_dim=\dimen178
\l__coffin_bottom_corner_dim=\dimen179
\l__coffin_top_corner_dim=\dimen180
\l__coffin_scaled_total_height_dim=\dimen181
\l__coffin_scaled_width_dim=\dimen182
))
Package: flexisym 2013/03/16 v0.97c Make math characters macros
LaTeX Info: Redefining \textprime on input line 296.
LaTeX Info: Redefining \not on input line 354.

(/usr/local/texlive/2013/texmf-dist/tex/latex/mh/cmbase.sym
File: cmbase.sym 2007/12/19 v0.92
LaTeX Info: Redefining \hbar on input line 323.
LaTeX Info: Redefining \surd on input line 325.
LaTeX Info: Redefining \angle on input line 333.
LaTeX Info: Redefining \neq on input line 334.
LaTeX Info: Redefining \mapsto on input line 335.
LaTeX Info: Redefining \cong on input line 336.
LaTeX Info: Redefining \notin on input line 339.
LaTeX Info: Redefining \rightleftharpoons on input line 340.
LaTeX Info: Redefining \doteq on input line 341.
LaTeX Info: Redefining \hookrightarrow on input line 342.
LaTeX Info: Redefining \hookleftarrow on input line 343.
LaTeX Info: Redefining \bowtie on input line 344.
LaTeX Info: Redefining \models on input line 345.
LaTeX Info: Redefining \Longrightarrow on input line 346.
LaTeX Info: Redefining \longrightarrow on input line 347.
LaTeX Info: Redefining \Longleftarrow on input line 348.
LaTeX Info: Redefining \longleftarrow on input line 349.
LaTeX Info: Redefining \longmapsto on input line 350.
LaTeX Info: Redefining \longleftrightarrow on input line 351.
LaTeX Info: Redefining \Longleftrightarrow on input line 352.
LaTeX Info: Redefining \cdots on input line 356.
LaTeX Info: Redefining \vdots on input line 359.
LaTeX Info: Redefining \ddots on input line 364.
)
(/usr/local/texlive/2013/texmf-dist/tex/latex/mh/mathstyle.sty
Package: mathstyle 2011/08/03 v0.90 Tracking mathstyle implicitly
LaTeX Info: Redefining \displaystyle on input line 81.
LaTeX Info: Redefining \textstyle on input line 83.
LaTeX Info: Redefining \scriptstyle on input line 85.
LaTeX Info: Redefining \scriptscriptstyle on input line 87.
LaTeX Info: Redefining \genfrac on input line 121.
))
(/usr/local/texlive/2013/texmf-dist/tex/latex/natbib/natbib.sty
Package: natbib 2010/09/13 8.31b (PWD, AO)
\bibhang=\skip69
\bibsep=\skip70
LaTeX Info: Redefining \cite on input line 694.
\c@NAT@ctr=\count154
)
Package hyperref Info: Option `colorlinks' set `true' on input line 31.


LaTeX Warning: Unused global option(s):
    [letter].

(./thesis.v0.14.aux

Package natbib Warning: Citation `Roach1995' multiply defined.


Package natbib Warning: Citation `Shingleton2003' multiply defined.


Package natbib Warning: Citation `Purandare2014b' multiply defined.


Package natbib Warning: Citation `Watson1953a' multiply defined.


Package natbib Warning: Citation `Watson2012a' multiply defined.


Package natbib Warning: Citation `Sanger1975a' multiply defined.


Package natbib Warning: Citation `Sanger1977b' multiply defined.


Package natbib Warning: Citation `Maxam1977a' multiply defined.


Package natbib Warning: Citation `Cordell1980a' multiply defined.


Package natbib Warning: Citation `Sanger1978a' multiply defined.


Package natbib Warning: Citation `Benson2011a' multiply defined.


Package natbib Warning: Citation `Lander2011a' multiply defined.


Package natbib Warning: Citation `Venter2001' multiply defined.


Package natbib Warning: Citation `Venter2008a' multiply defined.


Package natbib Warning: Citation `Staden1979' multiply defined.


Package natbib Warning: Citation `Hattori2005a' multiply defined.


Package natbib Warning: Citation `Brenner2000a' multiply defined.


Package natbib Warning: Citation `Ronaghi1998a' multiply defined.


Package natbib Warning: Citation `Shendure2005' multiply defined.


Package natbib Warning: Citation `Nakano2003a' multiply defined.


Package natbib Warning: Citation `Bentley2008' multiply defined.


Package natbib Warning: Citation `Velculescu1995a' multiply defined.


Package natbib Warning: Citation `Shendure2008' multiply defined.


Package natbib Warning: Citation `Marioni2008' multiply defined.


Package natbib Warning: Citation `Mortazavi2008' multiply defined.


Package natbib Warning: Citation `Nagalakshmi2008' multiply defined.


Package natbib Warning: Citation `Lister2008' multiply defined.


Package natbib Warning: Citation `Barrett2013' multiply defined.


Package natbib Warning: Citation `Blencowe2009' multiply defined.


Package natbib Warning: Citation `Li2011' multiply defined.


Package natbib Warning: Citation `Trapnell2010' multiply defined.

)
\openout1 = `thesis.v0.14.aux'.

LaTeX Font Info:    Checking defaults for OML/cmm/m/it on input line 54.
LaTeX Font Info:    ... okay on input line 54.
LaTeX Font Info:    Checking defaults for T1/cmr/m/n on input line 54.
LaTeX Font Info:    ... okay on input line 54.
LaTeX Font Info:    Checking defaults for OT1/cmr/m/n on input line 54.
LaTeX Font Info:    ... okay on input line 54.
LaTeX Font Info:    Checking defaults for OMS/cmsy/m/n on input line 54.
LaTeX Font Info:    ... okay on input line 54.
LaTeX Font Info:    Checking defaults for OMX/cmex/m/n on input line 54.
LaTeX Font Info:    ... okay on input line 54.
LaTeX Font Info:    Checking defaults for U/cmr/m/n on input line 54.
LaTeX Font Info:    ... okay on input line 54.
LaTeX Font Info:    Checking defaults for PD1/pdf/m/n on input line 54.
LaTeX Font Info:    ... okay on input line 54.
LaTeX Font Info:    Checking defaults for PU/pdf/m/n on input line 54.
LaTeX Font Info:    ... okay on input line 54.
LaTeX Font Info:    Try loading font information for T1+phv on input line 54.
 (/usr/local/texlive/2013/texmf-dist/tex/latex/psnfss/t1phv.fd
File: t1phv.fd 2001/06/04 scalable font definitions for T1/phv.
)
Package caption Info: Begin \AtBeginDocument code.
Package caption Info: float package is loaded.
Package caption Info: hyperref package is loaded.
Package caption Info: listings package is loaded.
Package caption Info: rotating package is loaded.
Package caption Info: End \AtBeginDocument code.

(/usr/local/texlive/2013/texmf-dist/tex/context/base/supp-pdf.mkii
[Loading MPS to PDF converter (version 2006.09.02).]
\scratchcounter=\count155
\scratchdimen=\dimen183
\scratchbox=\box49
\nofMPsegments=\count156
\nofMParguments=\count157
\everyMPshowfont=\toks35
\MPscratchCnt=\count158
\MPscratchDim=\dimen184
\MPnumerator=\count159
\makeMPintoPDFobject=\count160
\everyMPtoPDFconversion=\toks36
)
\c@lstlisting=\count161
\AtBeginShipoutBox=\box50
 (/usr/local/texlive/2013/texmf-dist/tex/latex/graphics/color.sty
Package: color 2005/11/14 v1.0j Standard LaTeX Color (DPC)

(/usr/local/texlive/2013/texmf-dist/tex/latex/latexconfig/color.cfg
File: color.cfg 2007/01/18 v1.5 color configuration of teTeX/TeXLive
)
Package color Info: Driver file: pdftex.def on input line 130.
)
Package hyperref Info: Link coloring ON on input line 54.

(/usr/local/texlive/2013/texmf-dist/tex/latex/hyperref/nameref.sty
Package: nameref 2012/10/27 v2.43 Cross-referencing by name of section

(/usr/local/texlive/2013/texmf-dist/tex/generic/oberdiek/gettitlestring.sty
Package: gettitlestring 2010/12/03 v1.4 Cleanup title references (HO)
)
\c@section@level=\count162
)
LaTeX Info: Redefining \ref on input line 54.
LaTeX Info: Redefining \pageref on input line 54.
LaTeX Info: Redefining \nameref on input line 54.

(./thesis.v0.14.out) (./thesis.v0.14.out)
\@outlinefile=\write3
\openout3 = `thesis.v0.14.out'.

 [1



{/usr/local/texlive/2013/texmf-var/fonts/map/pdftex/updmap/pdftex.map}] [1

]
------------------------------------------------------------------------------
 Abstract Page
------------------------------------------------------------------------------
LaTeX Font Info:    Font shape `T1/phv/m/it' in size <24.88> not available
(Font)              Font shape `T1/phv/m/sl' tried instead on input line 135.
LaTeX Font Info:    Font shape `T1/phv/bx/n' in size <12> not available
(Font)              Font shape `T1/phv/b/n' tried instead on input line 135.
[3

]
------------------------------------------------------------------------------
 Acknowledgements
------------------------------------------------------------------------------
[4

]
LaTeX Font Info:    Try loading font information for OMS+phv on input line 175.

 (/usr/local/texlive/2013/texmf-dist/tex/latex/psnfss/omsphv.fd
File: omsphv.fd 
)
LaTeX Font Info:    Font shape `OMS/phv/m/n' in size <12> not available
(Font)              Font shape `OMS/cmsy/m/n' tried instead on input line 175.
 [5]
------------------------------------------------------------------------------
 Table of Contents
------------------------------------------------------------------------------
LaTeX Font Info:    Font shape `T1/phv/bx/n' in size <24.88> not available
(Font)              Font shape `T1/phv/b/n' tried instead on input line 186.
(./thesis.v0.14.toc
LaTeX Font Info:    Try loading font information for U+msa on input line 14.

(/usr/local/texlive/2013/texmf-dist/tex/latex/amsfonts/umsa.fd
File: umsa.fd 2013/01/14 v3.01 AMS symbols A
)
LaTeX Font Info:    Try loading font information for U+msb on input line 14.

(/usr/local/texlive/2013/texmf-dist/tex/latex/amsfonts/umsb.fd
File: umsb.fd 2013/01/14 v3.01 AMS symbols B
) [6


])
\tf@toc=\write4
\openout4 = `thesis.v0.14.toc'.

LaTeX Font Info:    Font shape `T1/phv/m/it' in size <12> not available
(Font)              Font shape `T1/phv/m/sl' tried instead on input line 186.
 [7]
------------------------------------------------------------------------------
 List of Figures
------------------------------------------------------------------------------
(./thesis.v0.14.lof)
\tf@lof=\write5
\openout5 = `thesis.v0.14.lof'.

 [8


]
------------------------------------------------------------------------------
 List of Tables
------------------------------------------------------------------------------
(./thesis.v0.14.lot)
\tf@lot=\write6
\openout6 = `thesis.v0.14.lot'.

 [9


]
------------------------------------------------------------------------------
 Abreviations
------------------------------------------------------------------------------
LaTeX Font Info:    Font shape `T1/phv/m/it' in size <14.4> not available
(Font)              Font shape `T1/phv/m/sl' tried instead on input line 198.
[10


]
------------------------------------------------------------------------------
 Symbols
------------------------------------------------------------------------------
[11


]
------------------------------------------------------------------------------
 Definitions
------------------------------------------------------------------------------

Overfull \hbox (7.41728pt too wide) in paragraph at lines 249--251
\T1/phv/m/n/12 The se-quence of nu-cleotides pro-duced from each spot on a high
-throughput
 []

[12

] [13]
------------------------------------------------------------------------------
 Dedicatory
------------------------------------------------------------------------------
[14

]
------------------------------------------------------------------------------
 Preface
------------------------------------------------------------------------------
[15


] (./Chapters/Chapter1-Introduction.tex
Chapter 1.
------------------------------------------------------------------------------
 1 Introduction
------------------------------------------------------------------------------
LaTeX Font Info:    Font shape `T1/phv/bx/n' in size <17.28> not available
(Font)              Font shape `T1/phv/b/n' tried instead on input line 11.
LaTeX Font Info:    Font shape `T1/phv/m/it' in size <8> not available
(Font)              Font shape `T1/phv/m/sl' tried instead on input line 22.
[1



] [2] <Figures/DesertLocust.jpeg, id=180, 357.335pt x 420.57124pt>
File: Figures/DesertLocust.jpeg Graphic file (type jpg)

<use Figures/DesertLocust.jpeg>
Package pdftex.def Info: Figures/DesertLocust.jpeg used on input line 38.
(pdftex.def)             Requested size: 357.33412pt x 420.57022pt.

Overfull \hbox (2.52693pt too wide) in paragraph at lines 38--38
 [] 
 []

LaTeX Font Info:    Font shape `T1/phv/m/it' in size <10.95> not available
(Font)              Font shape `T1/phv/m/sl' tried instead on input line 38.
[3] [4 <./Figures/DesertLocust.jpeg>] [5] [6] [7]
<Figures/Sequencing_costs_over_time.pdf, id=271, 361.68425pt x 156.91924pt>
File: Figures/Sequencing_costs_over_time.pdf Graphic file (type pdf)

<use Figures/Sequencing_costs_over_time.pdf>
Package pdftex.def Info: Figures/Sequencing_costs_over_time.pdf used on input l
ine 80.
(pdftex.def)             Requested size: 361.68336pt x 156.91884pt.

Overfull \hbox (2.52693pt too wide) in paragraph at lines 80--80
 [] 
 []

LaTeX Font Info:    Try loading font information for T1+cmtt on input line 80.
(/usr/local/texlive/2013/texmf-dist/tex/latex/base/t1cmtt.fd
File: t1cmtt.fd 1999/05/25 v2.5h Standard LaTeX font definitions
)
Overfull \hbox (2.19852pt too wide) in paragraph at lines 92--94
\T1/phv/m/n/12 ing by proxy of cDNA molecules was Se-rial Anal-y-sis of Gene Ex
-pres-sion (SAGE)
 []

[8] [9 <./Figures/Sequencing_costs_over_time.pdf>]
<Figures/RNA_Sequencing_methodologies.pdf, id=327, 419.83047pt x 311.1625pt>
File: Figures/RNA_Sequencing_methodologies.pdf Graphic file (type pdf)

<use Figures/RNA_Sequencing_methodologies.pdf>
Package pdftex.def Info: Figures/RNA_Sequencing_methodologies.pdf used on input
 line 102.
(pdftex.def)             Requested size: 419.82944pt x 311.16174pt.

Overfull \hbox (2.35637pt too wide) in paragraph at lines 102--102
 [][] 
 []


Overfull \hbox (2.52693pt too wide) in paragraph at lines 102--102
 [] 
 []

[10] [11 <./Figures/RNA_Sequencing_methodologies.pdf>]

LaTeX Warning: Reference `fig:FigLabel' on page 12 undefined on input line 106.


(./thesis.v0.14.bbl [12

]
Underfull \hbox (badness 1281) in paragraph at lines 17--22
[]\T1/phv/m/n/12 AW Shin-gle-ton, GC Sisk, and DL Stern.  Di-a-pause in the pea
 aphid
 []

[13

]
Underfull \hbox (badness 2326) in paragraph at lines 59--66
\T1/phv/m/n/12 8424.  URL [][]$\T1/cmtt/m/n/12 http : / / www . pubmedcentral .
 nih . gov / articlerender . fcgi ?
 []


Underfull \hbox (badness 2478) in paragraph at lines 77--84
[]\T1/phv/m/n/12 GI I Bell, RL L Pictet, WJ J Rut-ter, Bar-bara Cordell, Ed-mun
d Tis-
 []


Underfull \hbox (badness 5908) in paragraph at lines 77--84
\T1/phv/m/n/12 cher, and Howard M. Good-man.  Se-quence of the hu-man in-
 []


Underfull \hbox (badness 2753) in paragraph at lines 77--84
\T1/phv/m/n/12 sulin gene.  \T1/phv/m/sl/12 Na-ture\T1/phv/m/n/12 , 284(5751):2
6--32, March 1980.  ISSN 0028-
 []

[14]
Underfull \hbox (badness 1953) in paragraph at lines 97--106
\T1/phv/m/n/12 is-sue):D32--7, Jan-uary 2011.  ISSN 1362-4962.  doi: $\T1/cmr/m
/n/12 10 . 1093 / nar /
 []

[15] [16]
Underfull \hbox (badness 2326) in paragraph at lines 192--198
[]\T1/phv/m/n/12 JC Ven-ter.  \T1/phv/m/sl/12 A life de-coded: my genome, my li
fe\T1/phv/m/n/12 .  Pen-guin (Non-
 []


Underfull \hbox (badness 1616) in paragraph at lines 192--198
\T1/phv/m/n/12 Classics), 2007.  ISBN 0143114182.  URL [][]$\T1/cmtt/m/n/12 htt
p : / / www . amazon . com /
 []


Underfull \hbox (badness 10000) in paragraph at lines 192--198
\T1/cmtt/m/n/12 Life-[]Decoded-[]My-[]Genome / dp / B002HREL9Khttp : / / books 
. google . com /
 []


Underfull \hbox (badness 10000) in paragraph at lines 192--198
\T1/cmtt/m/n/12 books ? hl = en & lr = &id = jx9JsHry1PgC & oi = fnd & pg = PA1
 & dq = A + Life + Decoded :
 []


Underfull \hbox (badness 10000) in paragraph at lines 192--198
\T1/cmtt/m/n/12 +My + Genome : +My + Life & ots = Hqq64xIjzP & sig = VyT45kqGEI
0bLqNBO8p _
 []

[17]
Underfull \hbox (badness 2401) in paragraph at lines 200--206
[]\T1/phv/m/n/12 R Staden.  A strat-egy of DNA se-quenc-ing em-ploy-ing com-put
er pro-
 []


Underfull \hbox (badness 5924) in paragraph at lines 200--206
\T1/phv/m/n/12 grams.  \T1/phv/m/sl/12 Nu-cleic Acids Re-search\T1/phv/m/n/12 ,
 6(7):2601--2610, 1979.  URL
 []


Underfull \hbox (badness 10000) in paragraph at lines 200--206
[][]$\T1/cmtt/m/n/12 http : / / www . ncbi . nlm . nih . gov / pmc / articles /
 PMC327874 / http :
 []


Underfull \hbox (badness 10000) in paragraph at lines 208--214
\T1/cmtt/m/n/12 15704464http : / / www . nature . com / nature / journal / v431
 / n7011 / abs /
 []

[18]
Underfull \hbox (badness 1082) in paragraph at lines 286--338
\T1/cmr/m/n/12 nature07517$\T1/phv/m/n/12 .  URL [][]$\T1/cmtt/m/n/12 http : / 
/ www . pubmedcentral . nih . gov / articlerender .
 []

[19] [20] [21] [22]
Underfull \hbox (badness 1546) in paragraph at lines 381--391
[]\T1/phv/m/n/12 Ugrappa Na-galak-shmi, Zhong Wang, Karl Waern, Chong Shou, De-
ba-
 []


Underfull \hbox (badness 1496) in paragraph at lines 381--391
\T1/phv/m/n/12 sish Raha, Mark Ger-stein, and Michael Sny-der.  The tran-scrip-
tional
 []


Underfull \hbox (badness 5519) in paragraph at lines 381--391
\T1/cmr/m/n/12 10 . 1126 / science . 1158441$\T1/phv/m/n/12 .  URL [][]$\T1/cmt
t/m/n/12 http : / / www . ncbi . nlm . nih . gov / pubmed /
 []


Underfull \hbox (badness 10000) in paragraph at lines 381--391
\T1/cmtt/m/n/12 18451266http : / / www . pubmedcentral . nih . gov / articleren
der . fcgi ?
 []


Underfull \hbox (badness 1509) in paragraph at lines 394--403
[]\T1/phv/m/n/12 Ryan Lis-ter, Ro-nan C O'Malley, Ju-lian Tonti-Filippini, Bria
n D Gre-gory,
 []


Underfull \hbox (badness 10000) in paragraph at lines 394--403
\T1/phv/m/n/12 URL [][]$\T1/cmtt/m/n/12 http : / / www . ncbi . nlm . nih . gov
 / pubmed / 18423832http : / / www .
 []


Underfull \hbox (badness 10000) in paragraph at lines 394--403
\T1/cmtt/m/n/12 pubmedcentral . nih . gov / articlerender . fcgi ? artid = 2723
732 & tool =
 []


Underfull \hbox (badness 2884) in paragraph at lines 407--418
[]\T1/phv/m/n/12 Tanya Bar-rett, Stephen E Wil-hite, Pierre Ledoux, Car-los Eva
n-ge-lista,
 []


Underfull \hbox (badness 1237) in paragraph at lines 407--418
\T1/phv/m/n/12 Irene F Kim, Maxim Toma-shevsky, Kim-berly a Mar-shall, Kather-i
ne H
 []


Underfull \hbox (badness 1448) in paragraph at lines 407--418
\T1/phv/m/n/12 Lee, Naigong Zhang, Cyn-thia L Robert-son, Nadezhda Serova, Sean

 []


Underfull \hbox (badness 2119) in paragraph at lines 407--418
\T1/phv/m/n/12 Davis, and Alexan-dra Sobol-eva.  NCBI GEO: archive for func-tio
nal
 []


Underfull \hbox (badness 2150) in paragraph at lines 407--418
\T1/phv/m/n/12 sue):D991--5, Jan-uary 2013.  ISSN 1362-4962.  doi: $\T1/cmr/m/n
/12 10 . 1093 / nar /
 []

[23]
Underfull \hbox (badness 1762) in paragraph at lines 431--441
[]\T1/phv/m/n/12 Mingyao Li, Is-abel X Wang, Yun Li, Alan Bruzel, Al-li-son L R
ichards,
 []


Underfull \hbox (badness 1448) in paragraph at lines 444--453
\T1/phv/m/n/12 Mar-i-jke J van Baren, Steven L Salzberg, Bar-bara J Wold, and L
ior
 []

[24])) (./Appendices/AppendixA.tex [25]
Appendix A.
------------------------------------------------------------------------------
 A Appendix Title Here
------------------------------------------------------------------------------
) [26

]
------------------------------------------------------------------------------
 Bibliography
------------------------------------------------------------------------------
(./thesis.v0.14.bblpdfTeX warning (ext4): destination with the same identifier 
(name{cite.Roach1995}) has been already used, duplicate ignored
<to be read again> 
                   \relax 
l.8 ...h, Boysen, Wang, Hood, and Wang]{Roach1995}
                                                  pdfTeX warning (ext4): destin
ation with the same identifier (name{cite.Shingleton2003}) has been already use
d, duplicate ignored
<to be read again> 
                   \relax 
l.16 ...ingleton, Sisk, and Stern]{Shingleton2003}
                                                  
Underfull \hbox (badness 1281) in paragraph at lines 17--22
[]\T1/phv/m/n/12 AW Shin-gle-ton, GC Sisk, and DL Stern.  Di-a-pause in the pea
 aphid
 []

pdfTeX warning (ext4): destination with the same identifier (name{cite.Purandar
e2014b}) has been already used, duplicate ignored
<to be read again> 
                   \relax 
l.24   Brisson]{Purandare2014b}
                               pdfTeX warning (ext4): destination with the same
 identifier (name{cite.Watson1953a}) has been already used, duplicate ignored
<to be read again> 
                   \relax 
l.34 \bibitem[Watson and Crick(1953)]{Watson1953a}
                                                  pdfTeX warning (ext4): destin
ation with the same identifier (name{cite.Watson2012a}) has been already used, 
duplicate ignored
<to be read again> 
                   \relax 
l.41 ...)Watson, Gann, and Witkowski]{Watson2012a}
                                                  pdfTeX warning (ext4): destin
ation with the same identifier (name{cite.Sanger1975a}) has been already used, 
duplicate ignored
<to be read again> 
                   \relax 
l.49 ...tem[Sanger and Coulson(1975)]{Sanger1975a}
                                                  pdfTeX warning (ext4): destin
ation with the same identifier (name{cite.Sanger1977b}) has been already used, 
duplicate ignored
<to be read again> 
                   \relax 
l.58 ...Sanger, Nicklen, and Coulson]{Sanger1977b}
                                                  
Underfull \hbox (badness 2326) in paragraph at lines 59--66
\T1/phv/m/n/12 8424.  URL [][]$\T1/cmtt/m/n/12 http : / / www . pubmedcentral .
 nih . gov / articlerender . fcgi ?
 []

[27


]pdfTeX warning (ext4): destination with the same identifier (name{cite.Maxam19
77a}) has been already used, duplicate ignored
<to be read again> 
                   \relax 
l.67 \bibitem[Maxam and Gilbert(1992)]{Maxam1977a}
                                                  pdfTeX warning (ext4): destin
ation with the same identifier (name{cite.Cordell1980a}) has been already used,
 duplicate ignored
<to be read again> 
                   \relax 
l.76   Goodman]{Cordell1980a}
                             
Underfull \hbox (badness 2478) in paragraph at lines 77--84
[]\T1/phv/m/n/12 GI I Bell, RL L Pictet, WJ J Rut-ter, Bar-bara Cordell, Ed-mun
d Tis-
 []


Underfull \hbox (badness 5908) in paragraph at lines 77--84
\T1/phv/m/n/12 cher, and Howard M. Good-man.  Se-quence of the hu-man in-
 []


Underfull \hbox (badness 2753) in paragraph at lines 77--84
\T1/phv/m/n/12 sulin gene.  \T1/phv/m/sl/12 Na-ture\T1/phv/m/n/12 , 284(5751):2
6--32, March 1980.  ISSN 0028-
 []

pdfTeX warning (ext4): destination with the same identifier (name{cite.Sanger19
78a}) has been already used, duplicate ignored
<to be read again> 
                   \relax 
l.86 ...tchison, Slocombe, and Smith]{Sanger1978a}
                                                  pdfTeX warning (ext4): destin
ation with the same identifier (name{cite.Benson2011a}) has been already used, 
duplicate ignored
<to be read again> 
                   \relax 
l.96   Sayers]{Benson2011a}
                           
Underfull \hbox (badness 1953) in paragraph at lines 97--106
\T1/phv/m/n/12 is-sue):D32--7, Jan-uary 2011.  ISSN 1362-4962.  doi: $\T1/cmr/m
/n/12 10 . 1093 / nar /
 []

pdfTeX warning (ext4): destination with the same identifier (name{cite.Lander20
11a}) has been already used, duplicate ignored
<to be read again> 
                   \relax 
l.107 \bibitem[Lander(2011)]{Lander2011a}
                                         pdfTeX warning (ext4): destination wit
h the same identifier (name{cite.Venter2001}) has been already used, duplicate 
ignored
<to be read again> 
                   \relax 
l.145   Zandieh, and Zhu]{Venter2001}
                                      [28]pdfTeX warning (ext4): destination wi
th the same identifier (name{cite.Venter2008a}) has been already used, duplicat
e ignored
<to be read again> 
                   \relax 
l.191 \bibitem[Venter(2007)]{Venter2008a}
                                         
Underfull \hbox (badness 2326) in paragraph at lines 192--198
[]\T1/phv/m/n/12 JC Ven-ter.  \T1/phv/m/sl/12 A life de-coded: my genome, my li
fe\T1/phv/m/n/12 .  Pen-guin (Non-
 []


Underfull \hbox (badness 1616) in paragraph at lines 192--198
\T1/phv/m/n/12 Classics), 2007.  ISBN 0143114182.  URL [][]$\T1/cmtt/m/n/12 htt
p : / / www . amazon . com /
 []


Underfull \hbox (badness 10000) in paragraph at lines 192--198
\T1/cmtt/m/n/12 Life-[]Decoded-[]My-[]Genome / dp / B002HREL9Khttp : / / books 
. google . com /
 []


Underfull \hbox (badness 10000) in paragraph at lines 192--198
\T1/cmtt/m/n/12 books ? hl = en & lr = &id = jx9JsHry1PgC & oi = fnd & pg = PA1
 & dq = A + Life + Decoded :
 []


Underfull \hbox (badness 10000) in paragraph at lines 192--198
\T1/cmtt/m/n/12 +My + Genome : +My + Life & ots = Hqq64xIjzP & sig = VyT45kqGEI
0bLqNBO8p _
 []

pdfTeX warning (ext4): destination with the same identifier (name{cite.Staden19
79}) has been already used, duplicate ignored
<to be read again> 
                   \relax 
l.199 \bibitem[Staden(1979)]{Staden1979}
                                        
Underfull \hbox (badness 2401) in paragraph at lines 200--206
[]\T1/phv/m/n/12 R Staden.  A strat-egy of DNA se-quenc-ing em-ploy-ing com-put
er pro-
 []


Underfull \hbox (badness 5924) in paragraph at lines 200--206
\T1/phv/m/n/12 grams.  \T1/phv/m/sl/12 Nu-cleic Acids Re-search\T1/phv/m/n/12 ,
 6(7):2601--2610, 1979.  URL
 []


Underfull \hbox (badness 10000) in paragraph at lines 200--206
[][]$\T1/cmtt/m/n/12 http : / / www . ncbi . nlm . nih . gov / pmc / articles /
 PMC327874 / http :
 []

pdfTeX warning (ext4): destination with the same identifier (name{cite.Hattori2
005a}) has been already used, duplicate ignored
<to be read again> 
                   \relax 
l.207 \bibitem[Consortium(2004)]{Hattori2005a}
                                              
Underfull \hbox (badness 10000) in paragraph at lines 208--214
\T1/cmtt/m/n/12 15704464http : / / www . nature . com / nature / journal / v431
 / n7011 / abs /
 []

[29]pdfTeX warning (ext4): destination with the same identifier (name{cite.Bren
ner2000a}) has been already used, duplicate ignored
<to be read again> 
                   \relax 
l.218   Corcoran]{Brenner2000a}
                               pdfTeX warning (ext4): destination with the same
 identifier (name{cite.Ronaghi1998a}) has been already used, duplicate ignored
<to be read again> 
                   \relax 
l.231 ..., Uhl\'{e}n, and Nyr\'{e}n]{Ronaghi1998a}
                                                  pdfTeX warning (ext4): destin
ation with the same identifier (name{cite.Shendure2005}) has been already used,
 duplicate ignored
<to be read again> 
                   \relax 
l.237 ..., Zhang, Mitra, and Church]{Shendure2005}
                                                  pdfTeX warning (ext4): destin
ation with the same identifier (name{cite.Nakano2003a}) has been already used, 
duplicate ignored
<to be read again> 
                   \relax 
l.250   Mizuno]{Nakano2003a}
                            pdfTeX warning (ext4): destination with the same id
entifier (name{cite.Bentley2008}) has been already used, duplicate ignored
<to be read again> 
                   \relax 
l.285   Smith]{Bentley2008}
                           
Underfull \hbox (badness 1082) in paragraph at lines 286--338
\T1/cmr/m/n/12 nature07517$\T1/phv/m/n/12 .  URL [][]$\T1/cmtt/m/n/12 http : / 
/ www . pubmedcentral . nih . gov / articlerender .
 []

[30]pdfTeX warning (ext4): destination with the same identifier (name{cite.Velc
ulescu1995a}) has been already used, duplicate ignored
<to be read again> 
                   \relax 
l.340   Kinzler]{Velculescu1995a}
                                 pdfTeX warning (ext4): destination with the sa
me identifier (name{cite.Shendure2008}) has been already used, duplicate ignore
d
<to be read again> 
                   \relax 
l.348 ...item[Shendure and Ji(2008)]{Shendure2008}
                                                   [31]pdfTeX warning (ext4): d
estination with the same identifier (name{cite.Marioni2008}) has been already u
sed, duplicate ignored
<to be read again> 
                   \relax 
l.356   Gilad]{Marioni2008}
                           pdfTeX warning (ext4): destination with the same ide
ntifier (name{cite.Mortazavi2008}) has been already used, duplicate ignored
<to be read again> 
                   \relax 
l.369   Wold]{Mortazavi2008}
                            pdfTeX warning (ext4): destination with the same id
entifier (name{cite.Nagalakshmi2008}) has been already used, duplicate ignored
<to be read again> 
                   \relax 
l.380   Gerstein, and Snyder]{Nagalakshmi2008}
                                              
Underfull \hbox (badness 1546) in paragraph at lines 381--391
[]\T1/phv/m/n/12 Ugrappa Na-galak-shmi, Zhong Wang, Karl Waern, Chong Shou, De-
ba-
 []


Underfull \hbox (badness 1496) in paragraph at lines 381--391
\T1/phv/m/n/12 sish Raha, Mark Ger-stein, and Michael Sny-der.  The tran-scrip-
tional
 []


Underfull \hbox (badness 5519) in paragraph at lines 381--391
\T1/cmr/m/n/12 10 . 1126 / science . 1158441$\T1/phv/m/n/12 .  URL [][]$\T1/cmt
t/m/n/12 http : / / www . ncbi . nlm . nih . gov / pubmed /
 []


Underfull \hbox (badness 10000) in paragraph at lines 381--391
\T1/cmtt/m/n/12 18451266http : / / www . pubmedcentral . nih . gov / articleren
der . fcgi ?
 []

pdfTeX warning (ext4): destination with the same identifier (name{cite.Lister20
08}) has been already used, duplicate ignored
<to be read again> 
                   \relax 
l.393   Millar, and Ecker]{Lister2008}
                                      
Underfull \hbox (badness 1509) in paragraph at lines 394--403
[]\T1/phv/m/n/12 Ryan Lis-ter, Ro-nan C O'Malley, Ju-lian Tonti-Filippini, Bria
n D Gre-gory,
 []


Underfull \hbox (badness 10000) in paragraph at lines 394--403
\T1/phv/m/n/12 URL [][]$\T1/cmtt/m/n/12 http : / / www . ncbi . nlm . nih . gov
 / pubmed / 18423832http : / / www .
 []


Underfull \hbox (badness 10000) in paragraph at lines 394--403
\T1/cmtt/m/n/12 pubmedcentral . nih . gov / articlerender . fcgi ? artid = 2723
732 & tool =
 []

pdfTeX warning (ext4): destination with the same identifier (name{cite.Barrett2
013}) has been already used, duplicate ignored
<to be read again> 
                   \relax 
l.406 ...Serova, Davis, and Soboleva]{Barrett2013}
                                                  
Underfull \hbox (badness 2884) in paragraph at lines 407--418
[]\T1/phv/m/n/12 Tanya Bar-rett, Stephen E Wil-hite, Pierre Ledoux, Car-los Eva
n-ge-lista,
 []


Underfull \hbox (badness 1237) in paragraph at lines 407--418
\T1/phv/m/n/12 Irene F Kim, Maxim Toma-shevsky, Kim-berly a Mar-shall, Kather-i
ne H
 []


Underfull \hbox (badness 1448) in paragraph at lines 407--418
\T1/phv/m/n/12 Lee, Naigong Zhang, Cyn-thia L Robert-son, Nadezhda Serova, Sean

 []


Underfull \hbox (badness 2119) in paragraph at lines 407--418
\T1/phv/m/n/12 Davis, and Alexan-dra Sobol-eva.  NCBI GEO: archive for func-tio
nal
 []


Underfull \hbox (badness 2150) in paragraph at lines 407--418
\T1/phv/m/n/12 sue):D991--5, Jan-uary 2013.  ISSN 1362-4962.  doi: $\T1/cmr/m/n
/12 10 . 1093 / nar /
 []

pdfTeX warning (ext4): destination with the same identifier (name{cite.Blencowe
2009}) has been already used, duplicate ignored
<to be read again> 
                   \relax 
l.419 ...9)Blencowe, Ahmad, and Lee]{Blencowe2009}
                                                   [32]pdfTeX warning (ext4): d
estination with the same identifier (name{cite.Li2011}) has been already used, 
duplicate ignored
<to be read again> 
                   \relax 
l.430   Cheung]{Li2011}
                       
Underfull \hbox (badness 1762) in paragraph at lines 431--441
[]\T1/phv/m/n/12 Mingyao Li, Is-abel X Wang, Yun Li, Alan Bruzel, Al-li-son L R
ichards,
 []

pdfTeX warning (ext4): destination with the same identifier (name{cite.Trapnell
2010}) has been already used, duplicate ignored
<to be read again> 
                   \relax 
l.443 ...alzberg, Wold, and Pachter]{Trapnell2010}
                                                  
Underfull \hbox (badness 1448) in paragraph at lines 444--453
\T1/phv/m/n/12 Mar-i-jke J van Baren, Steven L Salzberg, Bar-bara J Wold, and L
ior
 []

)

Package natbib Warning: There were multiply defined citations.

Package atveryend Info: Empty hook `BeforeClearDocument' on input line 339.
[33]
Package atveryend Info: Empty hook `AfterLastShipout' on input line 339.
 (./thesis.v0.14.aux)
Package atveryend Info: Executing hook `AtVeryEndDocument' on input line 339.
Package atveryend Info: Executing hook `AtEndAfterFileList' on input line 339.
Package rerunfilecheck Info: File `thesis.v0.14.out' has not changed.
(rerunfilecheck)             Checksum: 6A751BD58BCF6A839B3FC7FC35FCC6DE;2243.


LaTeX Warning: There were undefined references.

Package atveryend Info: Empty hook `AtVeryVeryEnd' on input line 339.
 ) 
Here is how much of TeX's memory you used:
 18914 strings out of 493308
 300211 string characters out of 6137816
 365428 words of memory out of 5000000
 21953 multiletter control sequences out of 15000+600000
 64032 words of font info for 74 fonts, out of 8000000 for 9000
 957 hyphenation exceptions out of 8191
 49i,12n,45p,10447b,633s stack positions out of 5000i,500n,10000p,200000b,80000s
{/usr/local/texlive/2013/texmf-dist/fonts/enc/dvips/cm-super/cm-super-t1.enc}
{/usr/local/texlive/2013/texmf-dist/fonts/enc/dvips/base/8r.enc}</usr/local/tex
live/2013/texmf-dist/fonts/type1/public/amsfonts/cm/cmmi12.pfb></usr/local/texl
ive/2013/texmf-dist/fonts/type1/public/amsfonts/cm/cmsy10.pfb></usr/local/texli
ve/2013/texmf-dist/fonts/type1/public/amsfonts/cm/cmsy8.pfb></usr/local/texlive
/2013/texmf-dist/fonts/type1/public/cm-super/sfrm1200.pfb></usr/local/texlive/2
013/texmf-dist/fonts/type1/public/cm-super/sftt1095.pfb></usr/local/texlive/201
3/texmf-dist/fonts/type1/public/cm-super/sftt1200.pfb></usr/local/texlive/2013/
texmf-dist/fonts/type1/urw/helvetic/uhvb8a.pfb></usr/local/texlive/2013/texmf-d
ist/fonts/type1/urw/helvetic/uhvr8a.pfb></usr/local/texlive/2013/texmf-dist/fon
ts/type1/urw/helvetic/uhvro8a.pfb>
Output written on thesis.v0.14.pdf (48 pages, 337311 bytes).
PDF statistics:
 649 PDF objects out of 1000 (max. 8388607)
 570 compressed objects within 6 object streams
 106 named destinations out of 1000 (max. 500000)
 144 words of extra memory for PDF output out of 10000 (max. 10000000)

